2025-12-01 11:22:58,231 - fedguard_client - INFO - ============================================================
2025-12-01 11:22:58,232 - fedguard_client - INFO - FEDERATED CLIENT: Client-02
2025-12-01 11:22:58,232 - fedguard_client - INFO - ============================================================
2025-12-01 11:22:58,233 - fedguard_client - INFO - Loading model from C:\Users\Nandini Devi\FedGuard-Project\results\models\ucsd_baseline.h5...
2025-12-01 11:23:09,230 - fedguard_client - INFO - [OK] Model loaded successfully
2025-12-01 11:23:09,230 - fedguard_client - INFO - Connecting to Kafka at localhost:9092 (topic: model-updates)...
2025-12-01 11:23:09,238 - kafka.conn - INFO - <BrokerConnection node_id=bootstrap-0 host=localhost:9092 <connecting> [IPv6 ('::1', 9092, 0, 0)]>: connecting to localhost:9092 [('::1', 9092, 0, 0) IPv6]
2025-12-01 11:23:09,239 - kafka.conn - INFO - Probing node bootstrap-0 broker version
2025-12-01 11:23:09,240 - kafka.conn - INFO - <BrokerConnection node_id=bootstrap-0 host=localhost:9092 <connecting> [IPv6 ('::1', 9092, 0, 0)]>: Connection complete.
2025-12-01 11:23:09,354 - kafka.conn - INFO - Broker version identified as 2.5.0
2025-12-01 11:23:09,354 - kafka.conn - INFO - Set configuration api_version=(2, 5, 0) to skip auto check_version requests on startup
2025-12-01 11:23:09,356 - fedguard_client - INFO - [OK] Kafka producer initialized
2025-12-01 11:23:09,356 - fedguard_client - INFO - Loading frames from: C:\Users\Nandini Devi\Downloads\uropds\UCSD_Anomaly_Dataset.v1p2\UCSDped1\Train\Train002
2025-12-01 11:23:09,357 - fedguard_client - INFO - [OK] Found 200 frames
2025-12-01 11:23:09,358 - fedguard_client - INFO - Frames per update: 16, Train batch size: 4, Image size: 128
2025-12-01 11:23:09,798 - fedguard_client - INFO - 
[Update #1] Collected 16 frames
2025-12-01 11:23:09,800 - fedguard_client - INFO - Performing local training...
2025-12-01 11:23:17,011 - fedguard_client - INFO - [OK] Training complete - Loss: 0.013529, Time: 7.21s
2025-12-01 11:23:18,236 - fedguard_client - INFO - Sending update to Kafka topic: 'model-updates' (payload size: 6505239 bytes, status: trained)...
2025-12-01 11:23:18,250 - kafka.conn - INFO - <BrokerConnection node_id=1 host=localhost:9092 <connecting> [IPv6 ('::1', 9092, 0, 0)]>: connecting to localhost:9092 [('::1', 9092, 0, 0) IPv6]
2025-12-01 11:23:18,251 - kafka.conn - INFO - <BrokerConnection node_id=1 host=localhost:9092 <connecting> [IPv6 ('::1', 9092, 0, 0)]>: Connection complete.
2025-12-01 11:23:18,252 - kafka.conn - INFO - <BrokerConnection node_id=bootstrap-0 host=localhost:9092 <connected> [IPv6 ('::1', 9092, 0, 0)]>: Closing connection. 
2025-12-01 11:23:22,001 - fedguard_client - INFO - [OK] Update sent successfully (Send time: 3.77s)
2025-12-01 11:23:22,001 - fedguard_client - INFO - Total updates sent: 1
2025-12-01 11:23:22,002 - fedguard_client - INFO - Avg training time: 7.21s
2025-12-01 11:23:22,436 - fedguard_client - INFO - 
[Update #2] Collected 16 frames
2025-12-01 11:23:22,438 - fedguard_client - INFO - Performing local training...
2025-12-01 11:23:24,854 - fedguard_client - INFO - [OK] Training complete - Loss: 0.009922, Time: 2.42s
2025-12-01 11:23:25,936 - fedguard_client - INFO - Sending update to Kafka topic: 'model-updates' (payload size: 6505376 bytes, status: trained)...
2025-12-01 11:23:30,770 - fedguard_client - INFO - [OK] Update sent successfully (Send time: 4.83s)
2025-12-01 11:23:30,771 - fedguard_client - INFO - Total updates sent: 2
2025-12-01 11:23:30,772 - fedguard_client - INFO - Avg training time: 4.81s
2025-12-01 11:23:31,223 - fedguard_client - INFO - 
[Update #3] Collected 16 frames
2025-12-01 11:23:31,224 - fedguard_client - INFO - Performing local training...
2025-12-01 11:23:32,446 - fedguard_client - INFO - Keyboard interrupt - shutting down client
2025-12-01 11:23:32,447 - fedguard_client - INFO - Cleaning up client...
2025-12-01 11:23:32,474 - kafka.producer.kafka - INFO - Closing the Kafka producer with 4294967.0 secs timeout.
2025-12-01 11:23:32,475 - kafka.conn - INFO - <BrokerConnection node_id=1 host=localhost:9092 <connected> [IPv6 ('::1', 9092, 0, 0)]>: Closing connection. 
2025-12-01 11:23:32,476 - fedguard_client - INFO - Client Client-02 shut down successfully
