2025-12-01 15:00:14,139 - fedguard_client - INFO - ============================================================
2025-12-01 15:00:14,139 - fedguard_client - INFO - FEDERATED CLIENT: Client-02
2025-12-01 15:00:14,140 - fedguard_client - INFO - ============================================================
2025-12-01 15:00:14,140 - fedguard_client - INFO - Loading model from C:\Users\Nandini Devi\FedGuard-Project\results\models\ucsd_baseline.h5...
2025-12-01 15:00:26,280 - fedguard_client - INFO - [OK] Model loaded successfully
2025-12-01 15:00:26,280 - fedguard_client - INFO - Connecting to Kafka at localhost:9092 (topic: model-updates)...
2025-12-01 15:00:26,288 - kafka.conn - INFO - <BrokerConnection node_id=bootstrap-0 host=localhost:9092 <connecting> [IPv6 ('::1', 9092, 0, 0)]>: connecting to localhost:9092 [('::1', 9092, 0, 0) IPv6]
2025-12-01 15:00:26,289 - kafka.conn - INFO - Probing node bootstrap-0 broker version
2025-12-01 15:00:26,291 - kafka.conn - INFO - <BrokerConnection node_id=bootstrap-0 host=localhost:9092 <connecting> [IPv6 ('::1', 9092, 0, 0)]>: Connection complete.
2025-12-01 15:00:26,404 - kafka.conn - INFO - Broker version identified as 2.5.0
2025-12-01 15:00:26,405 - kafka.conn - INFO - Set configuration api_version=(2, 5, 0) to skip auto check_version requests on startup
2025-12-01 15:00:26,407 - fedguard_client - INFO - [OK] Kafka producer initialized
2025-12-01 15:00:26,408 - fedguard_client - INFO - Loading frames from: C:\Users\Nandini Devi\Downloads\uropds\UCSD_Anomaly_Dataset.v1p2\UCSDped1\Train\Train002
2025-12-01 15:00:26,413 - fedguard_client - INFO - [OK] Found 200 frames
2025-12-01 15:00:26,413 - fedguard_client - INFO - Frames per update: 16, Train batch size: 4, Image size: 128
2025-12-01 15:00:26,721 - fedguard_client - INFO - 
[Update #1] Collected 16 frames
2025-12-01 15:00:26,723 - fedguard_client - INFO - Performing local training...
2025-12-01 15:00:34,318 - fedguard_client - INFO - [OK] Training complete - Loss: 0.020124, Time: 7.59s
2025-12-01 15:00:35,864 - fedguard_client - INFO - Sending update to Kafka topic: 'model-updates' (payload size: 6502888 bytes, status: trained)...
2025-12-01 15:00:35,879 - kafka.conn - INFO - <BrokerConnection node_id=1 host=localhost:9092 <connecting> [IPv6 ('::1', 9092, 0, 0)]>: connecting to localhost:9092 [('::1', 9092, 0, 0) IPv6]
2025-12-01 15:00:35,881 - kafka.conn - INFO - <BrokerConnection node_id=1 host=localhost:9092 <connecting> [IPv6 ('::1', 9092, 0, 0)]>: Connection complete.
2025-12-01 15:00:35,882 - kafka.conn - INFO - <BrokerConnection node_id=bootstrap-0 host=localhost:9092 <connected> [IPv6 ('::1', 9092, 0, 0)]>: Closing connection. 
2025-12-01 15:00:39,411 - fedguard_client - INFO - [OK] Update sent successfully (Send time: 3.55s)
2025-12-01 15:00:39,415 - fedguard_client - INFO - Total updates sent: 1
2025-12-01 15:00:39,418 - fedguard_client - INFO - Avg training time: 7.59s
2025-12-01 15:00:39,649 - fedguard_client - INFO - 
[Update #2] Collected 16 frames
2025-12-01 15:00:39,651 - fedguard_client - INFO - Performing local training...
2025-12-01 15:00:43,594 - fedguard_client - INFO - [OK] Training complete - Loss: 0.018069, Time: 3.94s
2025-12-01 15:00:44,963 - fedguard_client - INFO - Sending update to Kafka topic: 'model-updates' (payload size: 6502658 bytes, status: trained)...
2025-12-01 15:00:48,133 - fedguard_client - INFO - [OK] Update sent successfully (Send time: 3.17s)
2025-12-01 15:00:48,134 - fedguard_client - INFO - Total updates sent: 2
2025-12-01 15:00:48,135 - fedguard_client - INFO - Avg training time: 5.77s
2025-12-01 15:00:48,378 - fedguard_client - INFO - 
[Update #3] Collected 16 frames
2025-12-01 15:00:48,380 - fedguard_client - INFO - Performing local training...
2025-12-01 15:00:53,101 - fedguard_client - INFO - [OK] Training complete - Loss: 0.011820, Time: 4.72s
2025-12-01 15:00:54,526 - fedguard_client - INFO - Sending update to Kafka topic: 'model-updates' (payload size: 6503013 bytes, status: trained)...
2025-12-01 15:00:56,919 - fedguard_client - INFO - [OK] Update sent successfully (Send time: 2.39s)
2025-12-01 15:00:56,920 - fedguard_client - INFO - Total updates sent: 3
2025-12-01 15:00:56,921 - fedguard_client - INFO - Avg training time: 5.42s
2025-12-01 15:00:57,264 - fedguard_client - INFO - 
[Update #4] Collected 16 frames
2025-12-01 15:00:57,269 - fedguard_client - INFO - Performing local training...
2025-12-01 15:01:01,926 - fedguard_client - INFO - [OK] Training complete - Loss: 0.008677, Time: 4.66s
2025-12-01 15:01:03,109 - fedguard_client - INFO - Sending update to Kafka topic: 'model-updates' (payload size: 6502747 bytes, status: trained)...
2025-12-01 15:01:05,310 - fedguard_client - INFO - [OK] Update sent successfully (Send time: 2.20s)
2025-12-01 15:01:05,311 - fedguard_client - INFO - Total updates sent: 4
2025-12-01 15:01:05,312 - fedguard_client - INFO - Avg training time: 5.23s
2025-12-01 15:01:05,601 - fedguard_client - INFO - 
[Update #5] Collected 16 frames
2025-12-01 15:01:05,614 - fedguard_client - INFO - Performing local training...
2025-12-01 15:01:09,956 - fedguard_client - INFO - [OK] Training complete - Loss: 0.007332, Time: 4.34s
2025-12-01 15:01:11,132 - fedguard_client - INFO - Sending update to Kafka topic: 'model-updates' (payload size: 6502961 bytes, status: trained)...
2025-12-01 15:01:13,545 - fedguard_client - INFO - [OK] Update sent successfully (Send time: 2.41s)
2025-12-01 15:01:13,545 - fedguard_client - INFO - Total updates sent: 5
2025-12-01 15:01:13,546 - fedguard_client - INFO - Avg training time: 5.05s
2025-12-01 15:01:13,958 - fedguard_client - INFO - 
[Update #6] Collected 16 frames
2025-12-01 15:01:13,962 - fedguard_client - INFO - Performing local training...
2025-12-01 15:01:15,920 - fedguard_client - INFO - Keyboard interrupt - shutting down client
2025-12-01 15:01:15,921 - fedguard_client - INFO - Cleaning up client...
2025-12-01 15:01:15,937 - kafka.producer.kafka - INFO - Closing the Kafka producer with 4294967.0 secs timeout.
2025-12-01 15:01:15,938 - kafka.conn - INFO - <BrokerConnection node_id=1 host=localhost:9092 <connected> [IPv6 ('::1', 9092, 0, 0)]>: Closing connection. 
2025-12-01 15:01:15,940 - fedguard_client - INFO - Client Client-02 shut down successfully
