2025-12-01 11:04:19,895 - fedguard_client - INFO - ============================================================
2025-12-01 11:04:19,895 - fedguard_client - INFO - FEDERATED CLIENT: Client-02
2025-12-01 11:04:19,895 - fedguard_client - INFO - ============================================================
2025-12-01 11:04:19,896 - fedguard_client - INFO - Loading model from C:\Users\Nandini Devi\FedGuard-Project\results\models\ucsd_baseline.h5...
2025-12-01 11:04:24,824 - fedguard_client - INFO - [OK] Model loaded successfully
2025-12-01 11:04:24,825 - fedguard_client - INFO - Connecting to Kafka at localhost:9092 (topic: model-updates)...
2025-12-01 11:04:24,832 - kafka.conn - INFO - <BrokerConnection node_id=bootstrap-0 host=localhost:9092 <connecting> [IPv6 ('::1', 9092, 0, 0)]>: connecting to localhost:9092 [('::1', 9092, 0, 0) IPv6]
2025-12-01 11:04:24,833 - kafka.conn - INFO - Probing node bootstrap-0 broker version
2025-12-01 11:04:24,834 - kafka.conn - INFO - <BrokerConnection node_id=bootstrap-0 host=localhost:9092 <connecting> [IPv6 ('::1', 9092, 0, 0)]>: Connection complete.
2025-12-01 11:04:24,941 - kafka.conn - INFO - Broker version identified as 2.5.0
2025-12-01 11:04:24,942 - kafka.conn - INFO - Set configuration api_version=(2, 5, 0) to skip auto check_version requests on startup
2025-12-01 11:04:24,944 - fedguard_client - INFO - [OK] Kafka producer initialized
2025-12-01 11:04:24,945 - fedguard_client - INFO - Loading frames from: C:\Users\Nandini Devi\Downloads\uropds\UCSD_Anomaly_Dataset.v1p2\UCSDped1\Train\Train002
2025-12-01 11:04:24,949 - fedguard_client - INFO - [OK] Found 200 frames
2025-12-01 11:04:24,949 - fedguard_client - INFO - Frames per update: 16, Train batch size: 4, Image size: 128
2025-12-01 11:04:25,277 - fedguard_client - INFO - 
[Update #1] Collected 16 frames
2025-12-01 11:04:25,278 - fedguard_client - INFO - Performing local training...
2025-12-01 11:04:29,235 - fedguard_client - INFO - [OK] Training complete - Loss: 0.013192, Time: 3.96s
2025-12-01 11:04:30,335 - fedguard_client - INFO - Sending update to Kafka topic: 'model-updates' (payload size: 6505351 bytes, status: trained)...
2025-12-01 11:04:30,345 - kafka.conn - INFO - <BrokerConnection node_id=1 host=localhost:9092 <connecting> [IPv6 ('::1', 9092, 0, 0)]>: connecting to localhost:9092 [('::1', 9092, 0, 0) IPv6]
2025-12-01 11:04:30,346 - kafka.conn - INFO - <BrokerConnection node_id=1 host=localhost:9092 <connecting> [IPv6 ('::1', 9092, 0, 0)]>: Connection complete.
2025-12-01 11:04:30,347 - kafka.conn - INFO - <BrokerConnection node_id=bootstrap-0 host=localhost:9092 <connected> [IPv6 ('::1', 9092, 0, 0)]>: Closing connection. 
2025-12-01 11:04:32,810 - fedguard_client - INFO - [OK] Update sent successfully (Send time: 2.47s)
2025-12-01 11:04:32,810 - fedguard_client - INFO - Total updates sent: 1
2025-12-01 11:04:32,811 - fedguard_client - INFO - Avg training time: 3.96s
2025-12-01 11:04:33,328 - fedguard_client - INFO - 
[Update #2] Collected 16 frames
2025-12-01 11:04:33,329 - fedguard_client - INFO - Performing local training...
2025-12-01 11:04:36,789 - fedguard_client - INFO - [OK] Training complete - Loss: 0.010133, Time: 3.46s
2025-12-01 11:04:37,769 - fedguard_client - INFO - Sending update to Kafka topic: 'model-updates' (payload size: 6505574 bytes, status: trained)...
2025-12-01 11:04:39,793 - fedguard_client - INFO - [OK] Update sent successfully (Send time: 2.02s)
2025-12-01 11:04:39,793 - fedguard_client - INFO - Total updates sent: 2
2025-12-01 11:04:39,794 - fedguard_client - INFO - Avg training time: 3.71s
2025-12-01 11:04:40,210 - fedguard_client - INFO - 
[Update #3] Collected 16 frames
2025-12-01 11:04:40,211 - fedguard_client - INFO - Performing local training...
2025-12-01 11:04:43,102 - fedguard_client - INFO - [OK] Training complete - Loss: 0.008565, Time: 2.89s
2025-12-01 11:04:44,207 - fedguard_client - INFO - Sending update to Kafka topic: 'model-updates' (payload size: 6505607 bytes, status: trained)...
2025-12-01 11:04:46,599 - fedguard_client - INFO - [OK] Update sent successfully (Send time: 2.39s)
2025-12-01 11:04:46,600 - fedguard_client - INFO - Total updates sent: 3
2025-12-01 11:04:46,600 - fedguard_client - INFO - Avg training time: 3.44s
2025-12-01 11:04:47,049 - fedguard_client - INFO - 
[Update #4] Collected 16 frames
2025-12-01 11:04:47,050 - fedguard_client - INFO - Performing local training...
2025-12-01 11:04:49,793 - fedguard_client - INFO - [OK] Training complete - Loss: 0.006906, Time: 2.74s
2025-12-01 11:04:50,681 - fedguard_client - INFO - Sending update to Kafka topic: 'model-updates' (payload size: 6505892 bytes, status: trained)...
2025-12-01 11:04:52,480 - fedguard_client - INFO - [OK] Update sent successfully (Send time: 1.80s)
2025-12-01 11:04:52,482 - fedguard_client - INFO - Total updates sent: 4
2025-12-01 11:04:52,482 - fedguard_client - INFO - Avg training time: 3.26s
2025-12-01 11:04:52,888 - fedguard_client - INFO - 
[Update #5] Collected 16 frames
2025-12-01 11:04:52,889 - fedguard_client - INFO - Performing local training...
2025-12-01 11:04:55,492 - fedguard_client - INFO - [OK] Training complete - Loss: 0.006501, Time: 2.60s
2025-12-01 11:04:56,484 - fedguard_client - INFO - Sending update to Kafka topic: 'model-updates' (payload size: 6505491 bytes, status: trained)...
2025-12-01 11:04:58,895 - fedguard_client - INFO - [OK] Update sent successfully (Send time: 2.41s)
2025-12-01 11:04:58,896 - fedguard_client - INFO - Total updates sent: 5
2025-12-01 11:04:58,896 - fedguard_client - INFO - Avg training time: 3.13s
2025-12-01 11:04:59,256 - fedguard_client - INFO - 
[Update #6] Collected 16 frames
2025-12-01 11:04:59,257 - fedguard_client - INFO - Performing local training...
2025-12-01 11:05:01,832 - fedguard_client - INFO - [OK] Training complete - Loss: 0.006117, Time: 2.57s
2025-12-01 11:05:03,462 - fedguard_client - INFO - Sending update to Kafka topic: 'model-updates' (payload size: 6505330 bytes, status: trained)...
2025-12-01 11:05:05,187 - fedguard_client - INFO - [OK] Update sent successfully (Send time: 1.72s)
2025-12-01 11:05:05,187 - fedguard_client - INFO - Total updates sent: 6
2025-12-01 11:05:05,188 - fedguard_client - INFO - Avg training time: 3.04s
2025-12-01 11:05:05,562 - fedguard_client - INFO - 
[Update #7] Collected 16 frames
2025-12-01 11:05:05,563 - fedguard_client - INFO - Performing local training...
2025-12-01 11:05:08,176 - fedguard_client - INFO - [OK] Training complete - Loss: 0.005680, Time: 2.61s
2025-12-01 11:05:09,858 - fedguard_client - INFO - Sending update to Kafka topic: 'model-updates' (payload size: 6505503 bytes, status: trained)...
2025-12-01 11:05:11,737 - fedguard_client - INFO - [OK] Update sent successfully (Send time: 1.88s)
2025-12-01 11:05:11,737 - fedguard_client - INFO - Total updates sent: 7
2025-12-01 11:05:11,737 - fedguard_client - INFO - Avg training time: 2.98s
2025-12-01 11:05:12,167 - fedguard_client - INFO - 
[Update #8] Collected 16 frames
2025-12-01 11:05:12,168 - fedguard_client - INFO - Performing local training...
2025-12-01 11:05:14,784 - fedguard_client - INFO - [OK] Training complete - Loss: 0.005767, Time: 2.62s
2025-12-01 11:05:16,623 - fedguard_client - INFO - Sending update to Kafka topic: 'model-updates' (payload size: 6505474 bytes, status: trained)...
2025-12-01 11:05:19,157 - fedguard_client - INFO - [OK] Update sent successfully (Send time: 2.53s)
2025-12-01 11:05:19,158 - fedguard_client - INFO - Total updates sent: 8
2025-12-01 11:05:19,158 - fedguard_client - INFO - Avg training time: 2.93s
2025-12-01 11:05:19,629 - fedguard_client - INFO - 
[Update #9] Collected 16 frames
2025-12-01 11:05:19,630 - fedguard_client - INFO - Performing local training...
2025-12-01 11:05:22,950 - fedguard_client - INFO - [OK] Training complete - Loss: 0.005643, Time: 3.32s
2025-12-01 11:05:25,096 - fedguard_client - INFO - Sending update to Kafka topic: 'model-updates' (payload size: 6505404 bytes, status: trained)...
2025-12-01 11:05:27,446 - fedguard_client - INFO - [OK] Update sent successfully (Send time: 2.35s)
2025-12-01 11:05:27,447 - fedguard_client - INFO - Total updates sent: 9
2025-12-01 11:05:27,447 - fedguard_client - INFO - Avg training time: 2.97s
2025-12-01 11:05:27,800 - fedguard_client - INFO - 
[Update #10] Collected 16 frames
2025-12-01 11:05:27,801 - fedguard_client - INFO - Performing local training...
2025-12-01 11:05:30,984 - fedguard_client - INFO - [OK] Training complete - Loss: 0.005434, Time: 3.18s
2025-12-01 11:05:32,372 - fedguard_client - INFO - Sending update to Kafka topic: 'model-updates' (payload size: 6505591 bytes, status: trained)...
2025-12-01 11:05:34,473 - fedguard_client - INFO - [OK] Update sent successfully (Send time: 2.10s)
2025-12-01 11:05:34,473 - fedguard_client - INFO - Total updates sent: 10
2025-12-01 11:05:34,474 - fedguard_client - INFO - Avg training time: 3.00s
2025-12-01 11:05:34,969 - fedguard_client - INFO - 
[Update #11] Collected 16 frames
2025-12-01 11:05:34,973 - fedguard_client - INFO - Performing local training...
2025-12-01 11:05:38,513 - fedguard_client - INFO - [OK] Training complete - Loss: 0.005387, Time: 3.54s
2025-12-01 11:05:39,451 - fedguard_client - INFO - Sending update to Kafka topic: 'model-updates' (payload size: 6505256 bytes, status: trained)...
2025-12-01 11:05:41,141 - fedguard_client - INFO - [OK] Update sent successfully (Send time: 1.69s)
2025-12-01 11:05:41,141 - fedguard_client - INFO - Total updates sent: 11
2025-12-01 11:05:41,142 - fedguard_client - INFO - Avg training time: 3.05s
2025-12-01 11:05:41,504 - fedguard_client - INFO - 
[Update #12] Collected 16 frames
2025-12-01 11:05:41,505 - fedguard_client - INFO - Performing local training...
2025-12-01 11:05:45,063 - fedguard_client - INFO - [OK] Training complete - Loss: 0.005295, Time: 3.56s
2025-12-01 11:05:46,183 - fedguard_client - INFO - Sending update to Kafka topic: 'model-updates' (payload size: 6505755 bytes, status: trained)...
2025-12-01 11:05:47,995 - fedguard_client - INFO - [OK] Update sent successfully (Send time: 1.81s)
2025-12-01 11:05:47,995 - fedguard_client - INFO - Total updates sent: 12
2025-12-01 11:05:47,995 - fedguard_client - INFO - Avg training time: 3.09s
2025-12-01 11:05:48,317 - fedguard_client - INFO - 
[Update #13] Collected 16 frames
2025-12-01 11:05:48,318 - fedguard_client - INFO - Performing local training...
2025-12-01 11:05:50,918 - fedguard_client - INFO - [OK] Training complete - Loss: 0.005256, Time: 2.60s
2025-12-01 11:05:52,449 - fedguard_client - INFO - Sending update to Kafka topic: 'model-updates' (payload size: 6505879 bytes, status: trained)...
2025-12-01 11:05:54,773 - fedguard_client - INFO - Keyboard interrupt - shutting down client
2025-12-01 11:05:54,774 - fedguard_client - INFO - Cleaning up client...
2025-12-01 11:05:54,830 - kafka.producer.kafka - INFO - Closing the Kafka producer with 4294967.0 secs timeout.
2025-12-01 11:05:54,833 - kafka.conn - INFO - <BrokerConnection node_id=1 host=localhost:9092 <connected> [IPv6 ('::1', 9092, 0, 0)]>: Closing connection. 
2025-12-01 11:05:54,836 - fedguard_client - INFO - Client Client-02 shut down successfully
