2025-10-31 00:03:56,146 - __main__ - INFO - ============================================================
2025-10-31 00:03:56,146 - __main__ - INFO - FEDERATED CLIENT: Client-01
2025-10-31 00:03:56,146 - __main__ - INFO - ============================================================
2025-10-31 00:03:56,148 - __main__ - INFO - Loading model from C:\Users\Nandini Devi\FedGuard-Project\results\models\ucsd_baseline.h5...
2025-10-31 00:03:56,707 - __main__ - INFO - Connecting to Kafka at localhost:9092...
2025-10-31 00:03:56,713 - kafka.conn - INFO - <BrokerConnection node_id=bootstrap-0 host=localhost:9092 <connecting> [IPv6 ('::1', 9092, 0, 0)]>: connecting to localhost:9092 [('::1', 9092, 0, 0) IPv6]
2025-10-31 00:03:56,714 - kafka.conn - INFO - Probing node bootstrap-0 broker version
2025-10-31 00:03:56,715 - kafka.conn - INFO - <BrokerConnection node_id=bootstrap-0 host=localhost:9092 <connecting> [IPv6 ('::1', 9092, 0, 0)]>: Connection complete.
2025-10-31 00:03:56,831 - kafka.conn - INFO - Broker version identified as 2.5.0
2025-10-31 00:03:56,831 - kafka.conn - INFO - Set configuration api_version=(2, 5, 0) to skip auto check_version requests on startup
2025-10-31 00:03:56,835 - __main__ - INFO - Loading frames from: C:\Users\Nandini Devi\Downloads\uropds\UCSD_Anomaly_Dataset.v1p2\UCSDped1\Train\Train001
2025-10-31 00:03:56,838 - __main__ - INFO - Batch size: 100 frames
2025-10-31 00:03:56,838 - __main__ - INFO - 
============================================================
2025-10-31 00:03:56,840 - __main__ - INFO - CLIENT RUNNING - Processing frames in loop
2025-10-31 00:03:56,840 - __main__ - INFO - ============================================================

2025-10-31 00:03:58,402 - __main__ - INFO - 
[Update #1] Collected 100 frames
2025-10-31 00:03:58,415 - __main__ - INFO - Performing local training...
2025-10-31 00:04:25,552 - __main__ - INFO - Sending update to Kafka topic: 'model-updates'...
2025-10-31 00:04:26,684 - kafka.conn - INFO - <BrokerConnection node_id=1 host=localhost:9092 <connecting> [IPv6 ('::1', 9092, 0, 0)]>: connecting to localhost:9092 [('::1', 9092, 0, 0) IPv6]
2025-10-31 00:04:26,684 - __main__ - INFO - Total updates sent: 1
2025-10-31 00:04:26,685 - __main__ - INFO - Avg training time: 26.92s
2025-10-31 00:04:26,688 - kafka.conn - INFO - <BrokerConnection node_id=1 host=localhost:9092 <connecting> [IPv6 ('::1', 9092, 0, 0)]>: Connection complete.
2025-10-31 00:04:26,688 - kafka.conn - INFO - <BrokerConnection node_id=bootstrap-0 host=localhost:9092 <connected> [IPv6 ('::1', 9092, 0, 0)]>: Closing connection. 
2025-10-31 00:04:28,203 - __main__ - INFO - 
[Update #2] Collected 100 frames
2025-10-31 00:04:28,215 - __main__ - INFO - Performing local training...
2025-10-31 00:06:08,141 - __main__ - INFO - Sending update to Kafka topic: 'model-updates'...
2025-10-31 00:06:10,462 - __main__ - INFO - Total updates sent: 2
2025-10-31 00:06:10,462 - __main__ - INFO - Avg training time: 63.30s
2025-10-31 00:06:12,006 - __main__ - INFO - 
[Update #3] Collected 100 frames
2025-10-31 00:06:12,027 - __main__ - INFO - Performing local training...
2025-10-31 00:07:34,807 - __main__ - INFO - Sending update to Kafka topic: 'model-updates'...
2025-10-31 00:07:37,021 - __main__ - INFO - Total updates sent: 3
2025-10-31 00:07:37,021 - __main__ - INFO - Avg training time: 69.74s
2025-10-31 00:07:38,554 - __main__ - INFO - 
[Update #4] Collected 100 frames
2025-10-31 00:07:38,570 - __main__ - INFO - Performing local training...
2025-10-31 00:08:55,430 - __main__ - INFO - Sending update to Kafka topic: 'model-updates'...
2025-10-31 00:08:57,651 - __main__ - INFO - Total updates sent: 4
2025-10-31 00:08:57,652 - __main__ - INFO - Avg training time: 71.48s
2025-10-31 00:08:59,274 - __main__ - INFO - 
[Update #5] Collected 100 frames
2025-10-31 00:08:59,291 - __main__ - INFO - Performing local training...
2025-10-31 00:09:52,550 - __main__ - INFO - Sending update to Kafka topic: 'model-updates'...
2025-10-31 00:09:55,176 - __main__ - INFO - Total updates sent: 5
2025-10-31 00:09:55,185 - __main__ - INFO - Avg training time: 67.80s
2025-10-31 00:09:56,878 - __main__ - INFO - 
[Update #6] Collected 100 frames
2025-10-31 00:09:56,904 - __main__ - INFO - Performing local training...
2025-10-31 00:10:50,301 - __main__ - INFO - Sending update to Kafka topic: 'model-updates'...
2025-10-31 00:10:52,871 - __main__ - INFO - Total updates sent: 6
2025-10-31 00:10:52,871 - __main__ - INFO - Avg training time: 65.37s
2025-10-31 00:10:54,653 - __main__ - INFO - 
[Update #7] Collected 100 frames
2025-10-31 00:10:54,748 - __main__ - INFO - Performing local training...
2025-10-31 00:11:50,592 - __main__ - INFO - 

Keyboard interrupt received - shutting down client
2025-10-31 00:11:50,593 - __main__ - INFO - 
Cleaning up...
2025-10-31 00:11:50,614 - kafka.producer.kafka - INFO - Closing the Kafka producer with 4294967.0 secs timeout.
2025-10-31 00:11:50,619 - kafka.conn - INFO - <BrokerConnection node_id=1 host=localhost:9092 <connected> [IPv6 ('::1', 9092, 0, 0)]>: Closing connection. 
2025-10-31 00:11:50,621 - __main__ - INFO - Client Client-01 shut down successfully
