2025-11-11 18:31:28,731 - fedguard_client - INFO - ============================================================
2025-11-11 18:31:28,731 - fedguard_client - INFO - FEDERATED CLIENT: Client-02
2025-11-11 18:31:28,732 - fedguard_client - INFO - ============================================================
2025-11-11 18:31:28,732 - fedguard_client - INFO - Loading model from C:\Users\Nandini Devi\FedGuard-Project\results\models\ucsd_baseline.h5...
2025-11-11 18:31:38,027 - fedguard_client - INFO - [OK] Model loaded successfully
2025-11-11 18:31:38,028 - fedguard_client - INFO - Connecting to Kafka at localhost:9092 (topic: model-updates)...
2025-11-11 18:31:38,045 - kafka.conn - INFO - <BrokerConnection node_id=bootstrap-0 host=localhost:9092 <connecting> [IPv6 ('::1', 9092, 0, 0)]>: connecting to localhost:9092 [('::1', 9092, 0, 0) IPv6]
2025-11-11 18:31:38,050 - kafka.conn - INFO - Probing node bootstrap-0 broker version
2025-11-11 18:31:38,053 - kafka.conn - INFO - <BrokerConnection node_id=bootstrap-0 host=localhost:9092 <connecting> [IPv6 ('::1', 9092, 0, 0)]>: Connection complete.
2025-11-11 18:31:38,158 - kafka.conn - INFO - Broker version identified as 2.5.0
2025-11-11 18:31:38,160 - kafka.conn - INFO - Set configuration api_version=(2, 5, 0) to skip auto check_version requests on startup
2025-11-11 18:31:38,168 - fedguard_client - INFO - [OK] Kafka producer initialized
2025-11-11 18:31:38,169 - fedguard_client - INFO - Loading frames from: C:\Users\Nandini Devi\Downloads\uropds\UCSD_Anomaly_Dataset.v1p2\UCSDped1\Train\Train002
2025-11-11 18:31:38,238 - fedguard_client - INFO - [OK] Found 200 frames
2025-11-11 18:31:38,239 - fedguard_client - INFO - Frames per update: 16, Train batch size: 4, Image size: 128
2025-11-11 18:31:38,994 - fedguard_client - INFO - 
[Update #1] Collected 16 frames
2025-11-11 18:31:38,995 - fedguard_client - INFO - Performing local training...
2025-11-11 18:31:50,504 - fedguard_client - INFO - [OK] Training complete - Loss: 0.013390, Time: 11.51s
2025-11-11 18:31:53,147 - fedguard_client - INFO - Sending update to Kafka topic: 'model-updates' (payload size: 6505385 bytes, status: trained)...
2025-11-11 18:31:53,159 - kafka.conn - INFO - <BrokerConnection node_id=1 host=localhost:9092 <connecting> [IPv6 ('::1', 9092, 0, 0)]>: connecting to localhost:9092 [('::1', 9092, 0, 0) IPv6]
2025-11-11 18:31:53,161 - kafka.conn - INFO - <BrokerConnection node_id=1 host=localhost:9092 <connecting> [IPv6 ('::1', 9092, 0, 0)]>: Connection complete.
2025-11-11 18:31:53,162 - kafka.conn - INFO - <BrokerConnection node_id=bootstrap-0 host=localhost:9092 <connected> [IPv6 ('::1', 9092, 0, 0)]>: Closing connection. 
2025-11-11 18:31:56,677 - fedguard_client - INFO - [OK] Update sent successfully (Send time: 3.53s)
2025-11-11 18:31:56,678 - fedguard_client - INFO - Total updates sent: 1
2025-11-11 18:31:56,678 - fedguard_client - INFO - Avg training time: 11.51s
2025-11-11 18:31:57,127 - fedguard_client - INFO - 
[Update #2] Collected 16 frames
2025-11-11 18:31:57,129 - fedguard_client - INFO - Performing local training...
2025-11-11 18:32:03,157 - fedguard_client - INFO - [OK] Training complete - Loss: 0.010187, Time: 6.03s
2025-11-11 18:32:05,229 - fedguard_client - INFO - Sending update to Kafka topic: 'model-updates' (payload size: 6505211 bytes, status: trained)...
2025-11-11 18:32:08,618 - fedguard_client - INFO - [OK] Update sent successfully (Send time: 3.39s)
2025-11-11 18:32:08,619 - fedguard_client - INFO - Total updates sent: 2
2025-11-11 18:32:08,620 - fedguard_client - INFO - Avg training time: 8.77s
2025-11-11 18:32:09,097 - fedguard_client - INFO - 
[Update #3] Collected 16 frames
2025-11-11 18:32:09,098 - fedguard_client - INFO - Performing local training...
2025-11-11 18:32:13,573 - fedguard_client - INFO - [OK] Training complete - Loss: 0.008706, Time: 4.48s
2025-11-11 18:32:15,399 - fedguard_client - INFO - Sending update to Kafka topic: 'model-updates' (payload size: 6505240 bytes, status: trained)...
2025-11-11 18:32:18,699 - fedguard_client - INFO - [OK] Update sent successfully (Send time: 3.30s)
2025-11-11 18:32:18,701 - fedguard_client - INFO - Total updates sent: 3
2025-11-11 18:32:18,702 - fedguard_client - INFO - Avg training time: 7.34s
2025-11-11 18:32:19,276 - fedguard_client - INFO - 
[Update #4] Collected 16 frames
2025-11-11 18:32:19,279 - fedguard_client - INFO - Performing local training...
2025-11-11 18:32:24,747 - fedguard_client - INFO - [OK] Training complete - Loss: 0.007039, Time: 5.47s
2025-11-11 18:32:26,258 - fedguard_client - INFO - Sending update to Kafka topic: 'model-updates' (payload size: 6505341 bytes, status: trained)...
2025-11-11 18:32:33,080 - fedguard_client - INFO - [OK] Update sent successfully (Send time: 6.82s)
2025-11-11 18:32:33,081 - fedguard_client - INFO - Total updates sent: 4
2025-11-11 18:32:33,082 - fedguard_client - INFO - Avg training time: 6.87s
2025-11-11 18:32:33,641 - fedguard_client - INFO - 
[Update #5] Collected 16 frames
2025-11-11 18:32:33,642 - fedguard_client - INFO - Performing local training...
2025-11-11 18:32:38,948 - fedguard_client - INFO - [OK] Training complete - Loss: 0.006600, Time: 5.30s
2025-11-11 18:32:40,381 - fedguard_client - INFO - Sending update to Kafka topic: 'model-updates' (payload size: 6505540 bytes, status: trained)...
2025-11-11 18:32:43,824 - fedguard_client - INFO - [OK] Update sent successfully (Send time: 3.44s)
2025-11-11 18:32:43,825 - fedguard_client - INFO - Total updates sent: 5
2025-11-11 18:32:43,825 - fedguard_client - INFO - Avg training time: 6.56s
2025-11-11 18:32:44,432 - fedguard_client - INFO - 
[Update #6] Collected 16 frames
2025-11-11 18:32:44,433 - fedguard_client - INFO - Performing local training...
2025-11-11 18:32:49,887 - fedguard_client - INFO - [OK] Training complete - Loss: 0.006143, Time: 5.45s
2025-11-11 18:32:51,312 - fedguard_client - INFO - Sending update to Kafka topic: 'model-updates' (payload size: 6505385 bytes, status: trained)...
2025-11-11 18:32:54,487 - fedguard_client - INFO - [OK] Update sent successfully (Send time: 3.17s)
2025-11-11 18:32:54,487 - fedguard_client - INFO - Total updates sent: 6
2025-11-11 18:32:54,488 - fedguard_client - INFO - Avg training time: 6.37s
2025-11-11 18:32:55,073 - fedguard_client - INFO - 
[Update #7] Collected 16 frames
2025-11-11 18:32:55,074 - fedguard_client - INFO - Performing local training...
2025-11-11 18:33:00,274 - fedguard_client - INFO - [OK] Training complete - Loss: 0.005711, Time: 5.20s
2025-11-11 18:33:01,802 - fedguard_client - INFO - Sending update to Kafka topic: 'model-updates' (payload size: 6505733 bytes, status: trained)...
2025-11-11 18:33:06,076 - fedguard_client - INFO - [OK] Update sent successfully (Send time: 4.27s)
2025-11-11 18:33:06,078 - fedguard_client - INFO - Total updates sent: 7
2025-11-11 18:33:06,078 - fedguard_client - INFO - Avg training time: 6.20s
2025-11-11 18:33:07,165 - fedguard_client - INFO - 
[Update #8] Collected 16 frames
2025-11-11 18:33:07,200 - fedguard_client - INFO - Performing local training...
2025-11-11 18:33:17,309 - fedguard_client - INFO - [OK] Training complete - Loss: 0.005805, Time: 10.04s
2025-11-11 18:33:18,928 - fedguard_client - INFO - Sending update to Kafka topic: 'model-updates' (payload size: 6505641 bytes, status: trained)...
2025-11-11 18:33:23,101 - fedguard_client - INFO - [OK] Update sent successfully (Send time: 4.17s)
2025-11-11 18:33:23,102 - fedguard_client - INFO - Total updates sent: 8
2025-11-11 18:33:23,102 - fedguard_client - INFO - Avg training time: 6.68s
2025-11-11 18:33:23,811 - fedguard_client - INFO - 
[Update #9] Collected 16 frames
2025-11-11 18:33:23,822 - fedguard_client - INFO - Performing local training...
2025-11-11 18:33:34,898 - fedguard_client - INFO - [OK] Training complete - Loss: 0.005680, Time: 11.07s
2025-11-11 18:33:36,407 - fedguard_client - INFO - Sending update to Kafka topic: 'model-updates' (payload size: 6505703 bytes, status: trained)...
2025-11-11 18:33:40,658 - fedguard_client - INFO - [OK] Update sent successfully (Send time: 4.25s)
2025-11-11 18:33:40,659 - fedguard_client - INFO - Total updates sent: 9
2025-11-11 18:33:40,659 - fedguard_client - INFO - Avg training time: 7.17s
2025-11-11 18:33:41,219 - fedguard_client - INFO - 
[Update #10] Collected 16 frames
2025-11-11 18:33:41,221 - fedguard_client - INFO - Performing local training...
2025-11-11 18:33:46,097 - fedguard_client - INFO - [OK] Training complete - Loss: 0.005435, Time: 4.87s
2025-11-11 18:33:48,217 - fedguard_client - INFO - Sending update to Kafka topic: 'model-updates' (payload size: 6505550 bytes, status: trained)...
2025-11-11 18:33:53,959 - fedguard_client - INFO - [OK] Update sent successfully (Send time: 5.74s)
2025-11-11 18:33:53,960 - fedguard_client - INFO - Total updates sent: 10
2025-11-11 18:33:53,960 - fedguard_client - INFO - Avg training time: 6.94s
2025-11-11 18:33:54,511 - fedguard_client - INFO - 
[Update #11] Collected 16 frames
2025-11-11 18:33:54,512 - fedguard_client - INFO - Performing local training...
2025-11-11 18:34:06,081 - fedguard_client - INFO - [OK] Training complete - Loss: 0.005405, Time: 11.57s
2025-11-11 18:34:09,188 - fedguard_client - INFO - Sending update to Kafka topic: 'model-updates' (payload size: 6505717 bytes, status: trained)...
2025-11-11 18:34:12,372 - fedguard_client - INFO - [OK] Update sent successfully (Send time: 3.18s)
2025-11-11 18:34:12,372 - fedguard_client - INFO - Total updates sent: 11
2025-11-11 18:34:12,373 - fedguard_client - INFO - Avg training time: 7.36s
2025-11-11 18:34:12,906 - fedguard_client - INFO - 
[Update #12] Collected 16 frames
2025-11-11 18:34:12,907 - fedguard_client - INFO - Performing local training...
2025-11-11 18:34:24,402 - fedguard_client - INFO - [OK] Training complete - Loss: 0.005320, Time: 11.49s
2025-11-11 18:34:27,678 - fedguard_client - INFO - Sending update to Kafka topic: 'model-updates' (payload size: 6505475 bytes, status: trained)...
2025-11-11 18:34:38,923 - fedguard_client - INFO - [OK] Update sent successfully (Send time: 11.24s)
2025-11-11 18:34:38,924 - fedguard_client - INFO - Total updates sent: 12
2025-11-11 18:34:38,924 - fedguard_client - INFO - Avg training time: 7.71s
2025-11-11 18:34:39,309 - fedguard_client - INFO - 
[Update #13] Collected 16 frames
2025-11-11 18:34:39,310 - fedguard_client - INFO - Performing local training...
2025-11-11 18:34:44,206 - fedguard_client - INFO - [OK] Training complete - Loss: 0.005240, Time: 4.89s
2025-11-11 18:34:45,755 - fedguard_client - INFO - Sending update to Kafka topic: 'model-updates' (payload size: 6505741 bytes, status: trained)...
2025-11-11 18:34:50,632 - fedguard_client - INFO - [OK] Update sent successfully (Send time: 4.88s)
2025-11-11 18:34:50,633 - fedguard_client - INFO - Total updates sent: 13
2025-11-11 18:34:50,633 - fedguard_client - INFO - Avg training time: 7.49s
2025-11-11 18:34:50,868 - fedguard_client - INFO - 
[Update #14] Collected 16 frames
2025-11-11 18:34:50,870 - fedguard_client - INFO - Performing local training...
2025-11-11 18:34:54,242 - fedguard_client - INFO - [OK] Training complete - Loss: 0.005320, Time: 3.37s
2025-11-11 18:34:55,636 - fedguard_client - INFO - Sending update to Kafka topic: 'model-updates' (payload size: 6505808 bytes, status: trained)...
2025-11-11 18:35:04,154 - fedguard_client - INFO - [OK] Update sent successfully (Send time: 8.52s)
2025-11-11 18:35:04,156 - fedguard_client - INFO - Total updates sent: 14
2025-11-11 18:35:04,156 - fedguard_client - INFO - Avg training time: 7.20s
2025-11-11 18:35:04,400 - fedguard_client - INFO - 
[Update #15] Collected 16 frames
2025-11-11 18:35:04,401 - fedguard_client - INFO - Performing local training...
2025-11-11 18:35:10,619 - fedguard_client - INFO - [OK] Training complete - Loss: 0.005429, Time: 6.22s
2025-11-11 18:35:14,423 - fedguard_client - INFO - Sending update to Kafka topic: 'model-updates' (payload size: 6505732 bytes, status: trained)...
2025-11-11 18:35:20,609 - fedguard_client - INFO - [OK] Update sent successfully (Send time: 6.18s)
2025-11-11 18:35:20,611 - fedguard_client - INFO - Total updates sent: 15
2025-11-11 18:35:20,611 - fedguard_client - INFO - Avg training time: 7.13s
2025-11-11 18:35:21,163 - fedguard_client - INFO - 
[Update #16] Collected 16 frames
2025-11-11 18:35:21,237 - fedguard_client - INFO - Performing local training...
2025-11-11 18:35:39,204 - fedguard_client - INFO - [OK] Training complete - Loss: 0.005162, Time: 17.93s
2025-11-11 18:35:47,763 - fedguard_client - INFO - Sending update to Kafka topic: 'model-updates' (payload size: 6506192 bytes, status: trained)...
2025-11-11 18:35:52,649 - fedguard_client - INFO - [OK] Update sent successfully (Send time: 4.87s)
2025-11-11 18:35:52,649 - fedguard_client - INFO - Total updates sent: 16
2025-11-11 18:35:52,650 - fedguard_client - INFO - Avg training time: 7.81s
2025-11-11 18:35:52,896 - fedguard_client - INFO - 
[Update #17] Collected 16 frames
2025-11-11 18:35:52,898 - fedguard_client - INFO - Performing local training...
2025-11-11 18:35:56,787 - fedguard_client - INFO - [OK] Training complete - Loss: 0.005047, Time: 3.89s
2025-11-11 18:35:58,725 - fedguard_client - INFO - Sending update to Kafka topic: 'model-updates' (payload size: 6505684 bytes, status: trained)...
2025-11-11 18:36:12,240 - fedguard_client - INFO - [OK] Update sent successfully (Send time: 13.44s)
2025-11-11 18:36:12,243 - fedguard_client - INFO - Total updates sent: 17
2025-11-11 18:36:12,244 - fedguard_client - INFO - Avg training time: 7.58s
2025-11-11 18:36:12,574 - fedguard_client - INFO - 
[Update #18] Collected 16 frames
2025-11-11 18:36:12,578 - fedguard_client - INFO - Performing local training...
2025-11-11 18:36:25,571 - fedguard_client - INFO - [OK] Training complete - Loss: 0.004856, Time: 12.99s
2025-11-11 18:36:29,663 - fedguard_client - INFO - Sending update to Kafka topic: 'model-updates' (payload size: 6505816 bytes, status: trained)...
2025-11-11 18:36:32,957 - fedguard_client - INFO - [OK] Update sent successfully (Send time: 3.29s)
2025-11-11 18:36:32,959 - fedguard_client - INFO - Total updates sent: 18
2025-11-11 18:36:32,960 - fedguard_client - INFO - Avg training time: 7.88s
2025-11-11 18:36:33,176 - fedguard_client - INFO - 
[Update #19] Collected 16 frames
2025-11-11 18:36:33,177 - fedguard_client - INFO - Performing local training...
2025-11-11 18:36:36,893 - fedguard_client - INFO - [OK] Training complete - Loss: 0.004770, Time: 3.72s
2025-11-11 18:36:38,137 - fedguard_client - INFO - Sending update to Kafka topic: 'model-updates' (payload size: 6505691 bytes, status: trained)...
2025-11-11 18:36:41,345 - fedguard_client - INFO - [OK] Update sent successfully (Send time: 3.21s)
2025-11-11 18:36:41,346 - fedguard_client - INFO - Total updates sent: 19
2025-11-11 18:36:41,346 - fedguard_client - INFO - Avg training time: 7.66s
2025-11-11 18:36:41,572 - fedguard_client - INFO - 
[Update #20] Collected 16 frames
2025-11-11 18:36:41,573 - fedguard_client - INFO - Performing local training...
2025-11-11 18:36:49,154 - fedguard_client - INFO - [OK] Training complete - Loss: 0.004660, Time: 7.58s
2025-11-11 18:36:50,332 - fedguard_client - INFO - Sending update to Kafka topic: 'model-updates' (payload size: 6506263 bytes, status: trained)...
2025-11-11 18:36:53,490 - fedguard_client - INFO - Keyboard interrupt - shutting down client
2025-11-11 18:36:53,492 - fedguard_client - INFO - Cleaning up client...
2025-11-11 18:36:53,520 - kafka.producer.kafka - INFO - Closing the Kafka producer with 4294967.0 secs timeout.
2025-11-11 18:36:53,524 - kafka.conn - INFO - <BrokerConnection node_id=1 host=localhost:9092 <connected> [IPv6 ('::1', 9092, 0, 0)]>: Closing connection. 
2025-11-11 18:36:53,525 - fedguard_client - INFO - Client Client-02 shut down successfully
