2025-12-01 17:23:17,435 - fedguard_client - INFO - ============================================================
2025-12-01 17:23:17,435 - fedguard_client - INFO - FEDERATED CLIENT: Client-2
2025-12-01 17:23:17,436 - fedguard_client - INFO - ============================================================
2025-12-01 17:23:17,436 - fedguard_client - INFO - Loading model from C:\Users\Nandini Devi\FedGuard-Project\results\models\ucsd_baseline.h5...
2025-12-01 17:23:27,454 - fedguard_client - INFO - [OK] Model loaded successfully
2025-12-01 17:23:27,455 - fedguard_client - INFO - Connecting to Kafka at localhost:9092 (topic: model-updates)...
2025-12-01 17:23:27,463 - kafka.conn - INFO - <BrokerConnection node_id=bootstrap-0 host=localhost:9092 <connecting> [IPv6 ('::1', 9092, 0, 0)]>: connecting to localhost:9092 [('::1', 9092, 0, 0) IPv6]
2025-12-01 17:23:27,464 - kafka.conn - INFO - Probing node bootstrap-0 broker version
2025-12-01 17:23:27,466 - kafka.conn - INFO - <BrokerConnection node_id=bootstrap-0 host=localhost:9092 <connecting> [IPv6 ('::1', 9092, 0, 0)]>: Connection complete.
2025-12-01 17:23:27,572 - kafka.conn - INFO - Broker version identified as 2.5.0
2025-12-01 17:23:27,573 - kafka.conn - INFO - Set configuration api_version=(2, 5, 0) to skip auto check_version requests on startup
2025-12-01 17:23:27,575 - fedguard_client - INFO - [OK] Kafka producer initialized
2025-12-01 17:23:27,576 - fedguard_client - INFO - Loading frames from: C:\Users\Nandini Devi\Downloads\uropds\UCSD_Anomaly_Dataset.v1p2\UCSDped1\Train\Train002
2025-12-01 17:23:27,578 - fedguard_client - INFO - [OK] Found 200 frames
2025-12-01 17:23:27,578 - fedguard_client - INFO - Frames per update: 16, Train batch size: 4, Image size: 128
2025-12-01 17:23:27,849 - fedguard_client - INFO - 
[Update #1] Collected 16 frames
2025-12-01 17:23:27,849 - fedguard_client - INFO - Performing local training...
2025-12-01 17:23:35,845 - fedguard_client - INFO - [OK] Training complete - Loss: 0.020618, Time: 7.99s
2025-12-01 17:23:36,982 - fedguard_client - INFO - Sending update to Kafka topic: 'model-updates' (payload size: 6502752 bytes, status: trained)...
2025-12-01 17:23:36,998 - kafka.conn - INFO - <BrokerConnection node_id=1 host=localhost:9092 <connecting> [IPv6 ('::1', 9092, 0, 0)]>: connecting to localhost:9092 [('::1', 9092, 0, 0) IPv6]
2025-12-01 17:23:37,000 - kafka.conn - INFO - <BrokerConnection node_id=1 host=localhost:9092 <connecting> [IPv6 ('::1', 9092, 0, 0)]>: Connection complete.
2025-12-01 17:23:37,001 - kafka.conn - INFO - <BrokerConnection node_id=bootstrap-0 host=localhost:9092 <connected> [IPv6 ('::1', 9092, 0, 0)]>: Closing connection. 
2025-12-01 17:23:40,475 - fedguard_client - INFO - [OK] Update sent successfully (Send time: 3.49s)
2025-12-01 17:23:40,476 - fedguard_client - INFO - Total updates sent: 1
2025-12-01 17:23:40,477 - fedguard_client - INFO - Avg training time: 7.99s
2025-12-01 17:23:40,701 - fedguard_client - INFO - 
[Update #2] Collected 16 frames
2025-12-01 17:23:40,703 - fedguard_client - INFO - Performing local training...
2025-12-01 17:23:43,499 - fedguard_client - INFO - [OK] Training complete - Loss: 0.018415, Time: 2.80s
2025-12-01 17:23:44,820 - fedguard_client - INFO - Sending update to Kafka topic: 'model-updates' (payload size: 6502790 bytes, status: trained)...
2025-12-01 17:23:50,216 - fedguard_client - INFO - [OK] Update sent successfully (Send time: 5.39s)
2025-12-01 17:23:50,217 - fedguard_client - INFO - Total updates sent: 2
2025-12-01 17:23:50,218 - fedguard_client - INFO - Avg training time: 5.39s
2025-12-01 17:23:50,409 - fedguard_client - INFO - 
[Update #3] Collected 16 frames
2025-12-01 17:23:50,411 - fedguard_client - INFO - Performing local training...
2025-12-01 17:23:52,847 - fedguard_client - INFO - [OK] Training complete - Loss: 0.011823, Time: 2.44s
2025-12-01 17:23:54,692 - fedguard_client - INFO - Sending update to Kafka topic: 'model-updates' (payload size: 6502895 bytes, status: trained)...
2025-12-01 17:23:59,188 - fedguard_client - INFO - [OK] Update sent successfully (Send time: 4.49s)
2025-12-01 17:23:59,188 - fedguard_client - INFO - Total updates sent: 3
2025-12-01 17:23:59,189 - fedguard_client - INFO - Avg training time: 4.41s
2025-12-01 17:23:59,366 - fedguard_client - INFO - 
[Update #4] Collected 16 frames
2025-12-01 17:23:59,368 - fedguard_client - INFO - Performing local training...
2025-12-01 17:24:02,318 - fedguard_client - INFO - [OK] Training complete - Loss: 0.008865, Time: 2.95s
2025-12-01 17:24:04,692 - fedguard_client - INFO - Sending update to Kafka topic: 'model-updates' (payload size: 6502849 bytes, status: trained)...
2025-12-01 17:24:09,413 - fedguard_client - INFO - [OK] Update sent successfully (Send time: 4.72s)
2025-12-01 17:24:09,414 - fedguard_client - INFO - Total updates sent: 4
2025-12-01 17:24:09,415 - fedguard_client - INFO - Avg training time: 4.04s
2025-12-01 17:24:09,573 - fedguard_client - INFO - 
[Update #5] Collected 16 frames
2025-12-01 17:24:09,575 - fedguard_client - INFO - Performing local training...
2025-12-01 17:24:12,529 - fedguard_client - INFO - [OK] Training complete - Loss: 0.007471, Time: 2.95s
2025-12-01 17:24:14,849 - fedguard_client - INFO - Sending update to Kafka topic: 'model-updates' (payload size: 6502672 bytes, status: trained)...
2025-12-01 17:24:18,990 - fedguard_client - INFO - [OK] Update sent successfully (Send time: 4.14s)
2025-12-01 17:24:18,991 - fedguard_client - INFO - Total updates sent: 5
2025-12-01 17:24:18,991 - fedguard_client - INFO - Avg training time: 3.83s
2025-12-01 17:24:19,233 - fedguard_client - INFO - 
[Update #6] Collected 16 frames
2025-12-01 17:24:19,234 - fedguard_client - INFO - Performing local training...
2025-12-01 17:24:21,721 - fedguard_client - INFO - [OK] Training complete - Loss: 0.006894, Time: 2.49s
2025-12-01 17:24:23,573 - fedguard_client - INFO - Sending update to Kafka topic: 'model-updates' (payload size: 6502880 bytes, status: trained)...
2025-12-01 17:24:27,888 - fedguard_client - INFO - [OK] Update sent successfully (Send time: 4.31s)
2025-12-01 17:24:27,889 - fedguard_client - INFO - Total updates sent: 6
2025-12-01 17:24:27,890 - fedguard_client - INFO - Avg training time: 3.60s
2025-12-01 17:24:28,146 - fedguard_client - INFO - 
[Update #7] Collected 16 frames
2025-12-01 17:24:28,147 - fedguard_client - INFO - Performing local training...
2025-12-01 17:24:30,820 - fedguard_client - INFO - [OK] Training complete - Loss: 0.006377, Time: 2.67s
2025-12-01 17:24:33,566 - fedguard_client - INFO - Sending update to Kafka topic: 'model-updates' (payload size: 6502872 bytes, status: trained)...
2025-12-01 17:24:37,955 - fedguard_client - INFO - [OK] Update sent successfully (Send time: 4.39s)
2025-12-01 17:24:37,956 - fedguard_client - INFO - Total updates sent: 7
2025-12-01 17:24:37,956 - fedguard_client - INFO - Avg training time: 3.47s
2025-12-01 17:24:38,192 - fedguard_client - INFO - 
[Update #8] Collected 16 frames
2025-12-01 17:24:38,194 - fedguard_client - INFO - Performing local training...
2025-12-01 17:24:40,892 - fedguard_client - INFO - [OK] Training complete - Loss: 0.006321, Time: 2.70s
2025-12-01 17:24:42,735 - fedguard_client - INFO - Sending update to Kafka topic: 'model-updates' (payload size: 6503231 bytes, status: trained)...
2025-12-01 17:24:46,938 - fedguard_client - INFO - Keyboard interrupt - shutting down client
2025-12-01 17:24:46,939 - fedguard_client - INFO - Cleaning up client...
2025-12-01 17:24:46,967 - kafka.producer.kafka - INFO - Closing the Kafka producer with 4294967.0 secs timeout.
2025-12-01 17:24:46,969 - kafka.conn - INFO - <BrokerConnection node_id=1 host=localhost:9092 <connected> [IPv6 ('::1', 9092, 0, 0)]>: Closing connection. 
2025-12-01 17:24:46,970 - fedguard_client - INFO - Client Client-2 shut down successfully
