2025-12-01 11:22:43,682 - fedguard_client - INFO - ============================================================
2025-12-01 11:22:43,683 - fedguard_client - INFO - FEDERATED CLIENT: Client-03
2025-12-01 11:22:43,683 - fedguard_client - INFO - ============================================================
2025-12-01 11:22:43,683 - fedguard_client - INFO - Loading model from C:\Users\Nandini Devi\FedGuard-Project\results\models\ucsd_baseline.h5...
2025-12-01 11:22:47,370 - fedguard_client - INFO - [OK] Model loaded successfully
2025-12-01 11:22:47,371 - fedguard_client - INFO - Connecting to Kafka at localhost:9092 (topic: model-updates)...
2025-12-01 11:22:47,376 - kafka.conn - INFO - <BrokerConnection node_id=bootstrap-0 host=localhost:9092 <connecting> [IPv6 ('::1', 9092, 0, 0)]>: connecting to localhost:9092 [('::1', 9092, 0, 0) IPv6]
2025-12-01 11:22:47,377 - kafka.conn - INFO - Probing node bootstrap-0 broker version
2025-12-01 11:22:47,378 - kafka.conn - INFO - <BrokerConnection node_id=bootstrap-0 host=localhost:9092 <connecting> [IPv6 ('::1', 9092, 0, 0)]>: Connection complete.
2025-12-01 11:22:47,481 - kafka.conn - INFO - Broker version identified as 2.5.0
2025-12-01 11:22:47,482 - kafka.conn - INFO - Set configuration api_version=(2, 5, 0) to skip auto check_version requests on startup
2025-12-01 11:22:47,485 - fedguard_client - INFO - [OK] Kafka producer initialized
2025-12-01 11:22:47,485 - fedguard_client - INFO - Loading frames from: C:\Users\Nandini Devi\Downloads\uropds\UCSD_Anomaly_Dataset.v1p2\UCSDped1\Train\Train003
2025-12-01 11:22:47,486 - fedguard_client - INFO - [OK] Found 200 frames
2025-12-01 11:22:47,488 - fedguard_client - INFO - Frames per update: 16, Train batch size: 4, Image size: 128
2025-12-01 11:22:47,985 - fedguard_client - INFO - 
[Update #1] Collected 16 frames
2025-12-01 11:22:47,987 - fedguard_client - INFO - Performing local training...
2025-12-01 11:22:51,818 - fedguard_client - INFO - [OK] Training complete - Loss: 0.016673, Time: 3.83s
2025-12-01 11:22:52,672 - fedguard_client - INFO - Sending update to Kafka topic: 'model-updates' (payload size: 6505126 bytes, status: trained)...
2025-12-01 11:22:52,686 - kafka.conn - INFO - <BrokerConnection node_id=1 host=localhost:9092 <connecting> [IPv6 ('::1', 9092, 0, 0)]>: connecting to localhost:9092 [('::1', 9092, 0, 0) IPv6]
2025-12-01 11:22:52,687 - kafka.conn - INFO - <BrokerConnection node_id=1 host=localhost:9092 <connecting> [IPv6 ('::1', 9092, 0, 0)]>: Connection complete.
2025-12-01 11:22:52,688 - kafka.conn - INFO - <BrokerConnection node_id=bootstrap-0 host=localhost:9092 <connected> [IPv6 ('::1', 9092, 0, 0)]>: Closing connection. 
2025-12-01 11:22:54,960 - fedguard_client - INFO - [OK] Update sent successfully (Send time: 2.29s)
2025-12-01 11:22:54,961 - fedguard_client - INFO - Total updates sent: 1
2025-12-01 11:22:54,961 - fedguard_client - INFO - Avg training time: 3.83s
2025-12-01 11:22:55,490 - fedguard_client - INFO - 
[Update #2] Collected 16 frames
2025-12-01 11:22:55,492 - fedguard_client - INFO - Performing local training...
2025-12-01 11:22:57,737 - fedguard_client - INFO - [OK] Training complete - Loss: 0.011080, Time: 2.24s
2025-12-01 11:22:59,120 - fedguard_client - INFO - Sending update to Kafka topic: 'model-updates' (payload size: 6505385 bytes, status: trained)...
2025-12-01 11:23:02,471 - fedguard_client - INFO - [OK] Update sent successfully (Send time: 3.35s)
2025-12-01 11:23:02,472 - fedguard_client - INFO - Total updates sent: 2
2025-12-01 11:23:02,476 - fedguard_client - INFO - Avg training time: 3.04s
2025-12-01 11:23:03,069 - fedguard_client - INFO - 
[Update #3] Collected 16 frames
2025-12-01 11:23:03,071 - fedguard_client - INFO - Performing local training...
2025-12-01 11:23:06,361 - fedguard_client - INFO - [OK] Training complete - Loss: 0.009788, Time: 3.29s
2025-12-01 11:23:07,684 - fedguard_client - INFO - Sending update to Kafka topic: 'model-updates' (payload size: 6505477 bytes, status: trained)...
2025-12-01 11:23:10,007 - fedguard_client - INFO - [OK] Update sent successfully (Send time: 2.32s)
2025-12-01 11:23:10,008 - fedguard_client - INFO - Total updates sent: 3
2025-12-01 11:23:10,009 - fedguard_client - INFO - Avg training time: 3.12s
2025-12-01 11:23:10,419 - fedguard_client - INFO - 
[Update #4] Collected 16 frames
2025-12-01 11:23:10,420 - fedguard_client - INFO - Performing local training...
2025-12-01 11:23:13,277 - fedguard_client - INFO - [OK] Training complete - Loss: 0.007490, Time: 2.86s
2025-12-01 11:23:14,510 - fedguard_client - INFO - Sending update to Kafka topic: 'model-updates' (payload size: 6505606 bytes, status: trained)...
2025-12-01 11:23:17,948 - fedguard_client - INFO - [OK] Update sent successfully (Send time: 3.44s)
2025-12-01 11:23:17,949 - fedguard_client - INFO - Total updates sent: 4
2025-12-01 11:23:17,949 - fedguard_client - INFO - Avg training time: 3.05s
2025-12-01 11:23:18,440 - fedguard_client - INFO - 
[Update #5] Collected 16 frames
2025-12-01 11:23:18,441 - fedguard_client - INFO - Performing local training...
2025-12-01 11:23:20,801 - fedguard_client - INFO - [OK] Training complete - Loss: 0.007005, Time: 2.36s
2025-12-01 11:23:21,988 - fedguard_client - INFO - Sending update to Kafka topic: 'model-updates' (payload size: 6505415 bytes, status: trained)...
2025-12-01 11:23:25,616 - fedguard_client - INFO - [OK] Update sent successfully (Send time: 3.63s)
2025-12-01 11:23:25,616 - fedguard_client - INFO - Total updates sent: 5
2025-12-01 11:23:25,617 - fedguard_client - INFO - Avg training time: 2.92s
2025-12-01 11:23:26,024 - fedguard_client - INFO - 
[Update #6] Collected 16 frames
2025-12-01 11:23:26,025 - fedguard_client - INFO - Performing local training...
2025-12-01 11:23:29,306 - fedguard_client - INFO - Keyboard interrupt - shutting down client
2025-12-01 11:23:29,307 - fedguard_client - INFO - Cleaning up client...
2025-12-01 11:23:29,347 - kafka.producer.kafka - INFO - Closing the Kafka producer with 4294967.0 secs timeout.
2025-12-01 11:23:29,351 - kafka.conn - INFO - <BrokerConnection node_id=1 host=localhost:9092 <connected> [IPv6 ('::1', 9092, 0, 0)]>: Closing connection. 
2025-12-01 11:23:29,352 - fedguard_client - INFO - Client Client-03 shut down successfully
