2025-12-01 17:40:04,005 - fedguard_client - INFO - ============================================================
2025-12-01 17:40:04,005 - fedguard_client - INFO - FEDERATED CLIENT: Client-3
2025-12-01 17:40:04,005 - fedguard_client - INFO - ============================================================
2025-12-01 17:40:04,006 - fedguard_client - INFO - Loading model from C:\Users\Nandini Devi\FedGuard-Project\results\models\ucsd_baseline.h5...
2025-12-01 17:40:09,813 - fedguard_client - INFO - [OK] Model loaded successfully
2025-12-01 17:40:09,814 - fedguard_client - INFO - Connecting to Kafka at localhost:9092 (topic: model-updates)...
2025-12-01 17:40:09,823 - kafka.conn - INFO - <BrokerConnection node_id=bootstrap-0 host=localhost:9092 <connecting> [IPv6 ('::1', 9092, 0, 0)]>: connecting to localhost:9092 [('::1', 9092, 0, 0) IPv6]
2025-12-01 17:40:09,825 - kafka.conn - INFO - Probing node bootstrap-0 broker version
2025-12-01 17:40:09,827 - kafka.conn - INFO - <BrokerConnection node_id=bootstrap-0 host=localhost:9092 <connecting> [IPv6 ('::1', 9092, 0, 0)]>: Connection complete.
2025-12-01 17:40:09,946 - kafka.conn - INFO - Broker version identified as 2.5.0
2025-12-01 17:40:09,947 - kafka.conn - INFO - Set configuration api_version=(2, 5, 0) to skip auto check_version requests on startup
2025-12-01 17:40:09,951 - fedguard_client - INFO - [OK] Kafka producer initialized
2025-12-01 17:40:09,951 - fedguard_client - INFO - Loading frames from: C:\Users\Nandini Devi\Downloads\uropds\UCSD_Anomaly_Dataset.v1p2\UCSDped1\Train\Train003
2025-12-01 17:40:09,954 - fedguard_client - INFO - [OK] Found 200 frames
2025-12-01 17:40:09,955 - fedguard_client - INFO - Frames per update: 16, Train batch size: 4, Image size: 128
2025-12-01 17:40:10,182 - fedguard_client - INFO - 
[Update #1] Collected 16 frames
2025-12-01 17:40:10,185 - fedguard_client - INFO - Performing local training...
2025-12-01 17:40:16,053 - fedguard_client - INFO - [OK] Training complete - Loss: 0.016538, Time: 5.87s
2025-12-01 17:40:17,308 - fedguard_client - INFO - Sending update to Kafka topic: 'model-updates' (payload size: 6502405 bytes, status: trained)...
2025-12-01 17:40:17,322 - kafka.conn - INFO - <BrokerConnection node_id=1 host=localhost:9092 <connecting> [IPv6 ('::1', 9092, 0, 0)]>: connecting to localhost:9092 [('::1', 9092, 0, 0) IPv6]
2025-12-01 17:40:17,324 - kafka.conn - INFO - <BrokerConnection node_id=1 host=localhost:9092 <connecting> [IPv6 ('::1', 9092, 0, 0)]>: Connection complete.
2025-12-01 17:40:17,325 - kafka.conn - INFO - <BrokerConnection node_id=bootstrap-0 host=localhost:9092 <connected> [IPv6 ('::1', 9092, 0, 0)]>: Closing connection. 
2025-12-01 17:40:19,371 - fedguard_client - INFO - [OK] Update sent successfully (Send time: 2.06s)
2025-12-01 17:40:19,372 - fedguard_client - INFO - Total updates sent: 1
2025-12-01 17:40:19,373 - fedguard_client - INFO - Avg training time: 5.87s
2025-12-01 17:40:19,522 - fedguard_client - INFO - 
[Update #2] Collected 16 frames
2025-12-01 17:40:19,524 - fedguard_client - INFO - Performing local training...
2025-12-01 17:40:21,756 - fedguard_client - INFO - [OK] Training complete - Loss: 0.014100, Time: 2.23s
2025-12-01 17:40:23,161 - fedguard_client - INFO - Sending update to Kafka topic: 'model-updates' (payload size: 6502784 bytes, status: trained)...
2025-12-01 17:40:25,841 - fedguard_client - INFO - [OK] Update sent successfully (Send time: 2.68s)
2025-12-01 17:40:25,842 - fedguard_client - INFO - Total updates sent: 2
2025-12-01 17:40:25,843 - fedguard_client - INFO - Avg training time: 4.05s
2025-12-01 17:40:26,016 - fedguard_client - INFO - 
[Update #3] Collected 16 frames
2025-12-01 17:40:26,017 - fedguard_client - INFO - Performing local training...
2025-12-01 17:40:28,772 - fedguard_client - INFO - [OK] Training complete - Loss: 0.008687, Time: 2.75s
2025-12-01 17:40:30,039 - fedguard_client - INFO - Sending update to Kafka topic: 'model-updates' (payload size: 6503033 bytes, status: trained)...
2025-12-01 17:40:32,290 - fedguard_client - INFO - [OK] Update sent successfully (Send time: 2.25s)
2025-12-01 17:40:32,291 - fedguard_client - INFO - Total updates sent: 3
2025-12-01 17:40:32,291 - fedguard_client - INFO - Avg training time: 3.62s
2025-12-01 17:40:32,485 - fedguard_client - INFO - 
[Update #4] Collected 16 frames
2025-12-01 17:40:32,486 - fedguard_client - INFO - Performing local training...
2025-12-01 17:40:34,929 - fedguard_client - INFO - [OK] Training complete - Loss: 0.006846, Time: 2.44s
2025-12-01 17:40:36,335 - fedguard_client - INFO - Sending update to Kafka topic: 'model-updates' (payload size: 6502920 bytes, status: trained)...
2025-12-01 17:40:40,204 - fedguard_client - INFO - [OK] Update sent successfully (Send time: 3.87s)
2025-12-01 17:40:40,205 - fedguard_client - INFO - Total updates sent: 4
2025-12-01 17:40:40,205 - fedguard_client - INFO - Avg training time: 3.32s
2025-12-01 17:40:40,446 - fedguard_client - INFO - 
[Update #5] Collected 16 frames
2025-12-01 17:40:40,448 - fedguard_client - INFO - Performing local training...
2025-12-01 17:40:42,953 - fedguard_client - INFO - [OK] Training complete - Loss: 0.006886, Time: 2.51s
2025-12-01 17:40:44,225 - fedguard_client - INFO - Sending update to Kafka topic: 'model-updates' (payload size: 6503175 bytes, status: trained)...
2025-12-01 17:40:47,967 - fedguard_client - INFO - [OK] Update sent successfully (Send time: 3.74s)
2025-12-01 17:40:47,967 - fedguard_client - INFO - Total updates sent: 5
2025-12-01 17:40:47,968 - fedguard_client - INFO - Avg training time: 3.16s
2025-12-01 17:40:48,207 - fedguard_client - INFO - 
[Update #6] Collected 16 frames
2025-12-01 17:40:48,209 - fedguard_client - INFO - Performing local training...
2025-12-01 17:40:50,566 - fedguard_client - INFO - [OK] Training complete - Loss: 0.006154, Time: 2.36s
2025-12-01 17:40:51,721 - fedguard_client - INFO - Sending update to Kafka topic: 'model-updates' (payload size: 6503190 bytes, status: trained)...
2025-12-01 17:40:55,128 - fedguard_client - INFO - [OK] Update sent successfully (Send time: 3.41s)
2025-12-01 17:40:55,128 - fedguard_client - INFO - Total updates sent: 6
2025-12-01 17:40:55,129 - fedguard_client - INFO - Avg training time: 3.03s
2025-12-01 17:40:55,357 - fedguard_client - INFO - 
[Update #7] Collected 16 frames
2025-12-01 17:40:55,358 - fedguard_client - INFO - Performing local training...
2025-12-01 17:40:58,035 - fedguard_client - INFO - [OK] Training complete - Loss: 0.005744, Time: 2.68s
2025-12-01 17:40:59,541 - fedguard_client - INFO - Sending update to Kafka topic: 'model-updates' (payload size: 6503186 bytes, status: trained)...
2025-12-01 17:41:04,682 - fedguard_client - INFO - [OK] Update sent successfully (Send time: 5.14s)
2025-12-01 17:41:04,683 - fedguard_client - INFO - Total updates sent: 7
2025-12-01 17:41:04,683 - fedguard_client - INFO - Avg training time: 2.98s
2025-12-01 17:41:04,923 - fedguard_client - INFO - 
[Update #8] Collected 16 frames
2025-12-01 17:41:04,924 - fedguard_client - INFO - Performing local training...
2025-12-01 17:41:07,449 - fedguard_client - INFO - [OK] Training complete - Loss: 0.004969, Time: 2.53s
2025-12-01 17:41:09,158 - fedguard_client - INFO - Sending update to Kafka topic: 'model-updates' (payload size: 6503222 bytes, status: trained)...
2025-12-01 17:41:13,476 - fedguard_client - INFO - [OK] Update sent successfully (Send time: 4.32s)
2025-12-01 17:41:13,476 - fedguard_client - INFO - Total updates sent: 8
2025-12-01 17:41:13,477 - fedguard_client - INFO - Avg training time: 2.92s
2025-12-01 17:41:13,716 - fedguard_client - INFO - 
[Update #9] Collected 16 frames
2025-12-01 17:41:13,716 - fedguard_client - INFO - Performing local training...
2025-12-01 17:41:15,992 - fedguard_client - INFO - [OK] Training complete - Loss: 0.004723, Time: 2.28s
2025-12-01 17:41:17,906 - fedguard_client - INFO - Sending update to Kafka topic: 'model-updates' (payload size: 6503128 bytes, status: trained)...
2025-12-01 17:41:22,717 - fedguard_client - INFO - [OK] Update sent successfully (Send time: 4.81s)
2025-12-01 17:41:22,717 - fedguard_client - INFO - Total updates sent: 9
2025-12-01 17:41:22,718 - fedguard_client - INFO - Avg training time: 2.85s
2025-12-01 17:41:22,974 - fedguard_client - INFO - 
[Update #10] Collected 16 frames
2025-12-01 17:41:22,975 - fedguard_client - INFO - Performing local training...
2025-12-01 17:41:25,525 - fedguard_client - INFO - [OK] Training complete - Loss: 0.004377, Time: 2.55s
2025-12-01 17:41:28,158 - fedguard_client - INFO - Sending update to Kafka topic: 'model-updates' (payload size: 6503346 bytes, status: trained)...
2025-12-01 17:41:32,467 - fedguard_client - INFO - [OK] Update sent successfully (Send time: 4.31s)
2025-12-01 17:41:32,468 - fedguard_client - INFO - Total updates sent: 10
2025-12-01 17:41:32,468 - fedguard_client - INFO - Avg training time: 2.82s
2025-12-01 17:41:32,719 - fedguard_client - INFO - 
[Update #11] Collected 16 frames
2025-12-01 17:41:32,720 - fedguard_client - INFO - Performing local training...
2025-12-01 17:41:35,428 - fedguard_client - INFO - [OK] Training complete - Loss: 0.004069, Time: 2.71s
2025-12-01 17:41:37,958 - fedguard_client - INFO - Sending update to Kafka topic: 'model-updates' (payload size: 6503491 bytes, status: trained)...
2025-12-01 17:41:41,091 - fedguard_client - INFO - [OK] Update sent successfully (Send time: 3.13s)
2025-12-01 17:41:41,092 - fedguard_client - INFO - Total updates sent: 11
2025-12-01 17:41:41,092 - fedguard_client - INFO - Avg training time: 2.81s
2025-12-01 17:41:41,342 - fedguard_client - INFO - 
[Update #12] Collected 16 frames
2025-12-01 17:41:41,343 - fedguard_client - INFO - Performing local training...
2025-12-01 17:41:44,144 - fedguard_client - INFO - [OK] Training complete - Loss: 0.003712, Time: 2.80s
2025-12-01 17:41:44,174 - fedguard_client - INFO - Keyboard interrupt - shutting down client
2025-12-01 17:41:44,175 - fedguard_client - INFO - Cleaning up client...
2025-12-01 17:41:44,202 - kafka.producer.kafka - INFO - Closing the Kafka producer with 4294967.0 secs timeout.
2025-12-01 17:41:44,204 - kafka.conn - INFO - <BrokerConnection node_id=1 host=localhost:9092 <connected> [IPv6 ('::1', 9092, 0, 0)]>: Closing connection. 
2025-12-01 17:41:44,205 - fedguard_client - INFO - Client Client-3 shut down successfully
