2025-12-01 11:03:59,200 - fedguard_client - INFO - ============================================================
2025-12-01 11:03:59,200 - fedguard_client - INFO - FEDERATED CLIENT: Client-01
2025-12-01 11:03:59,200 - fedguard_client - INFO - ============================================================
2025-12-01 11:03:59,200 - fedguard_client - INFO - Loading model from C:\Users\Nandini Devi\FedGuard-Project\results\models\ucsd_baseline.h5...
2025-12-01 11:04:02,931 - fedguard_client - INFO - [OK] Model loaded successfully
2025-12-01 11:04:02,931 - fedguard_client - INFO - Connecting to Kafka at localhost:9092 (topic: model-updates)...
2025-12-01 11:04:02,941 - kafka.conn - INFO - <BrokerConnection node_id=bootstrap-0 host=localhost:9092 <connecting> [IPv6 ('::1', 9092, 0, 0)]>: connecting to localhost:9092 [('::1', 9092, 0, 0) IPv6]
2025-12-01 11:04:02,942 - kafka.conn - INFO - Probing node bootstrap-0 broker version
2025-12-01 11:04:02,943 - kafka.conn - INFO - <BrokerConnection node_id=bootstrap-0 host=localhost:9092 <connecting> [IPv6 ('::1', 9092, 0, 0)]>: Connection complete.
2025-12-01 11:04:03,061 - kafka.conn - INFO - Broker version identified as 2.5.0
2025-12-01 11:04:03,062 - kafka.conn - INFO - Set configuration api_version=(2, 5, 0) to skip auto check_version requests on startup
2025-12-01 11:04:03,063 - fedguard_client - INFO - [OK] Kafka producer initialized
2025-12-01 11:04:03,064 - fedguard_client - INFO - Loading frames from: C:\Users\Nandini Devi\Downloads\uropds\UCSD_Anomaly_Dataset.v1p2\UCSDped1\Train\Train001
2025-12-01 11:04:03,070 - fedguard_client - INFO - [OK] Found 200 frames
2025-12-01 11:04:03,070 - fedguard_client - INFO - Frames per update: 16, Train batch size: 4, Image size: 128
2025-12-01 11:04:03,558 - fedguard_client - INFO - 
[Update #1] Collected 16 frames
2025-12-01 11:04:03,559 - fedguard_client - INFO - Performing local training...
2025-12-01 11:04:06,599 - fedguard_client - INFO - [OK] Training complete - Loss: 0.011931, Time: 3.04s
2025-12-01 11:04:07,458 - fedguard_client - INFO - Sending update to Kafka topic: 'model-updates' (payload size: 6505192 bytes, status: trained)...
2025-12-01 11:04:07,476 - kafka.conn - INFO - <BrokerConnection node_id=1 host=localhost:9092 <connecting> [IPv6 ('::1', 9092, 0, 0)]>: connecting to localhost:9092 [('::1', 9092, 0, 0) IPv6]
2025-12-01 11:04:07,479 - kafka.conn - INFO - <BrokerConnection node_id=1 host=localhost:9092 <connecting> [IPv6 ('::1', 9092, 0, 0)]>: Connection complete.
2025-12-01 11:04:07,481 - kafka.conn - INFO - <BrokerConnection node_id=bootstrap-0 host=localhost:9092 <connected> [IPv6 ('::1', 9092, 0, 0)]>: Closing connection. 
2025-12-01 11:04:09,219 - fedguard_client - INFO - [OK] Update sent successfully (Send time: 1.76s)
2025-12-01 11:04:09,219 - fedguard_client - INFO - Total updates sent: 1
2025-12-01 11:04:09,219 - fedguard_client - INFO - Avg training time: 3.04s
2025-12-01 11:04:09,645 - fedguard_client - INFO - 
[Update #2] Collected 16 frames
2025-12-01 11:04:09,646 - fedguard_client - INFO - Performing local training...
2025-12-01 11:04:11,052 - fedguard_client - INFO - [OK] Training complete - Loss: 0.006850, Time: 1.41s
2025-12-01 11:04:11,957 - fedguard_client - INFO - Sending update to Kafka topic: 'model-updates' (payload size: 6505906 bytes, status: trained)...
2025-12-01 11:04:13,546 - fedguard_client - INFO - [OK] Update sent successfully (Send time: 1.59s)
2025-12-01 11:04:13,548 - fedguard_client - INFO - Total updates sent: 2
2025-12-01 11:04:13,549 - fedguard_client - INFO - Avg training time: 2.22s
2025-12-01 11:04:14,046 - fedguard_client - INFO - 
[Update #3] Collected 16 frames
2025-12-01 11:04:14,047 - fedguard_client - INFO - Performing local training...
2025-12-01 11:04:15,323 - fedguard_client - INFO - [OK] Training complete - Loss: 0.005326, Time: 1.27s
2025-12-01 11:04:15,900 - fedguard_client - INFO - Sending update to Kafka topic: 'model-updates' (payload size: 6505686 bytes, status: trained)...
2025-12-01 11:04:17,470 - fedguard_client - INFO - [OK] Update sent successfully (Send time: 1.57s)
2025-12-01 11:04:17,471 - fedguard_client - INFO - Total updates sent: 3
2025-12-01 11:04:17,472 - fedguard_client - INFO - Avg training time: 1.91s
2025-12-01 11:04:18,009 - fedguard_client - INFO - 
[Update #4] Collected 16 frames
2025-12-01 11:04:18,010 - fedguard_client - INFO - Performing local training...
2025-12-01 11:04:19,437 - fedguard_client - INFO - [OK] Training complete - Loss: 0.004324, Time: 1.43s
2025-12-01 11:04:20,268 - fedguard_client - INFO - Sending update to Kafka topic: 'model-updates' (payload size: 6505398 bytes, status: trained)...
2025-12-01 11:04:21,992 - fedguard_client - INFO - [OK] Update sent successfully (Send time: 1.72s)
2025-12-01 11:04:21,993 - fedguard_client - INFO - Total updates sent: 4
2025-12-01 11:04:21,993 - fedguard_client - INFO - Avg training time: 1.79s
2025-12-01 11:04:22,428 - fedguard_client - INFO - 
[Update #5] Collected 16 frames
2025-12-01 11:04:22,429 - fedguard_client - INFO - Performing local training...
2025-12-01 11:04:23,936 - fedguard_client - INFO - [OK] Training complete - Loss: 0.003455, Time: 1.51s
2025-12-01 11:04:24,676 - fedguard_client - INFO - Sending update to Kafka topic: 'model-updates' (payload size: 6505401 bytes, status: trained)...
2025-12-01 11:04:26,326 - fedguard_client - INFO - [OK] Update sent successfully (Send time: 1.65s)
2025-12-01 11:04:26,326 - fedguard_client - INFO - Total updates sent: 5
2025-12-01 11:04:26,327 - fedguard_client - INFO - Avg training time: 1.73s
2025-12-01 11:04:26,707 - fedguard_client - INFO - 
[Update #6] Collected 16 frames
2025-12-01 11:04:26,708 - fedguard_client - INFO - Performing local training...
2025-12-01 11:04:28,566 - fedguard_client - INFO - [OK] Training complete - Loss: 0.003325, Time: 1.86s
2025-12-01 11:04:30,047 - fedguard_client - INFO - Sending update to Kafka topic: 'model-updates' (payload size: 6505622 bytes, status: trained)...
2025-12-01 11:04:32,222 - fedguard_client - INFO - [OK] Update sent successfully (Send time: 2.17s)
2025-12-01 11:04:32,223 - fedguard_client - INFO - Total updates sent: 6
2025-12-01 11:04:32,223 - fedguard_client - INFO - Avg training time: 1.75s
2025-12-01 11:04:32,712 - fedguard_client - INFO - 
[Update #7] Collected 16 frames
2025-12-01 11:04:32,713 - fedguard_client - INFO - Performing local training...
2025-12-01 11:04:35,334 - fedguard_client - INFO - [OK] Training complete - Loss: 0.003067, Time: 2.62s
2025-12-01 11:04:37,372 - fedguard_client - INFO - Sending update to Kafka topic: 'model-updates' (payload size: 6505840 bytes, status: trained)...
2025-12-01 11:04:39,307 - fedguard_client - INFO - [OK] Update sent successfully (Send time: 1.93s)
2025-12-01 11:04:39,308 - fedguard_client - INFO - Total updates sent: 7
2025-12-01 11:04:39,308 - fedguard_client - INFO - Avg training time: 1.88s
2025-12-01 11:04:39,775 - fedguard_client - INFO - 
[Update #8] Collected 16 frames
2025-12-01 11:04:39,778 - fedguard_client - INFO - Performing local training...
2025-12-01 11:04:41,682 - fedguard_client - INFO - [OK] Training complete - Loss: 0.003195, Time: 1.90s
2025-12-01 11:04:43,673 - fedguard_client - INFO - Sending update to Kafka topic: 'model-updates' (payload size: 6505649 bytes, status: trained)...
2025-12-01 11:04:46,123 - fedguard_client - INFO - [OK] Update sent successfully (Send time: 2.45s)
2025-12-01 11:04:46,124 - fedguard_client - INFO - Total updates sent: 8
2025-12-01 11:04:46,124 - fedguard_client - INFO - Avg training time: 1.88s
2025-12-01 11:04:46,597 - fedguard_client - INFO - 
[Update #9] Collected 16 frames
2025-12-01 11:04:46,599 - fedguard_client - INFO - Performing local training...
2025-12-01 11:04:48,557 - fedguard_client - INFO - [OK] Training complete - Loss: 0.003164, Time: 1.96s
2025-12-01 11:04:50,209 - fedguard_client - INFO - Sending update to Kafka topic: 'model-updates' (payload size: 6506212 bytes, status: trained)...
2025-12-01 11:04:52,316 - fedguard_client - INFO - [OK] Update sent successfully (Send time: 2.11s)
2025-12-01 11:04:52,316 - fedguard_client - INFO - Total updates sent: 9
2025-12-01 11:04:52,316 - fedguard_client - INFO - Avg training time: 1.89s
2025-12-01 11:04:52,749 - fedguard_client - INFO - 
[Update #10] Collected 16 frames
2025-12-01 11:04:52,752 - fedguard_client - INFO - Performing local training...
2025-12-01 11:04:54,917 - fedguard_client - INFO - [OK] Training complete - Loss: 0.002304, Time: 2.17s
2025-12-01 11:04:56,089 - fedguard_client - INFO - Sending update to Kafka topic: 'model-updates' (payload size: 6505653 bytes, status: trained)...
2025-12-01 11:04:58,488 - fedguard_client - INFO - [OK] Update sent successfully (Send time: 2.40s)
2025-12-01 11:04:58,488 - fedguard_client - INFO - Total updates sent: 10
2025-12-01 11:04:58,489 - fedguard_client - INFO - Avg training time: 1.92s
2025-12-01 11:04:58,963 - fedguard_client - INFO - 
[Update #11] Collected 16 frames
2025-12-01 11:04:58,964 - fedguard_client - INFO - Performing local training...
2025-12-01 11:05:00,604 - fedguard_client - INFO - [OK] Training complete - Loss: 0.001702, Time: 1.64s
2025-12-01 11:05:02,584 - fedguard_client - INFO - Sending update to Kafka topic: 'model-updates' (payload size: 6505909 bytes, status: trained)...
2025-12-01 11:05:05,163 - fedguard_client - INFO - [OK] Update sent successfully (Send time: 2.58s)
2025-12-01 11:05:05,163 - fedguard_client - INFO - Total updates sent: 11
2025-12-01 11:05:05,164 - fedguard_client - INFO - Avg training time: 1.89s
2025-12-01 11:05:05,580 - fedguard_client - INFO - 
[Update #12] Collected 16 frames
2025-12-01 11:05:05,581 - fedguard_client - INFO - Performing local training...
2025-12-01 11:05:08,180 - fedguard_client - INFO - [OK] Training complete - Loss: 0.001721, Time: 2.60s
2025-12-01 11:05:09,864 - fedguard_client - INFO - Sending update to Kafka topic: 'model-updates' (payload size: 6506186 bytes, status: trained)...
2025-12-01 11:05:11,786 - fedguard_client - INFO - [OK] Update sent successfully (Send time: 1.92s)
2025-12-01 11:05:11,787 - fedguard_client - INFO - Total updates sent: 12
2025-12-01 11:05:11,787 - fedguard_client - INFO - Avg training time: 1.95s
2025-12-01 11:05:12,055 - fedguard_client - INFO - 
[Update #13] Collected 16 frames
2025-12-01 11:05:12,058 - fedguard_client - INFO - Performing local training...
2025-12-01 11:05:14,374 - fedguard_client - INFO - [OK] Training complete - Loss: 0.002073, Time: 2.32s
2025-12-01 11:05:16,450 - fedguard_client - INFO - Sending update to Kafka topic: 'model-updates' (payload size: 6505640 bytes, status: trained)...
2025-12-01 11:05:18,883 - fedguard_client - INFO - [OK] Update sent successfully (Send time: 2.43s)
2025-12-01 11:05:18,884 - fedguard_client - INFO - Total updates sent: 13
2025-12-01 11:05:18,886 - fedguard_client - INFO - Avg training time: 1.98s
2025-12-01 11:05:19,132 - fedguard_client - INFO - 
[Update #14] Collected 16 frames
2025-12-01 11:05:19,133 - fedguard_client - INFO - Performing local training...
2025-12-01 11:05:21,403 - fedguard_client - INFO - [OK] Training complete - Loss: 0.002245, Time: 2.27s
2025-12-01 11:05:24,521 - fedguard_client - INFO - Sending update to Kafka topic: 'model-updates' (payload size: 6505508 bytes, status: trained)...
2025-12-01 11:05:27,063 - fedguard_client - INFO - [OK] Update sent successfully (Send time: 2.54s)
2025-12-01 11:05:27,063 - fedguard_client - INFO - Total updates sent: 14
2025-12-01 11:05:27,063 - fedguard_client - INFO - Avg training time: 2.00s
2025-12-01 11:05:27,301 - fedguard_client - INFO - 
[Update #15] Collected 16 frames
2025-12-01 11:05:27,302 - fedguard_client - INFO - Performing local training...
2025-12-01 11:05:29,113 - fedguard_client - INFO - [OK] Training complete - Loss: 0.002134, Time: 1.81s
2025-12-01 11:05:31,734 - fedguard_client - INFO - Sending update to Kafka topic: 'model-updates' (payload size: 6505735 bytes, status: trained)...
2025-12-01 11:05:33,934 - fedguard_client - INFO - [OK] Update sent successfully (Send time: 2.20s)
2025-12-01 11:05:33,935 - fedguard_client - INFO - Total updates sent: 15
2025-12-01 11:05:33,935 - fedguard_client - INFO - Avg training time: 1.99s
2025-12-01 11:05:34,200 - fedguard_client - INFO - 
[Update #16] Collected 16 frames
2025-12-01 11:05:34,201 - fedguard_client - INFO - Performing local training...
2025-12-01 11:05:36,134 - fedguard_client - INFO - [OK] Training complete - Loss: 0.002244, Time: 1.93s
2025-12-01 11:05:38,831 - fedguard_client - INFO - Sending update to Kafka topic: 'model-updates' (payload size: 6505864 bytes, status: trained)...
2025-12-01 11:05:40,685 - fedguard_client - INFO - [OK] Update sent successfully (Send time: 1.85s)
2025-12-01 11:05:40,685 - fedguard_client - INFO - Total updates sent: 16
2025-12-01 11:05:40,685 - fedguard_client - INFO - Avg training time: 1.98s
2025-12-01 11:05:40,927 - fedguard_client - INFO - 
[Update #17] Collected 16 frames
2025-12-01 11:05:40,928 - fedguard_client - INFO - Performing local training...
2025-12-01 11:05:42,754 - fedguard_client - INFO - [OK] Training complete - Loss: 0.002127, Time: 1.83s
2025-12-01 11:05:45,554 - fedguard_client - INFO - Sending update to Kafka topic: 'model-updates' (payload size: 6506057 bytes, status: trained)...
2025-12-01 11:05:47,655 - fedguard_client - INFO - [OK] Update sent successfully (Send time: 2.10s)
2025-12-01 11:05:47,655 - fedguard_client - INFO - Total updates sent: 17
2025-12-01 11:05:47,656 - fedguard_client - INFO - Avg training time: 1.97s
2025-12-01 11:05:47,880 - fedguard_client - INFO - 
[Update #18] Collected 16 frames
2025-12-01 11:05:47,880 - fedguard_client - INFO - Performing local training...
2025-12-01 11:05:49,136 - fedguard_client - INFO - Keyboard interrupt - shutting down client
2025-12-01 11:05:49,137 - fedguard_client - INFO - Cleaning up client...
2025-12-01 11:05:49,162 - kafka.producer.kafka - INFO - Closing the Kafka producer with 4294967.0 secs timeout.
2025-12-01 11:05:49,163 - kafka.conn - INFO - <BrokerConnection node_id=1 host=localhost:9092 <connected> [IPv6 ('::1', 9092, 0, 0)]>: Closing connection. 
2025-12-01 11:05:49,164 - fedguard_client - INFO - Client Client-01 shut down successfully
