2025-12-06 16:16:12,339 - fedguard_client - INFO - ============================================================
2025-12-06 16:16:12,339 - fedguard_client - INFO - FEDERATED CLIENT: Client-1
2025-12-06 16:16:12,341 - fedguard_client - INFO - ============================================================
2025-12-06 16:16:12,342 - fedguard_client - INFO - Loading model from C:\Users\Nandini Devi\FedGuard-Project\results\models\ucsd_baseline.h5...
2025-12-06 16:16:17,298 - fedguard_client - INFO - [OK] Model loaded successfully
2025-12-06 16:16:17,298 - fedguard_client - INFO - Connecting to Kafka at localhost:9092 (topic: model-updates)...
2025-12-06 16:16:17,304 - kafka.conn - INFO - <BrokerConnection node_id=bootstrap-0 host=localhost:9092 <connecting> [IPv6 ('::1', 9092, 0, 0)]>: connecting to localhost:9092 [('::1', 9092, 0, 0) IPv6]
2025-12-06 16:16:17,305 - kafka.conn - INFO - Probing node bootstrap-0 broker version
2025-12-06 16:16:17,306 - kafka.conn - INFO - <BrokerConnection node_id=bootstrap-0 host=localhost:9092 <connecting> [IPv6 ('::1', 9092, 0, 0)]>: Connection complete.
2025-12-06 16:16:17,432 - kafka.conn - INFO - Broker version identified as 2.5.0
2025-12-06 16:16:17,433 - kafka.conn - INFO - Set configuration api_version=(2, 5, 0) to skip auto check_version requests on startup
2025-12-06 16:16:17,434 - fedguard_client - INFO - [OK] Kafka producer initialized
2025-12-06 16:16:17,435 - fedguard_client - INFO - Loading frames from: C:\Users\Nandini Devi\Downloads\uropds\UCSD_Anomaly_Dataset.v1p2\UCSDped1\Train\Train001
2025-12-06 16:16:17,437 - fedguard_client - INFO - [OK] Found 200 frames
2025-12-06 16:16:17,438 - fedguard_client - INFO - Frames per update: 16, Train batch size: 4, Image size: 128
2025-12-06 16:16:17,845 - fedguard_client - INFO - 
[Update #1] Collected 16 frames
2025-12-06 16:16:17,846 - fedguard_client - INFO - Performing local training...
2025-12-06 16:16:23,721 - fedguard_client - INFO - [OK] Training complete - Loss: 0.009884, Time: 5.87s
2025-12-06 16:16:25,329 - fedguard_client - INFO - Sending update to Kafka topic: 'model-updates' (payload size: 6502817 bytes, status: trained)...
2025-12-06 16:16:25,342 - kafka.conn - INFO - <BrokerConnection node_id=1 host=localhost:9092 <connecting> [IPv6 ('::1', 9092, 0, 0)]>: connecting to localhost:9092 [('::1', 9092, 0, 0) IPv6]
2025-12-06 16:16:25,345 - kafka.conn - INFO - <BrokerConnection node_id=1 host=localhost:9092 <connecting> [IPv6 ('::1', 9092, 0, 0)]>: Connection complete.
2025-12-06 16:16:25,345 - kafka.conn - INFO - <BrokerConnection node_id=bootstrap-0 host=localhost:9092 <connected> [IPv6 ('::1', 9092, 0, 0)]>: Closing connection. 
2025-12-06 16:16:29,965 - fedguard_client - INFO - [OK] Update sent successfully (Send time: 4.64s)
2025-12-06 16:16:29,979 - fedguard_client - INFO - Total updates sent: 1
2025-12-06 16:16:29,980 - fedguard_client - INFO - Avg training time: 5.87s
2025-12-06 16:16:30,301 - fedguard_client - INFO - 
[Update #2] Collected 16 frames
2025-12-06 16:16:30,303 - fedguard_client - INFO - Performing local training...
2025-12-06 16:16:38,896 - fedguard_client - INFO - [OK] Training complete - Loss: 0.007696, Time: 8.59s
2025-12-06 16:16:40,921 - fedguard_client - INFO - Sending update to Kafka topic: 'model-updates' (payload size: 6503115 bytes, status: trained)...
2025-12-06 16:16:45,004 - fedguard_client - INFO - [OK] Update sent successfully (Send time: 4.08s)
2025-12-06 16:16:45,004 - fedguard_client - INFO - Total updates sent: 2
2025-12-06 16:16:45,006 - fedguard_client - INFO - Avg training time: 7.23s
2025-12-06 16:16:45,366 - fedguard_client - INFO - 
[Update #3] Collected 16 frames
2025-12-06 16:16:45,373 - fedguard_client - INFO - Performing local training...
2025-12-06 16:16:54,161 - fedguard_client - INFO - [OK] Training complete - Loss: 0.004903, Time: 8.75s
2025-12-06 16:16:55,388 - fedguard_client - INFO - Sending update to Kafka topic: 'model-updates' (payload size: 6502842 bytes, status: trained)...
2025-12-06 16:16:58,634 - fedguard_client - INFO - [OK] Update sent successfully (Send time: 3.24s)
2025-12-06 16:16:58,635 - fedguard_client - INFO - Total updates sent: 3
2025-12-06 16:16:58,635 - fedguard_client - INFO - Avg training time: 7.74s
2025-12-06 16:16:59,075 - fedguard_client - INFO - 
[Update #4] Collected 16 frames
2025-12-06 16:16:59,075 - fedguard_client - INFO - Performing local training...
2025-12-06 16:17:03,389 - fedguard_client - INFO - [OK] Training complete - Loss: 0.003964, Time: 4.31s
2025-12-06 16:17:04,578 - fedguard_client - INFO - Sending update to Kafka topic: 'model-updates' (payload size: 6502796 bytes, status: trained)...
2025-12-06 16:17:07,404 - fedguard_client - INFO - [OK] Update sent successfully (Send time: 2.83s)
2025-12-06 16:17:07,404 - fedguard_client - INFO - Total updates sent: 4
2025-12-06 16:17:07,404 - fedguard_client - INFO - Avg training time: 6.88s
2025-12-06 16:17:07,766 - fedguard_client - INFO - 
[Update #5] Collected 16 frames
2025-12-06 16:17:07,767 - fedguard_client - INFO - Performing local training...
2025-12-06 16:17:14,450 - fedguard_client - INFO - [OK] Training complete - Loss: 0.003360, Time: 6.68s
2025-12-06 16:17:15,701 - fedguard_client - INFO - Sending update to Kafka topic: 'model-updates' (payload size: 6502824 bytes, status: trained)...
2025-12-06 16:17:18,747 - fedguard_client - INFO - [OK] Update sent successfully (Send time: 3.04s)
2025-12-06 16:17:18,747 - fedguard_client - INFO - Total updates sent: 5
2025-12-06 16:17:18,748 - fedguard_client - INFO - Avg training time: 6.84s
2025-12-06 16:17:19,163 - fedguard_client - INFO - 
[Update #6] Collected 16 frames
2025-12-06 16:17:19,164 - fedguard_client - INFO - Performing local training...
2025-12-06 16:17:23,988 - fedguard_client - INFO - [OK] Training complete - Loss: 0.002959, Time: 4.82s
2025-12-06 16:17:25,363 - fedguard_client - INFO - Sending update to Kafka topic: 'model-updates' (payload size: 6502880 bytes, status: trained)...
2025-12-06 16:17:28,460 - fedguard_client - INFO - [OK] Update sent successfully (Send time: 3.10s)
2025-12-06 16:17:28,461 - fedguard_client - INFO - Total updates sent: 6
2025-12-06 16:17:28,461 - fedguard_client - INFO - Avg training time: 6.51s
2025-12-06 16:17:28,921 - fedguard_client - INFO - 
[Update #7] Collected 16 frames
2025-12-06 16:17:28,923 - fedguard_client - INFO - Performing local training...
2025-12-06 16:17:34,044 - fedguard_client - INFO - [OK] Training complete - Loss: 0.002906, Time: 5.12s
2025-12-06 16:17:35,370 - fedguard_client - INFO - Sending update to Kafka topic: 'model-updates' (payload size: 6502823 bytes, status: trained)...
2025-12-06 16:17:38,488 - fedguard_client - INFO - [OK] Update sent successfully (Send time: 3.12s)
2025-12-06 16:17:38,489 - fedguard_client - INFO - Total updates sent: 7
2025-12-06 16:17:38,489 - fedguard_client - INFO - Avg training time: 6.31s
2025-12-06 16:17:38,934 - fedguard_client - INFO - 
[Update #8] Collected 16 frames
2025-12-06 16:17:38,936 - fedguard_client - INFO - Performing local training...
2025-12-06 16:17:43,932 - fedguard_client - INFO - [OK] Training complete - Loss: 0.003140, Time: 5.00s
2025-12-06 16:17:45,172 - fedguard_client - INFO - Sending update to Kafka topic: 'model-updates' (payload size: 6503013 bytes, status: trained)...
2025-12-06 16:17:47,800 - fedguard_client - INFO - [OK] Update sent successfully (Send time: 2.63s)
2025-12-06 16:17:47,802 - fedguard_client - INFO - Total updates sent: 8
2025-12-06 16:17:47,802 - fedguard_client - INFO - Avg training time: 6.14s
2025-12-06 16:17:48,223 - fedguard_client - INFO - 
[Update #9] Collected 16 frames
2025-12-06 16:17:48,224 - fedguard_client - INFO - Performing local training...
2025-12-06 16:17:54,012 - fedguard_client - INFO - [OK] Training complete - Loss: 0.002956, Time: 5.79s
2025-12-06 16:17:55,355 - fedguard_client - INFO - Sending update to Kafka topic: 'model-updates' (payload size: 6503244 bytes, status: trained)...
2025-12-06 16:17:58,101 - fedguard_client - INFO - [OK] Update sent successfully (Send time: 2.75s)
2025-12-06 16:17:58,102 - fedguard_client - INFO - Total updates sent: 9
2025-12-06 16:17:58,102 - fedguard_client - INFO - Avg training time: 6.10s
2025-12-06 16:17:58,654 - fedguard_client - INFO - 
[Update #10] Collected 16 frames
2025-12-06 16:17:58,655 - fedguard_client - INFO - Performing local training...
2025-12-06 16:18:02,002 - fedguard_client - INFO - [OK] Training complete - Loss: 0.002215, Time: 3.35s
2025-12-06 16:18:03,169 - fedguard_client - INFO - Sending update to Kafka topic: 'model-updates' (payload size: 6503112 bytes, status: trained)...
2025-12-06 16:18:05,813 - fedguard_client - INFO - [OK] Update sent successfully (Send time: 2.64s)
2025-12-06 16:18:05,813 - fedguard_client - INFO - Total updates sent: 10
2025-12-06 16:18:05,813 - fedguard_client - INFO - Avg training time: 5.83s
2025-12-06 16:18:06,334 - fedguard_client - INFO - 
[Update #11] Collected 16 frames
2025-12-06 16:18:06,336 - fedguard_client - INFO - Performing local training...
2025-12-06 16:18:15,212 - fedguard_client - INFO - [OK] Training complete - Loss: 0.001702, Time: 8.87s
2025-12-06 16:18:16,606 - fedguard_client - INFO - Sending update to Kafka topic: 'model-updates' (payload size: 6502740 bytes, status: trained)...
2025-12-06 16:18:19,191 - fedguard_client - INFO - [OK] Update sent successfully (Send time: 2.58s)
2025-12-06 16:18:19,191 - fedguard_client - INFO - Total updates sent: 11
2025-12-06 16:18:19,193 - fedguard_client - INFO - Avg training time: 6.11s
2025-12-06 16:18:19,669 - fedguard_client - INFO - 
[Update #12] Collected 16 frames
2025-12-06 16:18:19,670 - fedguard_client - INFO - Performing local training...
2025-12-06 16:18:24,298 - fedguard_client - INFO - [OK] Training complete - Loss: 0.001684, Time: 4.63s
2025-12-06 16:18:26,057 - fedguard_client - INFO - Sending update to Kafka topic: 'model-updates' (payload size: 6502943 bytes, status: trained)...
2025-12-06 16:18:28,706 - fedguard_client - INFO - [OK] Update sent successfully (Send time: 2.65s)
2025-12-06 16:18:28,707 - fedguard_client - INFO - Total updates sent: 12
2025-12-06 16:18:28,707 - fedguard_client - INFO - Avg training time: 5.98s
2025-12-06 16:18:29,174 - fedguard_client - INFO - 
[Update #13] Collected 16 frames
2025-12-06 16:18:29,177 - fedguard_client - INFO - Performing local training...
2025-12-06 16:18:35,259 - fedguard_client - INFO - [OK] Training complete - Loss: 0.001986, Time: 6.08s
2025-12-06 16:18:36,518 - fedguard_client - INFO - Sending update to Kafka topic: 'model-updates' (payload size: 6502879 bytes, status: trained)...
2025-12-06 16:18:38,970 - fedguard_client - INFO - [OK] Update sent successfully (Send time: 2.45s)
2025-12-06 16:18:38,970 - fedguard_client - INFO - Total updates sent: 13
2025-12-06 16:18:38,971 - fedguard_client - INFO - Avg training time: 5.99s
2025-12-06 16:18:39,258 - fedguard_client - INFO - 
[Update #14] Collected 16 frames
2025-12-06 16:18:39,259 - fedguard_client - INFO - Performing local training...
2025-12-06 16:18:44,931 - fedguard_client - INFO - [OK] Training complete - Loss: 0.002140, Time: 5.67s
2025-12-06 16:18:46,113 - fedguard_client - INFO - Sending update to Kafka topic: 'model-updates' (payload size: 6503051 bytes, status: trained)...
2025-12-06 16:18:48,725 - fedguard_client - INFO - [OK] Update sent successfully (Send time: 2.58s)
2025-12-06 16:18:48,725 - fedguard_client - INFO - Total updates sent: 14
2025-12-06 16:18:48,725 - fedguard_client - INFO - Avg training time: 5.97s
2025-12-06 16:18:49,041 - fedguard_client - INFO - 
[Update #15] Collected 16 frames
2025-12-06 16:18:49,043 - fedguard_client - INFO - Performing local training...
2025-12-06 16:18:55,091 - fedguard_client - INFO - [OK] Training complete - Loss: 0.002105, Time: 6.05s
2025-12-06 16:18:56,225 - fedguard_client - INFO - Sending update to Kafka topic: 'model-updates' (payload size: 6503140 bytes, status: trained)...
2025-12-06 16:18:59,028 - fedguard_client - INFO - [OK] Update sent successfully (Send time: 2.80s)
2025-12-06 16:18:59,029 - fedguard_client - INFO - Total updates sent: 15
2025-12-06 16:18:59,029 - fedguard_client - INFO - Avg training time: 5.97s
2025-12-06 16:18:59,327 - fedguard_client - INFO - 
[Update #16] Collected 16 frames
2025-12-06 16:18:59,329 - fedguard_client - INFO - Performing local training...
2025-12-06 16:19:05,306 - fedguard_client - INFO - [OK] Training complete - Loss: 0.002221, Time: 5.98s
2025-12-06 16:19:06,523 - fedguard_client - INFO - Sending update to Kafka topic: 'model-updates' (payload size: 6503223 bytes, status: trained)...
2025-12-06 16:19:09,491 - fedguard_client - INFO - [OK] Update sent successfully (Send time: 2.97s)
2025-12-06 16:19:09,491 - fedguard_client - INFO - Total updates sent: 16
2025-12-06 16:19:09,492 - fedguard_client - INFO - Avg training time: 5.97s
2025-12-06 16:19:09,732 - fedguard_client - INFO - 
[Update #17] Collected 16 frames
2025-12-06 16:19:09,734 - fedguard_client - INFO - Performing local training...
2025-12-06 16:19:16,098 - fedguard_client - INFO - [OK] Training complete - Loss: 0.002203, Time: 6.36s
2025-12-06 16:19:17,262 - fedguard_client - INFO - Sending update to Kafka topic: 'model-updates' (payload size: 6503226 bytes, status: trained)...
2025-12-06 16:19:19,920 - fedguard_client - INFO - [OK] Update sent successfully (Send time: 2.66s)
2025-12-06 16:19:19,921 - fedguard_client - INFO - Total updates sent: 17
2025-12-06 16:19:19,921 - fedguard_client - INFO - Avg training time: 6.00s
2025-12-06 16:19:20,164 - fedguard_client - INFO - 
[Update #18] Collected 16 frames
2025-12-06 16:19:20,166 - fedguard_client - INFO - Performing local training...
2025-12-06 16:19:26,201 - fedguard_client - INFO - [OK] Training complete - Loss: 0.002078, Time: 6.03s
2025-12-06 16:19:27,498 - fedguard_client - INFO - Sending update to Kafka topic: 'model-updates' (payload size: 6503444 bytes, status: trained)...
2025-12-06 16:19:29,992 - fedguard_client - INFO - [OK] Update sent successfully (Send time: 2.49s)
2025-12-06 16:19:29,993 - fedguard_client - INFO - Total updates sent: 18
2025-12-06 16:19:29,993 - fedguard_client - INFO - Avg training time: 6.00s
2025-12-06 16:19:30,245 - fedguard_client - INFO - 
[Update #19] Collected 16 frames
2025-12-06 16:19:30,247 - fedguard_client - INFO - Performing local training...
2025-12-06 16:19:36,265 - fedguard_client - INFO - [OK] Training complete - Loss: 0.002184, Time: 6.02s
2025-12-06 16:19:37,496 - fedguard_client - INFO - Sending update to Kafka topic: 'model-updates' (payload size: 6503377 bytes, status: trained)...
2025-12-06 16:19:39,947 - fedguard_client - INFO - [OK] Update sent successfully (Send time: 2.45s)
2025-12-06 16:19:39,948 - fedguard_client - INFO - Total updates sent: 19
2025-12-06 16:19:39,949 - fedguard_client - INFO - Avg training time: 6.00s
2025-12-06 16:19:40,273 - fedguard_client - INFO - 
[Update #20] Collected 16 frames
2025-12-06 16:19:40,275 - fedguard_client - INFO - Performing local training...
2025-12-06 16:19:45,449 - fedguard_client - INFO - [OK] Training complete - Loss: 0.002345, Time: 5.17s
2025-12-06 16:19:46,728 - fedguard_client - INFO - Sending update to Kafka topic: 'model-updates' (payload size: 6503058 bytes, status: trained)...
2025-12-06 16:19:49,395 - fedguard_client - INFO - [OK] Update sent successfully (Send time: 2.67s)
2025-12-06 16:19:49,395 - fedguard_client - INFO - Total updates sent: 20
2025-12-06 16:19:49,396 - fedguard_client - INFO - Avg training time: 5.96s
2025-12-06 16:19:49,699 - fedguard_client - INFO - 
[Update #21] Collected 16 frames
2025-12-06 16:19:49,700 - fedguard_client - INFO - Performing local training...
2025-12-06 16:19:55,289 - fedguard_client - INFO - [OK] Training complete - Loss: 0.002546, Time: 5.59s
2025-12-06 16:19:56,592 - fedguard_client - INFO - Sending update to Kafka topic: 'model-updates' (payload size: 6503051 bytes, status: trained)...
2025-12-06 16:19:59,096 - fedguard_client - INFO - [OK] Update sent successfully (Send time: 2.50s)
2025-12-06 16:19:59,096 - fedguard_client - INFO - Total updates sent: 21
2025-12-06 16:19:59,097 - fedguard_client - INFO - Avg training time: 5.94s
2025-12-06 16:19:59,399 - fedguard_client - INFO - 
[Update #22] Collected 16 frames
2025-12-06 16:19:59,400 - fedguard_client - INFO - Performing local training...
2025-12-06 16:20:05,549 - fedguard_client - INFO - [OK] Training complete - Loss: 0.002125, Time: 6.15s
2025-12-06 16:20:06,822 - fedguard_client - INFO - Sending update to Kafka topic: 'model-updates' (payload size: 6502995 bytes, status: trained)...
2025-12-06 16:20:09,499 - fedguard_client - INFO - [OK] Update sent successfully (Send time: 2.68s)
2025-12-06 16:20:09,499 - fedguard_client - INFO - Total updates sent: 22
2025-12-06 16:20:09,501 - fedguard_client - INFO - Avg training time: 5.95s
2025-12-06 16:20:09,783 - fedguard_client - INFO - 
[Update #23] Collected 16 frames
2025-12-06 16:20:09,785 - fedguard_client - INFO - Performing local training...
2025-12-06 16:20:15,278 - fedguard_client - INFO - [OK] Training complete - Loss: 0.001552, Time: 5.49s
2025-12-06 16:20:16,557 - fedguard_client - INFO - Sending update to Kafka topic: 'model-updates' (payload size: 6503140 bytes, status: trained)...
2025-12-06 16:20:19,023 - fedguard_client - INFO - [OK] Update sent successfully (Send time: 2.47s)
2025-12-06 16:20:19,024 - fedguard_client - INFO - Total updates sent: 23
2025-12-06 16:20:19,024 - fedguard_client - INFO - Avg training time: 5.93s
2025-12-06 16:20:19,336 - fedguard_client - INFO - 
[Update #24] Collected 16 frames
2025-12-06 16:20:19,337 - fedguard_client - INFO - Performing local training...
2025-12-06 16:20:30,608 - fedguard_client - INFO - [OK] Training complete - Loss: 0.001399, Time: 11.27s
2025-12-06 16:20:31,930 - fedguard_client - INFO - Sending update to Kafka topic: 'model-updates' (payload size: 6503105 bytes, status: trained)...
2025-12-06 16:20:34,474 - fedguard_client - INFO - [OK] Update sent successfully (Send time: 2.54s)
2025-12-06 16:20:34,476 - fedguard_client - INFO - Total updates sent: 24
2025-12-06 16:20:34,476 - fedguard_client - INFO - Avg training time: 6.15s
2025-12-06 16:20:34,728 - fedguard_client - INFO - 
[Update #25] Collected 16 frames
2025-12-06 16:20:34,730 - fedguard_client - INFO - Performing local training...
2025-12-06 16:20:40,144 - fedguard_client - INFO - [OK] Training complete - Loss: 0.001379, Time: 5.41s
2025-12-06 16:20:41,273 - fedguard_client - INFO - Sending update to Kafka topic: 'model-updates' (payload size: 6503007 bytes, status: trained)...
2025-12-06 16:20:44,074 - fedguard_client - INFO - [OK] Update sent successfully (Send time: 2.80s)
2025-12-06 16:20:44,075 - fedguard_client - INFO - Total updates sent: 25
2025-12-06 16:20:44,075 - fedguard_client - INFO - Avg training time: 6.12s
2025-12-06 16:20:44,298 - fedguard_client - INFO - 
[Update #26] Collected 16 frames
2025-12-06 16:20:44,298 - fedguard_client - INFO - Performing local training...
2025-12-06 16:20:49,854 - fedguard_client - INFO - [OK] Training complete - Loss: 0.002022, Time: 5.55s
2025-12-06 16:20:51,118 - fedguard_client - INFO - Sending update to Kafka topic: 'model-updates' (payload size: 6503098 bytes, status: trained)...
2025-12-06 16:20:54,155 - fedguard_client - INFO - [OK] Update sent successfully (Send time: 3.04s)
2025-12-06 16:20:54,157 - fedguard_client - INFO - Total updates sent: 26
2025-12-06 16:20:54,157 - fedguard_client - INFO - Avg training time: 6.10s
2025-12-06 16:20:54,401 - fedguard_client - INFO - 
[Update #27] Collected 16 frames
2025-12-06 16:20:54,402 - fedguard_client - INFO - Performing local training...
2025-12-06 16:20:59,869 - fedguard_client - INFO - [OK] Training complete - Loss: 0.001825, Time: 5.47s
2025-12-06 16:21:01,152 - fedguard_client - INFO - Sending update to Kafka topic: 'model-updates' (payload size: 6503772 bytes, status: trained)...
2025-12-06 16:21:03,660 - fedguard_client - INFO - [OK] Update sent successfully (Send time: 2.51s)
2025-12-06 16:21:03,661 - fedguard_client - INFO - Total updates sent: 27
2025-12-06 16:21:03,661 - fedguard_client - INFO - Avg training time: 6.08s
2025-12-06 16:21:03,916 - fedguard_client - INFO - 
[Update #28] Collected 16 frames
2025-12-06 16:21:03,918 - fedguard_client - INFO - Performing local training...
2025-12-06 16:21:09,174 - fedguard_client - INFO - [OK] Training complete - Loss: 0.001881, Time: 5.26s
2025-12-06 16:21:10,491 - fedguard_client - INFO - Sending update to Kafka topic: 'model-updates' (payload size: 6503359 bytes, status: trained)...
2025-12-06 16:21:13,266 - fedguard_client - INFO - [OK] Update sent successfully (Send time: 2.78s)
2025-12-06 16:21:13,268 - fedguard_client - INFO - Total updates sent: 28
2025-12-06 16:21:13,268 - fedguard_client - INFO - Avg training time: 6.05s
2025-12-06 16:21:13,521 - fedguard_client - INFO - 
[Update #29] Collected 16 frames
2025-12-06 16:21:13,522 - fedguard_client - INFO - Performing local training...
2025-12-06 16:21:19,539 - fedguard_client - INFO - [OK] Training complete - Loss: 0.001889, Time: 6.02s
2025-12-06 16:21:20,814 - fedguard_client - INFO - Sending update to Kafka topic: 'model-updates' (payload size: 6503492 bytes, status: trained)...
2025-12-06 16:21:23,765 - fedguard_client - INFO - [OK] Update sent successfully (Send time: 2.95s)
2025-12-06 16:21:23,766 - fedguard_client - INFO - Total updates sent: 29
2025-12-06 16:21:23,766 - fedguard_client - INFO - Avg training time: 6.05s
2025-12-06 16:21:24,005 - fedguard_client - INFO - 
[Update #30] Collected 16 frames
2025-12-06 16:21:24,007 - fedguard_client - INFO - Performing local training...
2025-12-06 16:21:35,082 - fedguard_client - INFO - [OK] Training complete - Loss: 0.001817, Time: 11.07s
2025-12-06 16:21:36,365 - fedguard_client - INFO - Sending update to Kafka topic: 'model-updates' (payload size: 6503394 bytes, status: trained)...
2025-12-06 16:21:38,923 - fedguard_client - INFO - [OK] Update sent successfully (Send time: 2.56s)
2025-12-06 16:21:38,925 - fedguard_client - INFO - Total updates sent: 30
2025-12-06 16:21:38,926 - fedguard_client - INFO - Avg training time: 6.21s
2025-12-06 16:21:39,173 - fedguard_client - INFO - 
[Update #31] Collected 16 frames
2025-12-06 16:21:39,173 - fedguard_client - INFO - Performing local training...
2025-12-06 16:21:44,705 - fedguard_client - INFO - [OK] Training complete - Loss: 0.001915, Time: 5.53s
2025-12-06 16:21:45,854 - fedguard_client - INFO - Sending update to Kafka topic: 'model-updates' (payload size: 6503496 bytes, status: trained)...
2025-12-06 16:21:48,379 - fedguard_client - INFO - [OK] Update sent successfully (Send time: 2.52s)
2025-12-06 16:21:48,379 - fedguard_client - INFO - Total updates sent: 31
2025-12-06 16:21:48,379 - fedguard_client - INFO - Avg training time: 6.19s
2025-12-06 16:21:48,625 - fedguard_client - INFO - 
[Update #32] Collected 16 frames
2025-12-06 16:21:48,627 - fedguard_client - INFO - Performing local training...
2025-12-06 16:21:54,504 - fedguard_client - INFO - [OK] Training complete - Loss: 0.001982, Time: 5.88s
2025-12-06 16:21:55,945 - fedguard_client - INFO - Sending update to Kafka topic: 'model-updates' (payload size: 6503167 bytes, status: trained)...
2025-12-06 16:21:58,430 - fedguard_client - INFO - [OK] Update sent successfully (Send time: 2.48s)
2025-12-06 16:21:58,430 - fedguard_client - INFO - Total updates sent: 32
2025-12-06 16:21:58,431 - fedguard_client - INFO - Avg training time: 6.18s
2025-12-06 16:21:58,680 - fedguard_client - INFO - 
[Update #33] Collected 16 frames
2025-12-06 16:21:58,684 - fedguard_client - INFO - Performing local training...
2025-12-06 16:22:04,947 - fedguard_client - INFO - [OK] Training complete - Loss: 0.002242, Time: 6.26s
2025-12-06 16:22:06,222 - fedguard_client - INFO - Sending update to Kafka topic: 'model-updates' (payload size: 6503326 bytes, status: trained)...
2025-12-06 16:22:08,717 - fedguard_client - INFO - [OK] Update sent successfully (Send time: 2.49s)
2025-12-06 16:22:08,718 - fedguard_client - INFO - Total updates sent: 33
2025-12-06 16:22:08,718 - fedguard_client - INFO - Avg training time: 6.18s
2025-12-06 16:22:08,945 - fedguard_client - INFO - 
[Update #34] Collected 16 frames
2025-12-06 16:22:08,948 - fedguard_client - INFO - Performing local training...
2025-12-06 16:22:14,661 - fedguard_client - INFO - [OK] Training complete - Loss: 0.002226, Time: 5.71s
2025-12-06 16:22:15,968 - fedguard_client - INFO - Sending update to Kafka topic: 'model-updates' (payload size: 6503509 bytes, status: trained)...
2025-12-06 16:22:18,458 - fedguard_client - INFO - [OK] Update sent successfully (Send time: 2.49s)
2025-12-06 16:22:18,459 - fedguard_client - INFO - Total updates sent: 34
2025-12-06 16:22:18,459 - fedguard_client - INFO - Avg training time: 6.17s
2025-12-06 16:22:18,690 - fedguard_client - INFO - 
[Update #35] Collected 16 frames
2025-12-06 16:22:18,692 - fedguard_client - INFO - Performing local training...
2025-12-06 16:22:29,888 - fedguard_client - INFO - [OK] Training complete - Loss: 0.001593, Time: 11.20s
2025-12-06 16:22:31,108 - fedguard_client - INFO - Sending update to Kafka topic: 'model-updates' (payload size: 6503352 bytes, status: trained)...
2025-12-06 16:22:33,516 - fedguard_client - INFO - [OK] Update sent successfully (Send time: 2.41s)
2025-12-06 16:22:33,516 - fedguard_client - INFO - Total updates sent: 35
2025-12-06 16:22:33,516 - fedguard_client - INFO - Avg training time: 6.31s
2025-12-06 16:22:33,757 - fedguard_client - INFO - 
[Update #36] Collected 16 frames
2025-12-06 16:22:33,758 - fedguard_client - INFO - Performing local training...
2025-12-06 16:22:39,101 - fedguard_client - INFO - [OK] Training complete - Loss: 0.001313, Time: 5.34s
2025-12-06 16:22:40,369 - fedguard_client - INFO - Sending update to Kafka topic: 'model-updates' (payload size: 6503509 bytes, status: trained)...
2025-12-06 16:22:43,008 - fedguard_client - INFO - [OK] Update sent successfully (Send time: 2.64s)
2025-12-06 16:22:43,008 - fedguard_client - INFO - Total updates sent: 36
2025-12-06 16:22:43,010 - fedguard_client - INFO - Avg training time: 6.29s
2025-12-06 16:22:43,260 - fedguard_client - INFO - 
[Update #37] Collected 16 frames
2025-12-06 16:22:43,261 - fedguard_client - INFO - Performing local training...
2025-12-06 16:22:48,742 - fedguard_client - INFO - [OK] Training complete - Loss: 0.001307, Time: 5.48s
2025-12-06 16:22:49,759 - fedguard_client - INFO - Sending update to Kafka topic: 'model-updates' (payload size: 6503432 bytes, status: trained)...
2025-12-06 16:22:51,873 - fedguard_client - INFO - [OK] Update sent successfully (Send time: 2.11s)
2025-12-06 16:22:51,874 - fedguard_client - INFO - Total updates sent: 37
2025-12-06 16:22:51,875 - fedguard_client - INFO - Avg training time: 6.27s
2025-12-06 16:22:52,117 - fedguard_client - INFO - 
[Update #38] Collected 16 frames
2025-12-06 16:22:52,118 - fedguard_client - INFO - Performing local training...
2025-12-06 16:22:58,098 - fedguard_client - INFO - [OK] Training complete - Loss: 0.001534, Time: 5.98s
2025-12-06 16:22:59,434 - fedguard_client - INFO - Sending update to Kafka topic: 'model-updates' (payload size: 6503563 bytes, status: trained)...
2025-12-06 16:23:02,017 - fedguard_client - INFO - [OK] Update sent successfully (Send time: 2.58s)
2025-12-06 16:23:02,018 - fedguard_client - INFO - Total updates sent: 38
2025-12-06 16:23:02,018 - fedguard_client - INFO - Avg training time: 6.26s
2025-12-06 16:23:02,260 - fedguard_client - INFO - 
[Update #39] Collected 16 frames
2025-12-06 16:23:02,263 - fedguard_client - INFO - Performing local training...
2025-12-06 16:23:08,069 - fedguard_client - INFO - [OK] Training complete - Loss: 0.001704, Time: 5.81s
2025-12-06 16:23:09,295 - fedguard_client - INFO - Sending update to Kafka topic: 'model-updates' (payload size: 6503604 bytes, status: trained)...
2025-12-06 16:23:11,560 - fedguard_client - INFO - [OK] Update sent successfully (Send time: 2.26s)
2025-12-06 16:23:11,560 - fedguard_client - INFO - Total updates sent: 39
2025-12-06 16:23:11,560 - fedguard_client - INFO - Avg training time: 6.25s
2025-12-06 16:23:11,805 - fedguard_client - INFO - 
[Update #40] Collected 16 frames
2025-12-06 16:23:11,806 - fedguard_client - INFO - Performing local training...
2025-12-06 16:23:16,896 - fedguard_client - INFO - [OK] Training complete - Loss: 0.001696, Time: 5.09s
2025-12-06 16:23:17,641 - fedguard_client - INFO - Sending update to Kafka topic: 'model-updates' (payload size: 6503638 bytes, status: trained)...
2025-12-06 16:23:20,232 - fedguard_client - INFO - [OK] Update sent successfully (Send time: 2.59s)
2025-12-06 16:23:20,233 - fedguard_client - INFO - Total updates sent: 40
2025-12-06 16:23:20,233 - fedguard_client - INFO - Avg training time: 6.22s
2025-12-06 16:23:20,486 - fedguard_client - INFO - 
[Update #41] Collected 16 frames
2025-12-06 16:23:20,487 - fedguard_client - INFO - Performing local training...
2025-12-06 16:23:31,927 - fedguard_client - INFO - [OK] Training complete - Loss: 0.001770, Time: 11.44s
2025-12-06 16:23:33,199 - fedguard_client - INFO - Sending update to Kafka topic: 'model-updates' (payload size: 6503515 bytes, status: trained)...
2025-12-06 16:23:35,292 - fedguard_client - INFO - [OK] Update sent successfully (Send time: 2.09s)
2025-12-06 16:23:35,292 - fedguard_client - INFO - Total updates sent: 41
2025-12-06 16:23:35,292 - fedguard_client - INFO - Avg training time: 6.34s
2025-12-06 16:23:35,529 - fedguard_client - INFO - 
[Update #42] Collected 16 frames
2025-12-06 16:23:35,530 - fedguard_client - INFO - Performing local training...
2025-12-06 16:23:41,496 - fedguard_client - INFO - [OK] Training complete - Loss: 0.001674, Time: 5.96s
2025-12-06 16:23:42,911 - fedguard_client - INFO - Sending update to Kafka topic: 'model-updates' (payload size: 6503701 bytes, status: trained)...
2025-12-06 16:23:45,843 - fedguard_client - INFO - [OK] Update sent successfully (Send time: 2.93s)
2025-12-06 16:23:45,844 - fedguard_client - INFO - Total updates sent: 42
2025-12-06 16:23:45,844 - fedguard_client - INFO - Avg training time: 6.34s
2025-12-06 16:23:46,084 - fedguard_client - INFO - 
[Update #43] Collected 16 frames
2025-12-06 16:23:46,086 - fedguard_client - INFO - Performing local training...
2025-12-06 16:23:52,510 - fedguard_client - INFO - [OK] Training complete - Loss: 0.001611, Time: 6.42s
2025-12-06 16:23:53,930 - fedguard_client - INFO - Sending update to Kafka topic: 'model-updates' (payload size: 6503750 bytes, status: trained)...
2025-12-06 16:23:56,655 - fedguard_client - INFO - [OK] Update sent successfully (Send time: 2.73s)
2025-12-06 16:23:56,655 - fedguard_client - INFO - Total updates sent: 43
2025-12-06 16:23:56,656 - fedguard_client - INFO - Avg training time: 6.34s
2025-12-06 16:23:56,906 - fedguard_client - INFO - 
[Update #44] Collected 16 frames
2025-12-06 16:23:56,956 - fedguard_client - INFO - Performing local training...
2025-12-06 16:24:03,148 - fedguard_client - INFO - [OK] Training complete - Loss: 0.001777, Time: 6.19s
2025-12-06 16:24:04,446 - fedguard_client - INFO - Sending update to Kafka topic: 'model-updates' (payload size: 6503905 bytes, status: trained)...
2025-12-06 16:24:07,006 - fedguard_client - INFO - [OK] Update sent successfully (Send time: 2.56s)
2025-12-06 16:24:07,007 - fedguard_client - INFO - Total updates sent: 44
2025-12-06 16:24:07,008 - fedguard_client - INFO - Avg training time: 6.33s
2025-12-06 16:24:07,256 - fedguard_client - INFO - 
[Update #45] Collected 16 frames
2025-12-06 16:24:07,257 - fedguard_client - INFO - Performing local training...
2025-12-06 16:24:13,295 - fedguard_client - INFO - [OK] Training complete - Loss: 0.001957, Time: 6.04s
2025-12-06 16:24:14,585 - fedguard_client - INFO - Sending update to Kafka topic: 'model-updates' (payload size: 6503877 bytes, status: trained)...
2025-12-06 16:24:17,206 - fedguard_client - INFO - [OK] Update sent successfully (Send time: 2.62s)
2025-12-06 16:24:17,207 - fedguard_client - INFO - Total updates sent: 45
2025-12-06 16:24:17,207 - fedguard_client - INFO - Avg training time: 6.33s
2025-12-06 16:24:17,449 - fedguard_client - INFO - 
[Update #46] Collected 16 frames
2025-12-06 16:24:17,449 - fedguard_client - INFO - Performing local training...
2025-12-06 16:24:23,418 - fedguard_client - INFO - [OK] Training complete - Loss: 0.002116, Time: 5.97s
2025-12-06 16:24:24,673 - fedguard_client - INFO - Sending update to Kafka topic: 'model-updates' (payload size: 6503921 bytes, status: trained)...
2025-12-06 16:24:27,259 - fedguard_client - INFO - [OK] Update sent successfully (Send time: 2.58s)
2025-12-06 16:24:27,260 - fedguard_client - INFO - Total updates sent: 46
2025-12-06 16:24:27,260 - fedguard_client - INFO - Avg training time: 6.32s
2025-12-06 16:24:27,504 - fedguard_client - INFO - 
[Update #47] Collected 16 frames
2025-12-06 16:24:27,506 - fedguard_client - INFO - Performing local training...
2025-12-06 16:24:33,097 - fedguard_client - INFO - [OK] Training complete - Loss: 0.001808, Time: 5.59s
2025-12-06 16:24:34,257 - fedguard_client - INFO - Sending update to Kafka topic: 'model-updates' (payload size: 6503830 bytes, status: trained)...
2025-12-06 16:24:36,846 - fedguard_client - INFO - [OK] Update sent successfully (Send time: 2.59s)
2025-12-06 16:24:36,846 - fedguard_client - INFO - Total updates sent: 47
2025-12-06 16:24:36,847 - fedguard_client - INFO - Avg training time: 6.30s
2025-12-06 16:24:37,101 - fedguard_client - INFO - 
[Update #48] Collected 16 frames
2025-12-06 16:24:37,103 - fedguard_client - INFO - Performing local training...
2025-12-06 16:24:42,700 - fedguard_client - INFO - [OK] Training complete - Loss: 0.001346, Time: 5.60s
2025-12-06 16:24:43,902 - fedguard_client - INFO - Sending update to Kafka topic: 'model-updates' (payload size: 6503683 bytes, status: trained)...
2025-12-06 16:24:46,379 - fedguard_client - INFO - [OK] Update sent successfully (Send time: 2.48s)
2025-12-06 16:24:46,381 - fedguard_client - INFO - Total updates sent: 48
2025-12-06 16:24:46,382 - fedguard_client - INFO - Avg training time: 6.29s
2025-12-06 16:24:46,633 - fedguard_client - INFO - 
[Update #49] Collected 16 frames
2025-12-06 16:24:46,636 - fedguard_client - INFO - Performing local training...
2025-12-06 16:24:52,821 - fedguard_client - INFO - [OK] Training complete - Loss: 0.001210, Time: 6.18s
2025-12-06 16:24:54,168 - fedguard_client - INFO - Sending update to Kafka topic: 'model-updates' (payload size: 6503821 bytes, status: trained)...
2025-12-06 16:24:56,800 - fedguard_client - INFO - [OK] Update sent successfully (Send time: 2.61s)
2025-12-06 16:24:56,800 - fedguard_client - INFO - Total updates sent: 49
2025-12-06 16:24:56,800 - fedguard_client - INFO - Avg training time: 6.29s
2025-12-06 16:24:57,050 - fedguard_client - INFO - 
[Update #50] Collected 16 frames
2025-12-06 16:24:57,052 - fedguard_client - INFO - Performing local training...
2025-12-06 16:25:03,089 - fedguard_client - INFO - [OK] Training complete - Loss: 0.001207, Time: 6.04s
2025-12-06 16:25:04,325 - fedguard_client - INFO - Sending update to Kafka topic: 'model-updates' (payload size: 6503763 bytes, status: trained)...
2025-12-06 16:25:06,847 - fedguard_client - INFO - [OK] Update sent successfully (Send time: 2.52s)
2025-12-06 16:25:06,848 - fedguard_client - INFO - Total updates sent: 50
2025-12-06 16:25:06,849 - fedguard_client - INFO - Avg training time: 6.28s
2025-12-06 16:25:07,096 - fedguard_client - INFO - 
[Update #51] Collected 16 frames
2025-12-06 16:25:07,098 - fedguard_client - INFO - Performing local training...
2025-12-06 16:25:12,347 - fedguard_client - INFO - [OK] Training complete - Loss: 0.001728, Time: 5.25s
2025-12-06 16:25:13,582 - fedguard_client - INFO - Sending update to Kafka topic: 'model-updates' (payload size: 6503920 bytes, status: trained)...
2025-12-06 16:25:16,113 - fedguard_client - INFO - [OK] Update sent successfully (Send time: 2.53s)
2025-12-06 16:25:16,113 - fedguard_client - INFO - Total updates sent: 51
2025-12-06 16:25:16,114 - fedguard_client - INFO - Avg training time: 6.26s
2025-12-06 16:25:16,353 - fedguard_client - INFO - 
[Update #52] Collected 16 frames
2025-12-06 16:25:16,354 - fedguard_client - INFO - Performing local training...
2025-12-06 16:25:21,955 - fedguard_client - INFO - [OK] Training complete - Loss: 0.001593, Time: 5.60s
2025-12-06 16:25:23,294 - fedguard_client - INFO - Sending update to Kafka topic: 'model-updates' (payload size: 6504062 bytes, status: trained)...
2025-12-06 16:25:25,907 - fedguard_client - INFO - [OK] Update sent successfully (Send time: 2.61s)
2025-12-06 16:25:25,908 - fedguard_client - INFO - Total updates sent: 52
2025-12-06 16:25:25,909 - fedguard_client - INFO - Avg training time: 6.25s
2025-12-06 16:25:26,141 - fedguard_client - INFO - 
[Update #53] Collected 16 frames
2025-12-06 16:25:26,144 - fedguard_client - INFO - Performing local training...
2025-12-06 16:25:32,288 - fedguard_client - INFO - [OK] Training complete - Loss: 0.001701, Time: 6.14s
2025-12-06 16:25:33,592 - fedguard_client - INFO - Sending update to Kafka topic: 'model-updates' (payload size: 6504080 bytes, status: trained)...
2025-12-06 16:25:36,362 - fedguard_client - INFO - [OK] Update sent successfully (Send time: 2.77s)
2025-12-06 16:25:36,363 - fedguard_client - INFO - Total updates sent: 53
2025-12-06 16:25:36,363 - fedguard_client - INFO - Avg training time: 6.25s
2025-12-06 16:25:36,606 - fedguard_client - INFO - 
[Update #54] Collected 16 frames
2025-12-06 16:25:36,608 - fedguard_client - INFO - Performing local training...
2025-12-06 16:25:42,888 - fedguard_client - INFO - [OK] Training complete - Loss: 0.001617, Time: 6.28s
2025-12-06 16:25:44,140 - fedguard_client - INFO - Sending update to Kafka topic: 'model-updates' (payload size: 6504124 bytes, status: trained)...
2025-12-06 16:25:46,657 - fedguard_client - INFO - [OK] Update sent successfully (Send time: 2.52s)
2025-12-06 16:25:46,658 - fedguard_client - INFO - Total updates sent: 54
2025-12-06 16:25:46,659 - fedguard_client - INFO - Avg training time: 6.25s
2025-12-06 16:25:46,912 - fedguard_client - INFO - 
[Update #55] Collected 16 frames
2025-12-06 16:25:46,914 - fedguard_client - INFO - Performing local training...
2025-12-06 16:25:53,244 - fedguard_client - INFO - [OK] Training complete - Loss: 0.001619, Time: 6.33s
2025-12-06 16:25:54,581 - fedguard_client - INFO - Sending update to Kafka topic: 'model-updates' (payload size: 6504166 bytes, status: trained)...
2025-12-06 16:25:57,255 - fedguard_client - INFO - [OK] Update sent successfully (Send time: 2.67s)
2025-12-06 16:25:57,257 - fedguard_client - INFO - Total updates sent: 55
2025-12-06 16:25:57,257 - fedguard_client - INFO - Avg training time: 6.25s
2025-12-06 16:25:57,507 - fedguard_client - INFO - 
[Update #56] Collected 16 frames
2025-12-06 16:25:57,509 - fedguard_client - INFO - Performing local training...
2025-12-06 16:26:03,557 - fedguard_client - INFO - [OK] Training complete - Loss: 0.001655, Time: 6.05s
2025-12-06 16:26:04,855 - fedguard_client - INFO - Sending update to Kafka topic: 'model-updates' (payload size: 6503816 bytes, status: trained)...
2025-12-06 16:26:07,449 - fedguard_client - INFO - [OK] Update sent successfully (Send time: 2.59s)
2025-12-06 16:26:07,451 - fedguard_client - INFO - Total updates sent: 56
2025-12-06 16:26:07,452 - fedguard_client - INFO - Avg training time: 6.25s
2025-12-06 16:26:07,703 - fedguard_client - INFO - 
[Update #57] Collected 16 frames
2025-12-06 16:26:07,705 - fedguard_client - INFO - Performing local training...
2025-12-06 16:26:13,683 - fedguard_client - INFO - [OK] Training complete - Loss: 0.001707, Time: 5.98s
2025-12-06 16:26:15,031 - fedguard_client - INFO - Sending update to Kafka topic: 'model-updates' (payload size: 6504166 bytes, status: trained)...
2025-12-06 16:26:17,931 - fedguard_client - INFO - [OK] Update sent successfully (Send time: 2.90s)
2025-12-06 16:26:17,933 - fedguard_client - INFO - Total updates sent: 57
2025-12-06 16:26:17,933 - fedguard_client - INFO - Avg training time: 6.24s
2025-12-06 16:26:18,179 - fedguard_client - INFO - 
[Update #58] Collected 16 frames
2025-12-06 16:26:18,183 - fedguard_client - INFO - Performing local training...
2025-12-06 16:26:24,647 - fedguard_client - INFO - [OK] Training complete - Loss: 0.001978, Time: 6.46s
2025-12-06 16:26:25,917 - fedguard_client - INFO - Sending update to Kafka topic: 'model-updates' (payload size: 6503947 bytes, status: trained)...
2025-12-06 16:26:28,399 - fedguard_client - INFO - [OK] Update sent successfully (Send time: 2.48s)
2025-12-06 16:26:28,399 - fedguard_client - INFO - Total updates sent: 58
2025-12-06 16:26:28,399 - fedguard_client - INFO - Avg training time: 6.25s
2025-12-06 16:26:28,640 - fedguard_client - INFO - 
[Update #59] Collected 16 frames
2025-12-06 16:26:28,642 - fedguard_client - INFO - Performing local training...
2025-12-06 16:26:34,358 - fedguard_client - INFO - [OK] Training complete - Loss: 0.001913, Time: 5.71s
2025-12-06 16:26:35,640 - fedguard_client - INFO - Sending update to Kafka topic: 'model-updates' (payload size: 6503966 bytes, status: trained)...
2025-12-06 16:26:38,222 - fedguard_client - INFO - [OK] Update sent successfully (Send time: 2.58s)
2025-12-06 16:26:38,223 - fedguard_client - INFO - Total updates sent: 59
2025-12-06 16:26:38,223 - fedguard_client - INFO - Avg training time: 6.24s
2025-12-06 16:26:38,475 - fedguard_client - INFO - 
[Update #60] Collected 16 frames
2025-12-06 16:26:38,476 - fedguard_client - INFO - Performing local training...
2025-12-06 16:26:44,447 - fedguard_client - INFO - [OK] Training complete - Loss: 0.001413, Time: 5.97s
2025-12-06 16:26:45,722 - fedguard_client - INFO - Sending update to Kafka topic: 'model-updates' (payload size: 6504308 bytes, status: trained)...
2025-12-06 16:26:48,271 - fedguard_client - INFO - [OK] Update sent successfully (Send time: 2.55s)
2025-12-06 16:26:48,271 - fedguard_client - INFO - Total updates sent: 60
2025-12-06 16:26:48,271 - fedguard_client - INFO - Avg training time: 6.23s
2025-12-06 16:26:48,516 - fedguard_client - INFO - 
[Update #61] Collected 16 frames
2025-12-06 16:26:48,517 - fedguard_client - INFO - Performing local training...
2025-12-06 16:26:55,096 - fedguard_client - INFO - [OK] Training complete - Loss: 0.001181, Time: 6.58s
2025-12-06 16:26:56,364 - fedguard_client - INFO - Sending update to Kafka topic: 'model-updates' (payload size: 6504025 bytes, status: trained)...
2025-12-06 16:26:59,035 - fedguard_client - INFO - [OK] Update sent successfully (Send time: 2.67s)
2025-12-06 16:26:59,036 - fedguard_client - INFO - Total updates sent: 61
2025-12-06 16:26:59,036 - fedguard_client - INFO - Avg training time: 6.24s
2025-12-06 16:26:59,286 - fedguard_client - INFO - 
[Update #62] Collected 16 frames
2025-12-06 16:26:59,287 - fedguard_client - INFO - Performing local training...
2025-12-06 16:27:05,289 - fedguard_client - INFO - [OK] Training complete - Loss: 0.001176, Time: 6.00s
2025-12-06 16:27:06,490 - fedguard_client - INFO - Sending update to Kafka topic: 'model-updates' (payload size: 6504278 bytes, status: trained)...
2025-12-06 16:27:09,140 - fedguard_client - INFO - [OK] Update sent successfully (Send time: 2.65s)
2025-12-06 16:27:09,140 - fedguard_client - INFO - Total updates sent: 62
2025-12-06 16:27:09,140 - fedguard_client - INFO - Avg training time: 6.23s
2025-12-06 16:27:09,380 - fedguard_client - INFO - 
[Update #63] Collected 16 frames
2025-12-06 16:27:09,381 - fedguard_client - INFO - Performing local training...
2025-12-06 16:27:15,344 - fedguard_client - INFO - [OK] Training complete - Loss: 0.001424, Time: 5.96s
2025-12-06 16:27:16,492 - fedguard_client - INFO - Sending update to Kafka topic: 'model-updates' (payload size: 6504163 bytes, status: trained)...
2025-12-06 16:27:19,078 - fedguard_client - INFO - [OK] Update sent successfully (Send time: 2.59s)
2025-12-06 16:27:19,079 - fedguard_client - INFO - Total updates sent: 63
2025-12-06 16:27:19,079 - fedguard_client - INFO - Avg training time: 6.23s
2025-12-06 16:27:19,319 - fedguard_client - INFO - 
[Update #64] Collected 16 frames
2025-12-06 16:27:19,321 - fedguard_client - INFO - Performing local training...
2025-12-06 16:27:24,750 - fedguard_client - INFO - [OK] Training complete - Loss: 0.001535, Time: 5.43s
2025-12-06 16:27:26,034 - fedguard_client - INFO - Sending update to Kafka topic: 'model-updates' (payload size: 6503921 bytes, status: trained)...
2025-12-06 16:27:28,693 - fedguard_client - INFO - [OK] Update sent successfully (Send time: 2.66s)
2025-12-06 16:27:28,694 - fedguard_client - INFO - Total updates sent: 64
2025-12-06 16:27:28,694 - fedguard_client - INFO - Avg training time: 6.22s
2025-12-06 16:27:28,946 - fedguard_client - INFO - 
[Update #65] Collected 16 frames
2025-12-06 16:27:28,947 - fedguard_client - INFO - Performing local training...
2025-12-06 16:27:34,933 - fedguard_client - INFO - [OK] Training complete - Loss: 0.001602, Time: 5.98s
2025-12-06 16:27:36,220 - fedguard_client - INFO - Sending update to Kafka topic: 'model-updates' (payload size: 6504171 bytes, status: trained)...
2025-12-06 16:27:38,706 - fedguard_client - INFO - [OK] Update sent successfully (Send time: 2.49s)
2025-12-06 16:27:38,707 - fedguard_client - INFO - Total updates sent: 65
2025-12-06 16:27:38,707 - fedguard_client - INFO - Avg training time: 6.21s
2025-12-06 16:27:38,960 - fedguard_client - INFO - 
[Update #66] Collected 16 frames
2025-12-06 16:27:38,961 - fedguard_client - INFO - Performing local training...
2025-12-06 16:27:44,629 - fedguard_client - INFO - [OK] Training complete - Loss: 0.001586, Time: 5.67s
2025-12-06 16:27:45,942 - fedguard_client - INFO - Sending update to Kafka topic: 'model-updates' (payload size: 6503890 bytes, status: trained)...
2025-12-06 16:27:48,542 - fedguard_client - INFO - [OK] Update sent successfully (Send time: 2.60s)
2025-12-06 16:27:48,543 - fedguard_client - INFO - Total updates sent: 66
2025-12-06 16:27:48,543 - fedguard_client - INFO - Avg training time: 6.21s
2025-12-06 16:27:48,780 - fedguard_client - INFO - 
[Update #67] Collected 16 frames
2025-12-06 16:27:48,781 - fedguard_client - INFO - Performing local training...
2025-12-06 16:27:54,995 - fedguard_client - INFO - [OK] Training complete - Loss: 0.001599, Time: 6.21s
2025-12-06 16:27:56,266 - fedguard_client - INFO - Sending update to Kafka topic: 'model-updates' (payload size: 6504128 bytes, status: trained)...
2025-12-06 16:27:59,045 - fedguard_client - INFO - [OK] Update sent successfully (Send time: 2.78s)
2025-12-06 16:27:59,045 - fedguard_client - INFO - Total updates sent: 67
2025-12-06 16:27:59,046 - fedguard_client - INFO - Avg training time: 6.21s
2025-12-06 16:27:59,287 - fedguard_client - INFO - 
[Update #68] Collected 16 frames
2025-12-06 16:27:59,287 - fedguard_client - INFO - Performing local training...
2025-12-06 16:28:10,646 - fedguard_client - INFO - [OK] Training complete - Loss: 0.001528, Time: 11.36s
2025-12-06 16:28:11,874 - fedguard_client - INFO - Sending update to Kafka topic: 'model-updates' (payload size: 6504132 bytes, status: trained)...
2025-12-06 16:28:14,639 - fedguard_client - INFO - [OK] Update sent successfully (Send time: 2.77s)
2025-12-06 16:28:14,639 - fedguard_client - INFO - Total updates sent: 68
2025-12-06 16:28:14,640 - fedguard_client - INFO - Avg training time: 6.28s
2025-12-06 16:28:14,884 - fedguard_client - INFO - 
[Update #69] Collected 16 frames
2025-12-06 16:28:14,886 - fedguard_client - INFO - Performing local training...
2025-12-06 16:28:21,659 - fedguard_client - INFO - [OK] Training complete - Loss: 0.001612, Time: 6.77s
2025-12-06 16:28:23,072 - fedguard_client - INFO - Sending update to Kafka topic: 'model-updates' (payload size: 6504229 bytes, status: trained)...
2025-12-06 16:28:26,504 - fedguard_client - INFO - [OK] Update sent successfully (Send time: 3.43s)
2025-12-06 16:28:26,505 - fedguard_client - INFO - Total updates sent: 69
2025-12-06 16:28:26,505 - fedguard_client - INFO - Avg training time: 6.29s
2025-12-06 16:28:26,758 - fedguard_client - INFO - 
[Update #70] Collected 16 frames
2025-12-06 16:28:26,759 - fedguard_client - INFO - Performing local training...
2025-12-06 16:28:33,369 - fedguard_client - INFO - [OK] Training complete - Loss: 0.001853, Time: 6.61s
2025-12-06 16:28:35,012 - fedguard_client - INFO - Sending update to Kafka topic: 'model-updates' (payload size: 6504222 bytes, status: trained)...
2025-12-06 16:28:38,296 - fedguard_client - INFO - [OK] Update sent successfully (Send time: 3.28s)
2025-12-06 16:28:38,298 - fedguard_client - INFO - Total updates sent: 70
2025-12-06 16:28:38,299 - fedguard_client - INFO - Avg training time: 6.29s
2025-12-06 16:28:38,550 - fedguard_client - INFO - 
[Update #71] Collected 16 frames
2025-12-06 16:28:38,552 - fedguard_client - INFO - Performing local training...
2025-12-06 16:28:50,076 - fedguard_client - INFO - [OK] Training complete - Loss: 0.001894, Time: 11.52s
2025-12-06 16:28:51,683 - fedguard_client - INFO - Sending update to Kafka topic: 'model-updates' (payload size: 6503951 bytes, status: trained)...
2025-12-06 16:28:54,999 - fedguard_client - INFO - [OK] Update sent successfully (Send time: 3.32s)
2025-12-06 16:28:55,000 - fedguard_client - INFO - Total updates sent: 71
2025-12-06 16:28:55,000 - fedguard_client - INFO - Avg training time: 6.37s
2025-12-06 16:28:55,256 - fedguard_client - INFO - 
[Update #72] Collected 16 frames
2025-12-06 16:28:55,258 - fedguard_client - INFO - Performing local training...
2025-12-06 16:29:00,552 - fedguard_client - INFO - [OK] Training complete - Loss: 0.001658, Time: 5.29s
2025-12-06 16:29:03,189 - fedguard_client - INFO - Sending update to Kafka topic: 'model-updates' (payload size: 6503940 bytes, status: trained)...
2025-12-06 16:29:06,847 - fedguard_client - INFO - [OK] Update sent successfully (Send time: 3.66s)
2025-12-06 16:29:06,847 - fedguard_client - INFO - Total updates sent: 72
2025-12-06 16:29:06,848 - fedguard_client - INFO - Avg training time: 6.35s
2025-12-06 16:29:07,100 - fedguard_client - INFO - 
[Update #73] Collected 16 frames
2025-12-06 16:29:07,101 - fedguard_client - INFO - Performing local training...
2025-12-06 16:29:10,881 - fedguard_client - INFO - [OK] Training complete - Loss: 0.001213, Time: 3.78s
2025-12-06 16:29:12,285 - fedguard_client - INFO - Sending update to Kafka topic: 'model-updates' (payload size: 6504271 bytes, status: trained)...
2025-12-06 16:29:15,718 - fedguard_client - INFO - [OK] Update sent successfully (Send time: 3.43s)
2025-12-06 16:29:15,720 - fedguard_client - INFO - Total updates sent: 73
2025-12-06 16:29:15,721 - fedguard_client - INFO - Avg training time: 6.32s
2025-12-06 16:29:15,954 - fedguard_client - INFO - 
[Update #74] Collected 16 frames
2025-12-06 16:29:15,957 - fedguard_client - INFO - Performing local training...
2025-12-06 16:29:19,204 - fedguard_client - INFO - [OK] Training complete - Loss: 0.001092, Time: 3.25s
2025-12-06 16:29:20,644 - fedguard_client - INFO - Sending update to Kafka topic: 'model-updates' (payload size: 6504595 bytes, status: trained)...
2025-12-06 16:29:23,941 - fedguard_client - INFO - [OK] Update sent successfully (Send time: 3.30s)
2025-12-06 16:29:23,943 - fedguard_client - INFO - Total updates sent: 74
2025-12-06 16:29:23,943 - fedguard_client - INFO - Avg training time: 6.27s
2025-12-06 16:29:24,184 - fedguard_client - INFO - 
[Update #75] Collected 16 frames
2025-12-06 16:29:24,185 - fedguard_client - INFO - Performing local training...
2025-12-06 16:29:28,290 - fedguard_client - INFO - [OK] Training complete - Loss: 0.001110, Time: 4.10s
2025-12-06 16:29:29,787 - fedguard_client - INFO - Sending update to Kafka topic: 'model-updates' (payload size: 6504383 bytes, status: trained)...
2025-12-06 16:29:33,994 - fedguard_client - INFO - [OK] Update sent successfully (Send time: 4.18s)
2025-12-06 16:29:33,994 - fedguard_client - INFO - Total updates sent: 75
2025-12-06 16:29:33,994 - fedguard_client - INFO - Avg training time: 6.25s
2025-12-06 16:29:34,231 - fedguard_client - INFO - 
[Update #76] Collected 16 frames
2025-12-06 16:29:34,233 - fedguard_client - INFO - Performing local training...
2025-12-06 16:29:39,235 - fedguard_client - INFO - [OK] Training complete - Loss: 0.001578, Time: 5.00s
2025-12-06 16:29:40,635 - fedguard_client - INFO - Sending update to Kafka topic: 'model-updates' (payload size: 6504087 bytes, status: trained)...
2025-12-06 16:29:43,863 - fedguard_client - INFO - [OK] Update sent successfully (Send time: 3.23s)
2025-12-06 16:29:43,863 - fedguard_client - INFO - Total updates sent: 76
2025-12-06 16:29:43,864 - fedguard_client - INFO - Avg training time: 6.23s
2025-12-06 16:29:44,176 - fedguard_client - INFO - 
[Update #77] Collected 16 frames
2025-12-06 16:29:44,177 - fedguard_client - INFO - Performing local training...
2025-12-06 16:29:49,183 - fedguard_client - INFO - [OK] Training complete - Loss: 0.001459, Time: 5.00s
2025-12-06 16:29:50,589 - fedguard_client - INFO - Sending update to Kafka topic: 'model-updates' (payload size: 6504179 bytes, status: trained)...
2025-12-06 16:29:54,064 - fedguard_client - INFO - [OK] Update sent successfully (Send time: 3.48s)
2025-12-06 16:29:54,064 - fedguard_client - INFO - Total updates sent: 77
2025-12-06 16:29:54,064 - fedguard_client - INFO - Avg training time: 6.21s
2025-12-06 16:29:54,315 - fedguard_client - INFO - 
[Update #78] Collected 16 frames
2025-12-06 16:29:54,316 - fedguard_client - INFO - Performing local training...
2025-12-06 16:29:57,810 - fedguard_client - INFO - [OK] Training complete - Loss: 0.001516, Time: 3.49s
2025-12-06 16:29:59,378 - fedguard_client - INFO - Sending update to Kafka topic: 'model-updates' (payload size: 6504251 bytes, status: trained)...
2025-12-06 16:30:02,973 - fedguard_client - INFO - [OK] Update sent successfully (Send time: 3.59s)
2025-12-06 16:30:02,973 - fedguard_client - INFO - Total updates sent: 78
2025-12-06 16:30:02,974 - fedguard_client - INFO - Avg training time: 6.18s
2025-12-06 16:30:03,590 - fedguard_client - INFO - 
[Update #79] Collected 16 frames
2025-12-06 16:30:03,591 - fedguard_client - INFO - Performing local training...
2025-12-06 16:30:25,308 - fedguard_client - INFO - [OK] Training complete - Loss: 0.001502, Time: 21.72s
2025-12-06 16:30:26,791 - fedguard_client - INFO - Sending update to Kafka topic: 'model-updates' (payload size: 6504499 bytes, status: trained)...
2025-12-06 16:30:30,230 - fedguard_client - INFO - [OK] Update sent successfully (Send time: 3.44s)
2025-12-06 16:30:30,231 - fedguard_client - INFO - Total updates sent: 79
2025-12-06 16:30:30,231 - fedguard_client - INFO - Avg training time: 6.38s
2025-12-06 16:30:30,549 - fedguard_client - INFO - 
[Update #80] Collected 16 frames
2025-12-06 16:30:30,551 - fedguard_client - INFO - Performing local training...
2025-12-06 16:30:39,869 - fedguard_client - INFO - [OK] Training complete - Loss: 0.001532, Time: 9.32s
2025-12-06 16:30:41,893 - fedguard_client - INFO - Sending update to Kafka topic: 'model-updates' (payload size: 6504468 bytes, status: trained)...
2025-12-06 16:30:45,286 - fedguard_client - INFO - [OK] Update sent successfully (Send time: 3.39s)
2025-12-06 16:30:45,286 - fedguard_client - INFO - Total updates sent: 80
2025-12-06 16:30:45,286 - fedguard_client - INFO - Avg training time: 6.41s
2025-12-06 16:30:45,589 - fedguard_client - INFO - 
[Update #81] Collected 16 frames
2025-12-06 16:30:45,590 - fedguard_client - INFO - Performing local training...
2025-12-06 16:30:53,577 - fedguard_client - INFO - [OK] Training complete - Loss: 0.001643, Time: 7.99s
2025-12-06 16:30:55,100 - fedguard_client - INFO - Sending update to Kafka topic: 'model-updates' (payload size: 6504220 bytes, status: trained)...
2025-12-06 16:30:58,480 - fedguard_client - INFO - [OK] Update sent successfully (Send time: 3.38s)
2025-12-06 16:30:58,480 - fedguard_client - INFO - Total updates sent: 81
2025-12-06 16:30:58,481 - fedguard_client - INFO - Avg training time: 6.43s
2025-12-06 16:30:58,731 - fedguard_client - INFO - 
[Update #82] Collected 16 frames
2025-12-06 16:30:58,732 - fedguard_client - INFO - Performing local training...
2025-12-06 16:31:01,802 - fedguard_client - INFO - [OK] Training complete - Loss: 0.001649, Time: 3.07s
2025-12-06 16:31:03,290 - fedguard_client - INFO - Sending update to Kafka topic: 'model-updates' (payload size: 6504458 bytes, status: trained)...
2025-12-06 16:31:06,830 - fedguard_client - INFO - [OK] Update sent successfully (Send time: 3.54s)
2025-12-06 16:31:06,831 - fedguard_client - INFO - Total updates sent: 82
2025-12-06 16:31:06,831 - fedguard_client - INFO - Avg training time: 6.39s
2025-12-06 16:31:07,086 - fedguard_client - INFO - 
[Update #83] Collected 16 frames
2025-12-06 16:31:07,087 - fedguard_client - INFO - Performing local training...
2025-12-06 16:31:12,406 - fedguard_client - INFO - [OK] Training complete - Loss: 0.001797, Time: 5.32s
2025-12-06 16:31:13,823 - fedguard_client - INFO - Sending update to Kafka topic: 'model-updates' (payload size: 6504389 bytes, status: trained)...
2025-12-06 16:31:17,447 - fedguard_client - INFO - [OK] Update sent successfully (Send time: 3.62s)
2025-12-06 16:31:17,448 - fedguard_client - INFO - Total updates sent: 83
2025-12-06 16:31:17,448 - fedguard_client - INFO - Avg training time: 6.38s
2025-12-06 16:31:17,696 - fedguard_client - INFO - 
[Update #84] Collected 16 frames
2025-12-06 16:31:17,697 - fedguard_client - INFO - Performing local training...
2025-12-06 16:31:29,401 - fedguard_client - INFO - [OK] Training complete - Loss: 0.001813, Time: 11.70s
2025-12-06 16:31:30,917 - fedguard_client - INFO - Sending update to Kafka topic: 'model-updates' (payload size: 6504380 bytes, status: trained)...
2025-12-06 16:31:34,647 - fedguard_client - INFO - [OK] Update sent successfully (Send time: 3.73s)
2025-12-06 16:31:34,648 - fedguard_client - INFO - Total updates sent: 84
2025-12-06 16:31:34,649 - fedguard_client - INFO - Avg training time: 6.44s
2025-12-06 16:31:34,895 - fedguard_client - INFO - 
[Update #85] Collected 16 frames
2025-12-06 16:31:34,897 - fedguard_client - INFO - Performing local training...
2025-12-06 16:31:46,419 - fedguard_client - INFO - [OK] Training complete - Loss: 0.001301, Time: 11.52s
2025-12-06 16:31:47,794 - fedguard_client - INFO - Sending update to Kafka topic: 'model-updates' (payload size: 6504525 bytes, status: trained)...
2025-12-06 16:31:50,925 - fedguard_client - INFO - [OK] Update sent successfully (Send time: 3.13s)
2025-12-06 16:31:50,925 - fedguard_client - INFO - Total updates sent: 85
2025-12-06 16:31:50,925 - fedguard_client - INFO - Avg training time: 6.50s
2025-12-06 16:31:51,180 - fedguard_client - INFO - 
[Update #86] Collected 16 frames
2025-12-06 16:31:51,181 - fedguard_client - INFO - Performing local training...
2025-12-06 16:32:02,744 - fedguard_client - INFO - [OK] Training complete - Loss: 0.001037, Time: 11.56s
2025-12-06 16:32:04,148 - fedguard_client - INFO - Sending update to Kafka topic: 'model-updates' (payload size: 6504386 bytes, status: trained)...
2025-12-06 16:32:08,003 - fedguard_client - INFO - [OK] Update sent successfully (Send time: 3.85s)
2025-12-06 16:32:08,004 - fedguard_client - INFO - Total updates sent: 86
2025-12-06 16:32:08,006 - fedguard_client - INFO - Avg training time: 6.56s
2025-12-06 16:32:08,256 - fedguard_client - INFO - 
[Update #87] Collected 16 frames
2025-12-06 16:32:08,258 - fedguard_client - INFO - Performing local training...
2025-12-06 16:32:19,904 - fedguard_client - INFO - [OK] Training complete - Loss: 0.001051, Time: 11.65s
2025-12-06 16:32:21,310 - fedguard_client - INFO - Sending update to Kafka topic: 'model-updates' (payload size: 6504671 bytes, status: trained)...
2025-12-06 16:32:24,955 - fedguard_client - INFO - [OK] Update sent successfully (Send time: 3.64s)
2025-12-06 16:32:24,955 - fedguard_client - INFO - Total updates sent: 87
2025-12-06 16:32:24,956 - fedguard_client - INFO - Avg training time: 6.62s
2025-12-06 16:32:25,197 - fedguard_client - INFO - 
[Update #88] Collected 16 frames
2025-12-06 16:32:25,199 - fedguard_client - INFO - Performing local training...
2025-12-06 16:32:33,222 - fedguard_client - INFO - [OK] Training complete - Loss: 0.001347, Time: 8.02s
2025-12-06 16:32:34,527 - fedguard_client - INFO - Sending update to Kafka topic: 'model-updates' (payload size: 6504539 bytes, status: trained)...
2025-12-06 16:32:38,465 - fedguard_client - INFO - [OK] Update sent successfully (Send time: 3.94s)
2025-12-06 16:32:38,465 - fedguard_client - INFO - Total updates sent: 88
2025-12-06 16:32:38,467 - fedguard_client - INFO - Avg training time: 6.63s
2025-12-06 16:32:38,712 - fedguard_client - INFO - 
[Update #89] Collected 16 frames
2025-12-06 16:32:38,747 - fedguard_client - INFO - Performing local training...
2025-12-06 16:32:48,957 - fedguard_client - INFO - [OK] Training complete - Loss: 0.001443, Time: 10.21s
2025-12-06 16:32:52,831 - fedguard_client - INFO - Sending update to Kafka topic: 'model-updates' (payload size: 6504691 bytes, status: trained)...
2025-12-06 16:32:59,027 - fedguard_client - INFO - [OK] Update sent successfully (Send time: 6.20s)
2025-12-06 16:32:59,034 - fedguard_client - INFO - Total updates sent: 89
2025-12-06 16:32:59,036 - fedguard_client - INFO - Avg training time: 6.67s
2025-12-06 16:32:59,302 - fedguard_client - INFO - 
[Update #90] Collected 16 frames
2025-12-06 16:32:59,310 - fedguard_client - INFO - Performing local training...
2025-12-06 16:33:13,680 - fedguard_client - INFO - [OK] Training complete - Loss: 0.001468, Time: 14.36s
2025-12-06 16:33:15,608 - fedguard_client - INFO - Sending update to Kafka topic: 'model-updates' (payload size: 6504475 bytes, status: trained)...
2025-12-06 16:33:19,663 - fedguard_client - INFO - [OK] Update sent successfully (Send time: 4.06s)
2025-12-06 16:33:19,664 - fedguard_client - INFO - Total updates sent: 90
2025-12-06 16:33:19,665 - fedguard_client - INFO - Avg training time: 6.76s
2025-12-06 16:33:19,901 - fedguard_client - INFO - 
[Update #91] Collected 16 frames
2025-12-06 16:33:19,908 - fedguard_client - INFO - Performing local training...
2025-12-06 16:33:30,337 - fedguard_client - INFO - [OK] Training complete - Loss: 0.001487, Time: 10.41s
2025-12-06 16:33:31,974 - fedguard_client - INFO - Sending update to Kafka topic: 'model-updates' (payload size: 6504696 bytes, status: trained)...
2025-12-06 16:33:36,162 - fedguard_client - INFO - [OK] Update sent successfully (Send time: 4.19s)
2025-12-06 16:33:36,163 - fedguard_client - INFO - Total updates sent: 91
2025-12-06 16:33:36,164 - fedguard_client - INFO - Avg training time: 6.80s
2025-12-06 16:33:36,413 - fedguard_client - INFO - 
[Update #92] Collected 16 frames
2025-12-06 16:33:36,415 - fedguard_client - INFO - Performing local training...
2025-12-06 16:33:44,912 - fedguard_client - INFO - [OK] Training complete - Loss: 0.001451, Time: 8.50s
2025-12-06 16:33:47,779 - fedguard_client - INFO - Sending update to Kafka topic: 'model-updates' (payload size: 6504790 bytes, status: trained)...
2025-12-06 16:33:52,789 - fedguard_client - INFO - [OK] Update sent successfully (Send time: 4.99s)
2025-12-06 16:33:52,789 - fedguard_client - INFO - Total updates sent: 92
2025-12-06 16:33:52,790 - fedguard_client - INFO - Avg training time: 6.82s
2025-12-06 16:33:53,044 - fedguard_client - INFO - 
[Update #93] Collected 16 frames
2025-12-06 16:33:53,046 - fedguard_client - INFO - Performing local training...
2025-12-06 16:34:04,963 - fedguard_client - INFO - [OK] Training complete - Loss: 0.001510, Time: 11.92s
2025-12-06 16:34:06,567 - fedguard_client - INFO - Sending update to Kafka topic: 'model-updates' (payload size: 6505043 bytes, status: trained)...
2025-12-06 16:34:10,173 - fedguard_client - INFO - [OK] Update sent successfully (Send time: 3.61s)
2025-12-06 16:34:10,174 - fedguard_client - INFO - Total updates sent: 93
2025-12-06 16:34:10,174 - fedguard_client - INFO - Avg training time: 6.87s
2025-12-06 16:34:10,425 - fedguard_client - INFO - 
[Update #94] Collected 16 frames
2025-12-06 16:34:10,427 - fedguard_client - INFO - Performing local training...
2025-12-06 16:34:22,822 - fedguard_client - INFO - [OK] Training complete - Loss: 0.001514, Time: 12.39s
2025-12-06 16:34:26,964 - fedguard_client - INFO - Sending update to Kafka topic: 'model-updates' (payload size: 6505013 bytes, status: trained)...
2025-12-06 16:34:32,850 - fedguard_client - INFO - [OK] Update sent successfully (Send time: 5.88s)
2025-12-06 16:34:32,851 - fedguard_client - INFO - Total updates sent: 94
2025-12-06 16:34:32,852 - fedguard_client - INFO - Avg training time: 6.93s
2025-12-06 16:34:33,088 - fedguard_client - INFO - 
[Update #95] Collected 16 frames
2025-12-06 16:34:33,090 - fedguard_client - INFO - Performing local training...
2025-12-06 16:34:41,184 - fedguard_client - INFO - [OK] Training complete - Loss: 0.001769, Time: 8.09s
2025-12-06 16:34:42,738 - fedguard_client - INFO - Sending update to Kafka topic: 'model-updates' (payload size: 6505016 bytes, status: trained)...
2025-12-06 16:34:46,160 - fedguard_client - INFO - [OK] Update sent successfully (Send time: 3.42s)
2025-12-06 16:34:46,160 - fedguard_client - INFO - Total updates sent: 95
2025-12-06 16:34:46,162 - fedguard_client - INFO - Avg training time: 6.94s
2025-12-06 16:34:46,739 - fedguard_client - INFO - 
[Update #96] Collected 16 frames
2025-12-06 16:34:46,743 - fedguard_client - INFO - Performing local training...
2025-12-06 16:34:57,356 - fedguard_client - INFO - [OK] Training complete - Loss: 0.001786, Time: 10.61s
2025-12-06 16:35:01,652 - fedguard_client - INFO - Sending update to Kafka topic: 'model-updates' (payload size: 6505164 bytes, status: trained)...
2025-12-06 16:35:08,392 - fedguard_client - INFO - [OK] Update sent successfully (Send time: 6.74s)
2025-12-06 16:35:08,394 - fedguard_client - INFO - Total updates sent: 96
2025-12-06 16:35:08,395 - fedguard_client - INFO - Avg training time: 6.98s
2025-12-06 16:35:08,645 - fedguard_client - INFO - 
[Update #97] Collected 16 frames
2025-12-06 16:35:08,646 - fedguard_client - INFO - Performing local training...
2025-12-06 16:35:20,148 - fedguard_client - INFO - [OK] Training complete - Loss: 0.001549, Time: 11.50s
2025-12-06 16:35:21,624 - fedguard_client - INFO - Sending update to Kafka topic: 'model-updates' (payload size: 6505160 bytes, status: trained)...
2025-12-06 16:35:25,390 - fedguard_client - INFO - [OK] Update sent successfully (Send time: 3.76s)
2025-12-06 16:35:25,391 - fedguard_client - INFO - Total updates sent: 97
2025-12-06 16:35:25,391 - fedguard_client - INFO - Avg training time: 7.03s
2025-12-06 16:35:25,670 - fedguard_client - INFO - 
[Update #98] Collected 16 frames
2025-12-06 16:35:25,672 - fedguard_client - INFO - Performing local training...
2025-12-06 16:35:37,299 - fedguard_client - INFO - [OK] Training complete - Loss: 0.001132, Time: 11.63s
2025-12-06 16:35:40,782 - fedguard_client - INFO - Sending update to Kafka topic: 'model-updates' (payload size: 6504745 bytes, status: trained)...
2025-12-06 16:35:45,699 - fedguard_client - INFO - [OK] Update sent successfully (Send time: 4.92s)
2025-12-06 16:35:45,701 - fedguard_client - INFO - Total updates sent: 98
2025-12-06 16:35:45,701 - fedguard_client - INFO - Avg training time: 7.08s
2025-12-06 16:35:45,940 - fedguard_client - INFO - 
[Update #99] Collected 16 frames
2025-12-06 16:35:45,942 - fedguard_client - INFO - Performing local training...
2025-12-06 16:35:54,921 - fedguard_client - INFO - [OK] Training complete - Loss: 0.001007, Time: 8.98s
2025-12-06 16:35:56,337 - fedguard_client - INFO - Sending update to Kafka topic: 'model-updates' (payload size: 6504939 bytes, status: trained)...
2025-12-06 16:35:59,801 - fedguard_client - INFO - [OK] Update sent successfully (Send time: 3.46s)
2025-12-06 16:35:59,802 - fedguard_client - INFO - Total updates sent: 99
2025-12-06 16:35:59,803 - fedguard_client - INFO - Avg training time: 7.09s
2025-12-06 16:36:00,046 - fedguard_client - INFO - 
[Update #100] Collected 16 frames
2025-12-06 16:36:00,050 - fedguard_client - INFO - Performing local training...
2025-12-06 16:36:07,495 - fedguard_client - INFO - [OK] Training complete - Loss: 0.001018, Time: 7.44s
2025-12-06 16:36:09,153 - fedguard_client - INFO - Sending update to Kafka topic: 'model-updates' (payload size: 6505299 bytes, status: trained)...
2025-12-06 16:36:13,800 - fedguard_client - INFO - [OK] Update sent successfully (Send time: 4.65s)
2025-12-06 16:36:13,802 - fedguard_client - INFO - Total updates sent: 100
2025-12-06 16:36:13,803 - fedguard_client - INFO - Avg training time: 7.10s
2025-12-06 16:36:14,052 - fedguard_client - INFO - 
[Update #101] Collected 16 frames
2025-12-06 16:36:14,053 - fedguard_client - INFO - Performing local training...
2025-12-06 16:36:22,211 - fedguard_client - INFO - [OK] Training complete - Loss: 0.001531, Time: 8.16s
2025-12-06 16:36:23,765 - fedguard_client - INFO - Sending update to Kafka topic: 'model-updates' (payload size: 6505120 bytes, status: trained)...
2025-12-06 16:36:29,463 - fedguard_client - INFO - [OK] Update sent successfully (Send time: 5.70s)
2025-12-06 16:36:29,463 - fedguard_client - INFO - Total updates sent: 101
2025-12-06 16:36:29,464 - fedguard_client - INFO - Avg training time: 7.11s
2025-12-06 16:36:29,700 - fedguard_client - INFO - 
[Update #102] Collected 16 frames
2025-12-06 16:36:29,702 - fedguard_client - INFO - Performing local training...
2025-12-06 16:36:38,096 - fedguard_client - INFO - [OK] Training complete - Loss: 0.001392, Time: 8.39s
2025-12-06 16:36:41,221 - fedguard_client - INFO - Sending update to Kafka topic: 'model-updates' (payload size: 6505365 bytes, status: trained)...
2025-12-06 16:36:47,784 - fedguard_client - INFO - [OK] Update sent successfully (Send time: 6.54s)
2025-12-06 16:36:47,788 - fedguard_client - INFO - Total updates sent: 102
2025-12-06 16:36:47,788 - fedguard_client - INFO - Avg training time: 7.12s
2025-12-06 16:36:48,031 - fedguard_client - INFO - 
[Update #103] Collected 16 frames
2025-12-06 16:36:48,033 - fedguard_client - INFO - Performing local training...
2025-12-06 16:36:55,445 - fedguard_client - INFO - [OK] Training complete - Loss: 0.001459, Time: 7.41s
2025-12-06 16:36:57,156 - fedguard_client - INFO - Sending update to Kafka topic: 'model-updates' (payload size: 6505196 bytes, status: trained)...
2025-12-06 16:37:01,060 - fedguard_client - INFO - [OK] Update sent successfully (Send time: 3.90s)
2025-12-06 16:37:01,060 - fedguard_client - INFO - Total updates sent: 103
2025-12-06 16:37:01,062 - fedguard_client - INFO - Avg training time: 7.12s
2025-12-06 16:37:01,292 - fedguard_client - INFO - 
[Update #104] Collected 16 frames
2025-12-06 16:37:01,293 - fedguard_client - INFO - Performing local training...
2025-12-06 16:37:05,245 - fedguard_client - INFO - [OK] Training complete - Loss: 0.001408, Time: 3.95s
2025-12-06 16:37:07,795 - fedguard_client - INFO - Sending update to Kafka topic: 'model-updates' (payload size: 6505113 bytes, status: trained)...
2025-12-06 16:37:15,945 - fedguard_client - INFO - [OK] Update sent successfully (Send time: 8.13s)
2025-12-06 16:37:15,946 - fedguard_client - INFO - Total updates sent: 104
2025-12-06 16:37:15,947 - fedguard_client - INFO - Avg training time: 7.09s
2025-12-06 16:37:16,163 - fedguard_client - INFO - 
[Update #105] Collected 16 frames
2025-12-06 16:37:16,169 - fedguard_client - INFO - Performing local training...
2025-12-06 16:37:25,041 - fedguard_client - INFO - [OK] Training complete - Loss: 0.001459, Time: 8.87s
2025-12-06 16:37:26,543 - fedguard_client - INFO - Sending update to Kafka topic: 'model-updates' (payload size: 6505259 bytes, status: trained)...
2025-12-06 16:37:30,544 - fedguard_client - INFO - [OK] Update sent successfully (Send time: 4.00s)
2025-12-06 16:37:30,545 - fedguard_client - INFO - Total updates sent: 105
2025-12-06 16:37:30,548 - fedguard_client - INFO - Avg training time: 7.11s
2025-12-06 16:37:30,799 - fedguard_client - INFO - 
[Update #106] Collected 16 frames
2025-12-06 16:37:30,800 - fedguard_client - INFO - Performing local training...
2025-12-06 16:37:41,055 - fedguard_client - INFO - [OK] Training complete - Loss: 0.001551, Time: 10.25s
2025-12-06 16:37:46,073 - fedguard_client - INFO - Sending update to Kafka topic: 'model-updates' (payload size: 6505435 bytes, status: trained)...
2025-12-06 16:37:51,846 - fedguard_client - INFO - [OK] Update sent successfully (Send time: 5.77s)
2025-12-06 16:37:51,846 - fedguard_client - INFO - Total updates sent: 106
2025-12-06 16:37:51,846 - fedguard_client - INFO - Avg training time: 7.14s
2025-12-06 16:37:52,101 - fedguard_client - INFO - 
[Update #107] Collected 16 frames
2025-12-06 16:37:52,104 - fedguard_client - INFO - Performing local training...
2025-12-06 16:37:56,466 - fedguard_client - INFO - [OK] Training complete - Loss: 0.001557, Time: 4.36s
2025-12-06 16:37:57,996 - fedguard_client - INFO - Sending update to Kafka topic: 'model-updates' (payload size: 6505276 bytes, status: trained)...
2025-12-06 16:38:01,531 - fedguard_client - INFO - [OK] Update sent successfully (Send time: 3.53s)
2025-12-06 16:38:01,532 - fedguard_client - INFO - Total updates sent: 107
2025-12-06 16:38:01,532 - fedguard_client - INFO - Avg training time: 7.11s
2025-12-06 16:38:01,776 - fedguard_client - INFO - 
[Update #108] Collected 16 frames
2025-12-06 16:38:01,778 - fedguard_client - INFO - Performing local training...
2025-12-06 16:38:13,327 - fedguard_client - INFO - [OK] Training complete - Loss: 0.001677, Time: 11.55s
2025-12-06 16:38:18,106 - fedguard_client - INFO - Sending update to Kafka topic: 'model-updates' (payload size: 6505173 bytes, status: trained)...
2025-12-06 16:38:23,481 - fedguard_client - INFO - [OK] Update sent successfully (Send time: 5.37s)
2025-12-06 16:38:23,482 - fedguard_client - INFO - Total updates sent: 108
2025-12-06 16:38:23,483 - fedguard_client - INFO - Avg training time: 7.16s
2025-12-06 16:38:23,729 - fedguard_client - INFO - 
[Update #109] Collected 16 frames
2025-12-06 16:38:23,732 - fedguard_client - INFO - Performing local training...
2025-12-06 16:38:35,339 - fedguard_client - INFO - [OK] Training complete - Loss: 0.001696, Time: 11.61s
2025-12-06 16:38:36,779 - fedguard_client - INFO - Sending update to Kafka topic: 'model-updates' (payload size: 6504845 bytes, status: trained)...
2025-12-06 16:38:40,050 - fedguard_client - INFO - [OK] Update sent successfully (Send time: 3.27s)
2025-12-06 16:38:40,051 - fedguard_client - INFO - Total updates sent: 109
2025-12-06 16:38:40,051 - fedguard_client - INFO - Avg training time: 7.20s
2025-12-06 16:38:40,300 - fedguard_client - INFO - 
[Update #110] Collected 16 frames
2025-12-06 16:38:40,302 - fedguard_client - INFO - Performing local training...
2025-12-06 16:38:51,877 - fedguard_client - INFO - [OK] Training complete - Loss: 0.001189, Time: 11.57s
2025-12-06 16:38:55,201 - fedguard_client - INFO - Sending update to Kafka topic: 'model-updates' (payload size: 6504973 bytes, status: trained)...
2025-12-06 16:38:58,812 - fedguard_client - INFO - [OK] Update sent successfully (Send time: 3.61s)
2025-12-06 16:38:58,814 - fedguard_client - INFO - Total updates sent: 110
2025-12-06 16:38:58,815 - fedguard_client - INFO - Avg training time: 7.24s
2025-12-06 16:38:59,066 - fedguard_client - INFO - 
[Update #111] Collected 16 frames
2025-12-06 16:38:59,069 - fedguard_client - INFO - Performing local training...
2025-12-06 16:39:10,629 - fedguard_client - INFO - [OK] Training complete - Loss: 0.000952, Time: 11.56s
2025-12-06 16:39:12,188 - fedguard_client - INFO - Sending update to Kafka topic: 'model-updates' (payload size: 6505250 bytes, status: trained)...
2025-12-06 16:39:15,636 - fedguard_client - INFO - [OK] Update sent successfully (Send time: 3.45s)
2025-12-06 16:39:15,638 - fedguard_client - INFO - Total updates sent: 111
2025-12-06 16:39:15,639 - fedguard_client - INFO - Avg training time: 7.27s
2025-12-06 16:39:15,868 - fedguard_client - INFO - 
[Update #112] Collected 16 frames
2025-12-06 16:39:15,871 - fedguard_client - INFO - Performing local training...
2025-12-06 16:39:19,167 - fedguard_client - INFO - [OK] Training complete - Loss: 0.000955, Time: 3.29s
2025-12-06 16:39:21,687 - fedguard_client - INFO - Sending update to Kafka topic: 'model-updates' (payload size: 6505294 bytes, status: trained)...
2025-12-06 16:39:26,832 - fedguard_client - INFO - [OK] Update sent successfully (Send time: 5.14s)
2025-12-06 16:39:26,833 - fedguard_client - INFO - Total updates sent: 112
2025-12-06 16:39:26,833 - fedguard_client - INFO - Avg training time: 7.24s
2025-12-06 16:39:27,085 - fedguard_client - INFO - 
[Update #113] Collected 16 frames
2025-12-06 16:39:27,086 - fedguard_client - INFO - Performing local training...
2025-12-06 16:39:38,556 - fedguard_client - INFO - [OK] Training complete - Loss: 0.001196, Time: 11.47s
2025-12-06 16:39:39,742 - fedguard_client - INFO - Sending update to Kafka topic: 'model-updates' (payload size: 6505078 bytes, status: trained)...
2025-12-06 16:39:42,954 - fedguard_client - INFO - [OK] Update sent successfully (Send time: 3.21s)
2025-12-06 16:39:42,954 - fedguard_client - INFO - Total updates sent: 113
2025-12-06 16:39:42,955 - fedguard_client - INFO - Avg training time: 7.28s
2025-12-06 16:39:43,205 - fedguard_client - INFO - 
[Update #114] Collected 16 frames
2025-12-06 16:39:43,206 - fedguard_client - INFO - Performing local training...
2025-12-06 16:39:53,471 - fedguard_client - INFO - [OK] Training complete - Loss: 0.001395, Time: 10.26s
2025-12-06 16:39:54,986 - fedguard_client - INFO - Sending update to Kafka topic: 'model-updates' (payload size: 6505112 bytes, status: trained)...
2025-12-06 16:40:01,141 - fedguard_client - INFO - [OK] Update sent successfully (Send time: 6.15s)
2025-12-06 16:40:01,143 - fedguard_client - INFO - Total updates sent: 114
2025-12-06 16:40:01,143 - fedguard_client - INFO - Avg training time: 7.30s
2025-12-06 16:40:01,389 - fedguard_client - INFO - 
[Update #115] Collected 16 frames
2025-12-06 16:40:01,391 - fedguard_client - INFO - Performing local training...
2025-12-06 16:40:07,628 - fedguard_client - INFO - [OK] Training complete - Loss: 0.001415, Time: 6.24s
2025-12-06 16:40:09,015 - fedguard_client - INFO - Sending update to Kafka topic: 'model-updates' (payload size: 6505150 bytes, status: trained)...
2025-12-06 16:40:12,751 - fedguard_client - INFO - [OK] Update sent successfully (Send time: 3.73s)
2025-12-06 16:40:12,753 - fedguard_client - INFO - Total updates sent: 115
2025-12-06 16:40:12,753 - fedguard_client - INFO - Avg training time: 7.29s
2025-12-06 16:40:12,983 - fedguard_client - INFO - 
[Update #116] Collected 16 frames
2025-12-06 16:40:12,985 - fedguard_client - INFO - Performing local training...
2025-12-06 16:40:19,035 - fedguard_client - INFO - [OK] Training complete - Loss: 0.001403, Time: 6.05s
2025-12-06 16:40:20,651 - fedguard_client - INFO - Sending update to Kafka topic: 'model-updates' (payload size: 6505130 bytes, status: trained)...
2025-12-06 16:40:30,432 - fedguard_client - INFO - [OK] Update sent successfully (Send time: 9.78s)
2025-12-06 16:40:30,432 - fedguard_client - INFO - Total updates sent: 116
2025-12-06 16:40:30,433 - fedguard_client - INFO - Avg training time: 7.28s
2025-12-06 16:40:30,689 - fedguard_client - INFO - 
[Update #117] Collected 16 frames
2025-12-06 16:40:30,692 - fedguard_client - INFO - Performing local training...
2025-12-06 16:40:38,010 - fedguard_client - INFO - [OK] Training complete - Loss: 0.001317, Time: 7.32s
2025-12-06 16:40:39,458 - fedguard_client - INFO - Sending update to Kafka topic: 'model-updates' (payload size: 6505202 bytes, status: trained)...
2025-12-06 16:40:42,764 - fedguard_client - INFO - [OK] Update sent successfully (Send time: 3.31s)
2025-12-06 16:40:42,765 - fedguard_client - INFO - Total updates sent: 117
2025-12-06 16:40:42,765 - fedguard_client - INFO - Avg training time: 7.28s
2025-12-06 16:40:42,993 - fedguard_client - INFO - 
[Update #118] Collected 16 frames
2025-12-06 16:40:42,995 - fedguard_client - INFO - Performing local training...
2025-12-06 16:40:54,444 - fedguard_client - INFO - [OK] Training complete - Loss: 0.001410, Time: 11.45s
2025-12-06 16:40:55,834 - fedguard_client - INFO - Sending update to Kafka topic: 'model-updates' (payload size: 6505178 bytes, status: trained)...
2025-12-06 16:40:59,260 - fedguard_client - INFO - [OK] Update sent successfully (Send time: 3.43s)
2025-12-06 16:40:59,260 - fedguard_client - INFO - Total updates sent: 118
2025-12-06 16:40:59,261 - fedguard_client - INFO - Avg training time: 7.32s
2025-12-06 16:40:59,508 - fedguard_client - INFO - 
[Update #119] Collected 16 frames
2025-12-06 16:40:59,509 - fedguard_client - INFO - Performing local training...
2025-12-06 16:41:03,278 - fedguard_client - INFO - [OK] Training complete - Loss: 0.001491, Time: 3.77s
2025-12-06 16:41:04,715 - fedguard_client - INFO - Sending update to Kafka topic: 'model-updates' (payload size: 6505166 bytes, status: trained)...
2025-12-06 16:41:08,157 - fedguard_client - INFO - [OK] Update sent successfully (Send time: 3.44s)
2025-12-06 16:41:08,158 - fedguard_client - INFO - Total updates sent: 119
2025-12-06 16:41:08,158 - fedguard_client - INFO - Avg training time: 7.29s
2025-12-06 16:41:08,406 - fedguard_client - INFO - 
[Update #120] Collected 16 frames
2025-12-06 16:41:08,407 - fedguard_client - INFO - Performing local training...
2025-12-06 16:41:13,163 - fedguard_client - INFO - [OK] Training complete - Loss: 0.001630, Time: 4.75s
2025-12-06 16:41:15,047 - fedguard_client - INFO - Sending update to Kafka topic: 'model-updates' (payload size: 6505026 bytes, status: trained)...
2025-12-06 16:41:20,470 - fedguard_client - INFO - [OK] Update sent successfully (Send time: 5.42s)
2025-12-06 16:41:20,473 - fedguard_client - INFO - Total updates sent: 120
2025-12-06 16:41:20,474 - fedguard_client - INFO - Avg training time: 7.27s
2025-12-06 16:41:20,693 - fedguard_client - INFO - 
[Update #121] Collected 16 frames
2025-12-06 16:41:20,696 - fedguard_client - INFO - Performing local training...
2025-12-06 16:41:24,101 - fedguard_client - INFO - [OK] Training complete - Loss: 0.001645, Time: 3.40s
2025-12-06 16:41:25,849 - fedguard_client - INFO - Sending update to Kafka topic: 'model-updates' (payload size: 6505331 bytes, status: trained)...
2025-12-06 16:41:29,122 - fedguard_client - INFO - [OK] Update sent successfully (Send time: 3.27s)
2025-12-06 16:41:29,124 - fedguard_client - INFO - Total updates sent: 121
2025-12-06 16:41:29,125 - fedguard_client - INFO - Avg training time: 7.24s
2025-12-06 16:41:29,491 - fedguard_client - INFO - 
[Update #122] Collected 16 frames
2025-12-06 16:41:29,493 - fedguard_client - INFO - Performing local training...
2025-12-06 16:41:33,313 - fedguard_client - INFO - [OK] Training complete - Loss: 0.001401, Time: 3.82s
2025-12-06 16:41:34,674 - fedguard_client - INFO - Sending update to Kafka topic: 'model-updates' (payload size: 6505472 bytes, status: trained)...
2025-12-06 16:41:38,051 - fedguard_client - INFO - [OK] Update sent successfully (Send time: 3.38s)
2025-12-06 16:41:38,052 - fedguard_client - INFO - Total updates sent: 122
2025-12-06 16:41:38,052 - fedguard_client - INFO - Avg training time: 7.21s
2025-12-06 16:41:38,291 - fedguard_client - INFO - 
[Update #123] Collected 16 frames
2025-12-06 16:41:38,293 - fedguard_client - INFO - Performing local training...
2025-12-06 16:41:50,741 - fedguard_client - INFO - [OK] Training complete - Loss: 0.001055, Time: 12.45s
2025-12-06 16:41:53,389 - fedguard_client - INFO - Sending update to Kafka topic: 'model-updates' (payload size: 6505190 bytes, status: trained)...
2025-12-06 16:41:57,573 - fedguard_client - INFO - [OK] Update sent successfully (Send time: 4.18s)
2025-12-06 16:41:57,574 - fedguard_client - INFO - Total updates sent: 123
2025-12-06 16:41:57,575 - fedguard_client - INFO - Avg training time: 7.25s
2025-12-06 16:41:57,818 - fedguard_client - INFO - 
[Update #124] Collected 16 frames
2025-12-06 16:41:57,820 - fedguard_client - INFO - Performing local training...
2025-12-06 16:42:01,684 - fedguard_client - INFO - [OK] Training complete - Loss: 0.000929, Time: 3.86s
2025-12-06 16:42:02,976 - fedguard_client - INFO - Sending update to Kafka topic: 'model-updates' (payload size: 6505346 bytes, status: trained)...
2025-12-06 16:42:06,686 - fedguard_client - INFO - [OK] Update sent successfully (Send time: 3.71s)
2025-12-06 16:42:06,687 - fedguard_client - INFO - Total updates sent: 124
2025-12-06 16:42:06,689 - fedguard_client - INFO - Avg training time: 7.22s
2025-12-06 16:42:06,900 - fedguard_client - INFO - 
[Update #125] Collected 16 frames
2025-12-06 16:42:06,902 - fedguard_client - INFO - Performing local training...
2025-12-06 16:42:10,654 - fedguard_client - INFO - [OK] Training complete - Loss: 0.000920, Time: 3.75s
2025-12-06 16:42:11,947 - fedguard_client - INFO - Sending update to Kafka topic: 'model-updates' (payload size: 6505021 bytes, status: trained)...
2025-12-06 16:42:14,447 - fedguard_client - INFO - [OK] Update sent successfully (Send time: 2.50s)
2025-12-06 16:42:14,447 - fedguard_client - INFO - Total updates sent: 125
2025-12-06 16:42:14,447 - fedguard_client - INFO - Avg training time: 7.20s
2025-12-06 16:42:14,689 - fedguard_client - INFO - 
[Update #126] Collected 16 frames
2025-12-06 16:42:14,691 - fedguard_client - INFO - Performing local training...
2025-12-06 16:42:24,103 - fedguard_client - INFO - [OK] Training complete - Loss: 0.001485, Time: 9.41s
2025-12-06 16:42:25,543 - fedguard_client - INFO - Sending update to Kafka topic: 'model-updates' (payload size: 6505447 bytes, status: trained)...
2025-12-06 16:42:28,896 - fedguard_client - INFO - [OK] Update sent successfully (Send time: 3.35s)
2025-12-06 16:42:28,898 - fedguard_client - INFO - Total updates sent: 126
2025-12-06 16:42:28,898 - fedguard_client - INFO - Avg training time: 7.21s
2025-12-06 16:42:29,147 - fedguard_client - INFO - 
[Update #127] Collected 16 frames
2025-12-06 16:42:29,149 - fedguard_client - INFO - Performing local training...
2025-12-06 16:42:32,533 - fedguard_client - INFO - [OK] Training complete - Loss: 0.001368, Time: 3.38s
2025-12-06 16:42:33,962 - fedguard_client - INFO - Sending update to Kafka topic: 'model-updates' (payload size: 6505379 bytes, status: trained)...
2025-12-06 16:42:37,267 - fedguard_client - INFO - [OK] Update sent successfully (Send time: 3.30s)
2025-12-06 16:42:37,267 - fedguard_client - INFO - Total updates sent: 127
2025-12-06 16:42:37,268 - fedguard_client - INFO - Avg training time: 7.18s
2025-12-06 16:42:37,519 - fedguard_client - INFO - 
[Update #128] Collected 16 frames
2025-12-06 16:42:37,521 - fedguard_client - INFO - Performing local training...
2025-12-06 16:42:40,914 - fedguard_client - INFO - [OK] Training complete - Loss: 0.001461, Time: 3.39s
2025-12-06 16:42:42,458 - fedguard_client - INFO - Sending update to Kafka topic: 'model-updates' (payload size: 6505222 bytes, status: trained)...
2025-12-06 16:42:45,825 - fedguard_client - INFO - [OK] Update sent successfully (Send time: 3.37s)
2025-12-06 16:42:45,826 - fedguard_client - INFO - Total updates sent: 128
2025-12-06 16:42:45,826 - fedguard_client - INFO - Avg training time: 7.15s
2025-12-06 16:42:46,061 - fedguard_client - INFO - 
[Update #129] Collected 16 frames
2025-12-06 16:42:46,063 - fedguard_client - INFO - Performing local training...
2025-12-06 16:42:49,599 - fedguard_client - INFO - [OK] Training complete - Loss: 0.001299, Time: 3.54s
2025-12-06 16:42:51,018 - fedguard_client - INFO - Sending update to Kafka topic: 'model-updates' (payload size: 6505234 bytes, status: trained)...
2025-12-06 16:42:54,797 - fedguard_client - INFO - [OK] Update sent successfully (Send time: 3.78s)
2025-12-06 16:42:54,798 - fedguard_client - INFO - Total updates sent: 129
2025-12-06 16:42:54,799 - fedguard_client - INFO - Avg training time: 7.13s
2025-12-06 16:42:55,054 - fedguard_client - INFO - 
[Update #130] Collected 16 frames
2025-12-06 16:42:55,057 - fedguard_client - INFO - Performing local training...
2025-12-06 16:43:06,912 - fedguard_client - INFO - [OK] Training complete - Loss: 0.001310, Time: 11.85s
2025-12-06 16:43:08,414 - fedguard_client - INFO - Sending update to Kafka topic: 'model-updates' (payload size: 6505719 bytes, status: trained)...
2025-12-06 16:43:11,948 - fedguard_client - INFO - [OK] Update sent successfully (Send time: 3.53s)
2025-12-06 16:43:11,950 - fedguard_client - INFO - Total updates sent: 130
2025-12-06 16:43:11,950 - fedguard_client - INFO - Avg training time: 7.16s
2025-12-06 16:43:12,210 - fedguard_client - INFO - 
[Update #131] Collected 16 frames
2025-12-06 16:43:12,245 - fedguard_client - INFO - Performing local training...
2025-12-06 16:43:16,649 - fedguard_client - INFO - [OK] Training complete - Loss: 0.001394, Time: 4.38s
2025-12-06 16:43:18,061 - fedguard_client - INFO - Sending update to Kafka topic: 'model-updates' (payload size: 6505562 bytes, status: trained)...
2025-12-06 16:43:21,705 - fedguard_client - INFO - [OK] Update sent successfully (Send time: 3.64s)
2025-12-06 16:43:21,706 - fedguard_client - INFO - Total updates sent: 131
2025-12-06 16:43:21,706 - fedguard_client - INFO - Avg training time: 7.14s
2025-12-06 16:43:21,942 - fedguard_client - INFO - 
[Update #132] Collected 16 frames
2025-12-06 16:43:21,944 - fedguard_client - INFO - Performing local training...
2025-12-06 16:43:28,913 - fedguard_client - INFO - [OK] Training complete - Loss: 0.001494, Time: 6.97s
2025-12-06 16:43:30,437 - fedguard_client - INFO - Sending update to Kafka topic: 'model-updates' (payload size: 6505387 bytes, status: trained)...
2025-12-06 16:43:33,337 - fedguard_client - INFO - [OK] Update sent successfully (Send time: 2.90s)
2025-12-06 16:43:33,337 - fedguard_client - INFO - Total updates sent: 132
2025-12-06 16:43:33,337 - fedguard_client - INFO - Avg training time: 7.14s
2025-12-06 16:43:33,585 - fedguard_client - INFO - 
[Update #133] Collected 16 frames
2025-12-06 16:43:33,588 - fedguard_client - INFO - Performing local training...
2025-12-06 16:43:38,675 - fedguard_client - INFO - [OK] Training complete - Loss: 0.001650, Time: 5.09s
2025-12-06 16:43:40,501 - fedguard_client - INFO - Sending update to Kafka topic: 'model-updates' (payload size: 6505487 bytes, status: trained)...
2025-12-06 16:43:50,643 - fedguard_client - ERROR - Failed to send update to Kafka: KafkaTimeoutError: Timeout after waiting for 10 secs.
Traceback (most recent call last):
  File "C:\Users\Nandini Devi\FedGuard-Project\federated\federated_client.py", line 538, in main
    fut.get(timeout=10)
  File "C:\Users\Nandini Devi\FedGuard-Project\venv\lib\site-packages\kafka\producer\future.py", line 61, in get
    raise Errors.KafkaTimeoutError(
kafka.errors.KafkaTimeoutError: KafkaTimeoutError: Timeout after waiting for 10 secs.
2025-12-06 16:43:50,753 - fedguard_client - INFO - Total updates sent: 133
2025-12-06 16:43:50,785 - fedguard_client - INFO - Avg training time: 7.12s
2025-12-06 16:43:51,779 - fedguard_client - INFO - 
[Update #134] Collected 16 frames
2025-12-06 16:43:51,856 - fedguard_client - INFO - Performing local training...
2025-12-06 16:43:59,813 - fedguard_client - INFO - [OK] Training complete - Loss: 0.001591, Time: 7.91s
2025-12-06 16:44:01,358 - fedguard_client - INFO - Sending update to Kafka topic: 'model-updates' (payload size: 6505444 bytes, status: trained)...
2025-12-06 16:44:04,663 - fedguard_client - INFO - [OK] Update sent successfully (Send time: 3.30s)
2025-12-06 16:44:04,664 - fedguard_client - INFO - Total updates sent: 134
2025-12-06 16:44:04,664 - fedguard_client - INFO - Avg training time: 7.13s
2025-12-06 16:44:04,914 - fedguard_client - INFO - 
[Update #135] Collected 16 frames
2025-12-06 16:44:04,916 - fedguard_client - INFO - Performing local training...
2025-12-06 16:44:09,847 - fedguard_client - INFO - [OK] Training complete - Loss: 0.001193, Time: 4.93s
2025-12-06 16:44:13,254 - fedguard_client - INFO - Sending update to Kafka topic: 'model-updates' (payload size: 6505306 bytes, status: trained)...
2025-12-06 16:44:18,252 - fedguard_client - INFO - [OK] Update sent successfully (Send time: 4.96s)
2025-12-06 16:44:18,255 - fedguard_client - INFO - Total updates sent: 135
2025-12-06 16:44:18,256 - fedguard_client - INFO - Avg training time: 7.11s
2025-12-06 16:44:18,475 - fedguard_client - INFO - 
[Update #136] Collected 16 frames
2025-12-06 16:44:18,477 - fedguard_client - INFO - Performing local training...
2025-12-06 16:44:29,042 - fedguard_client - INFO - [OK] Training complete - Loss: 0.000974, Time: 10.56s
2025-12-06 16:44:30,400 - fedguard_client - INFO - Sending update to Kafka topic: 'model-updates' (payload size: 6505277 bytes, status: trained)...
2025-12-06 16:44:33,701 - fedguard_client - INFO - [OK] Update sent successfully (Send time: 3.30s)
2025-12-06 16:44:33,701 - fedguard_client - INFO - Total updates sent: 136
2025-12-06 16:44:33,702 - fedguard_client - INFO - Avg training time: 7.14s
2025-12-06 16:44:33,906 - fedguard_client - INFO - 
[Update #137] Collected 16 frames
2025-12-06 16:44:33,908 - fedguard_client - INFO - Performing local training...
2025-12-06 16:44:37,412 - fedguard_client - INFO - [OK] Training complete - Loss: 0.000899, Time: 3.50s
2025-12-06 16:44:37,988 - fedguard_client - INFO - Keyboard interrupt - shutting down client
2025-12-06 16:44:37,990 - fedguard_client - INFO - Cleaning up client...
2025-12-06 16:44:38,022 - kafka.producer.kafka - INFO - Closing the Kafka producer with 4294967.0 secs timeout.
2025-12-06 16:44:38,023 - kafka.conn - INFO - <BrokerConnection node_id=1 host=localhost:9092 <connected> [IPv6 ('::1', 9092, 0, 0)]>: Closing connection. 
2025-12-06 16:44:38,024 - fedguard_client - INFO - Client Client-1 shut down successfully
