2025-12-01 11:53:43,694 - fedguard_client - INFO - ============================================================
2025-12-01 11:53:43,695 - fedguard_client - INFO - FEDERATED CLIENT: Client-02
2025-12-01 11:53:43,696 - fedguard_client - INFO - ============================================================
2025-12-01 11:53:43,696 - fedguard_client - INFO - Loading model from C:\Users\Nandini Devi\FedGuard-Project\results\models\ucsd_baseline.h5...
2025-12-01 11:53:50,933 - fedguard_client - INFO - [OK] Model loaded successfully
2025-12-01 11:53:50,934 - fedguard_client - INFO - Connecting to Kafka at localhost:9092 (topic: model-updates)...
2025-12-01 11:53:50,941 - kafka.conn - INFO - <BrokerConnection node_id=bootstrap-0 host=localhost:9092 <connecting> [IPv6 ('::1', 9092, 0, 0)]>: connecting to localhost:9092 [('::1', 9092, 0, 0) IPv6]
2025-12-01 11:53:50,943 - kafka.conn - INFO - Probing node bootstrap-0 broker version
2025-12-01 11:53:50,945 - kafka.conn - INFO - <BrokerConnection node_id=bootstrap-0 host=localhost:9092 <connecting> [IPv6 ('::1', 9092, 0, 0)]>: Connection complete.
2025-12-01 11:53:51,049 - kafka.conn - INFO - Broker version identified as 2.5.0
2025-12-01 11:53:51,049 - kafka.conn - INFO - Set configuration api_version=(2, 5, 0) to skip auto check_version requests on startup
2025-12-01 11:53:51,053 - fedguard_client - INFO - [OK] Kafka producer initialized
2025-12-01 11:53:51,054 - fedguard_client - INFO - Loading frames from: C:\Users\Nandini Devi\Downloads\uropds\UCSD_Anomaly_Dataset.v1p2\UCSDped1\Train\Train002
2025-12-01 11:53:51,055 - fedguard_client - INFO - [OK] Found 200 frames
2025-12-01 11:53:51,057 - fedguard_client - INFO - Frames per update: 16, Train batch size: 4, Image size: 128
2025-12-01 11:53:51,583 - fedguard_client - INFO - 
[Update #1] Collected 16 frames
2025-12-01 11:53:51,585 - fedguard_client - INFO - Performing local training...
2025-12-01 11:53:56,897 - fedguard_client - INFO - [OK] Training complete - Loss: 0.013616, Time: 5.31s
2025-12-01 11:53:57,937 - fedguard_client - INFO - Sending update to Kafka topic: 'model-updates' (payload size: 6505477 bytes, status: trained)...
2025-12-01 11:53:57,946 - kafka.conn - INFO - <BrokerConnection node_id=1 host=localhost:9092 <connecting> [IPv6 ('::1', 9092, 0, 0)]>: connecting to localhost:9092 [('::1', 9092, 0, 0) IPv6]
2025-12-01 11:53:57,947 - kafka.conn - INFO - <BrokerConnection node_id=1 host=localhost:9092 <connecting> [IPv6 ('::1', 9092, 0, 0)]>: Connection complete.
2025-12-01 11:53:57,948 - kafka.conn - INFO - <BrokerConnection node_id=bootstrap-0 host=localhost:9092 <connected> [IPv6 ('::1', 9092, 0, 0)]>: Closing connection. 
2025-12-01 11:53:59,671 - fedguard_client - INFO - [OK] Update sent successfully (Send time: 1.73s)
2025-12-01 11:53:59,672 - fedguard_client - INFO - Total updates sent: 1
2025-12-01 11:53:59,672 - fedguard_client - INFO - Avg training time: 5.31s
2025-12-01 11:54:00,114 - fedguard_client - INFO - 
[Update #2] Collected 16 frames
2025-12-01 11:54:00,116 - fedguard_client - INFO - Performing local training...
2025-12-01 11:54:03,235 - fedguard_client - INFO - [OK] Training complete - Loss: 0.010046, Time: 3.12s
2025-12-01 11:54:04,119 - fedguard_client - INFO - Sending update to Kafka topic: 'model-updates' (payload size: 6505829 bytes, status: trained)...
2025-12-01 11:54:05,764 - fedguard_client - INFO - [OK] Update sent successfully (Send time: 1.64s)
2025-12-01 11:54:05,764 - fedguard_client - INFO - Total updates sent: 2
2025-12-01 11:54:05,765 - fedguard_client - INFO - Avg training time: 4.22s
2025-12-01 11:54:06,241 - fedguard_client - INFO - 
[Update #3] Collected 16 frames
2025-12-01 11:54:06,242 - fedguard_client - INFO - Performing local training...
2025-12-01 11:54:09,409 - fedguard_client - INFO - [OK] Training complete - Loss: 0.008666, Time: 3.16s
2025-12-01 11:54:10,359 - fedguard_client - INFO - Sending update to Kafka topic: 'model-updates' (payload size: 6505585 bytes, status: trained)...
2025-12-01 11:54:12,247 - fedguard_client - INFO - [OK] Update sent successfully (Send time: 1.89s)
2025-12-01 11:54:12,248 - fedguard_client - INFO - Total updates sent: 3
2025-12-01 11:54:12,248 - fedguard_client - INFO - Avg training time: 3.86s
2025-12-01 11:54:12,674 - fedguard_client - INFO - 
[Update #4] Collected 16 frames
2025-12-01 11:54:12,675 - fedguard_client - INFO - Performing local training...
2025-12-01 11:54:16,081 - fedguard_client - INFO - [OK] Training complete - Loss: 0.006933, Time: 3.40s
2025-12-01 11:54:17,668 - fedguard_client - INFO - Sending update to Kafka topic: 'model-updates' (payload size: 6505466 bytes, status: trained)...
2025-12-01 11:54:20,185 - fedguard_client - INFO - [OK] Update sent successfully (Send time: 2.52s)
2025-12-01 11:54:20,186 - fedguard_client - INFO - Total updates sent: 4
2025-12-01 11:54:20,188 - fedguard_client - INFO - Avg training time: 3.75s
2025-12-01 11:54:20,646 - fedguard_client - INFO - 
[Update #5] Collected 16 frames
2025-12-01 11:54:20,647 - fedguard_client - INFO - Performing local training...
2025-12-01 11:54:23,846 - fedguard_client - INFO - [OK] Training complete - Loss: 0.006508, Time: 3.20s
2025-12-01 11:54:25,588 - fedguard_client - INFO - Sending update to Kafka topic: 'model-updates' (payload size: 6505345 bytes, status: trained)...
2025-12-01 11:54:28,002 - fedguard_client - INFO - [OK] Update sent successfully (Send time: 2.41s)
2025-12-01 11:54:28,003 - fedguard_client - INFO - Total updates sent: 5
2025-12-01 11:54:28,004 - fedguard_client - INFO - Avg training time: 3.64s
2025-12-01 11:54:28,570 - fedguard_client - INFO - 
[Update #6] Collected 16 frames
2025-12-01 11:54:28,572 - fedguard_client - INFO - Performing local training...
2025-12-01 11:54:32,545 - fedguard_client - INFO - [OK] Training complete - Loss: 0.006142, Time: 3.97s
2025-12-01 11:54:34,084 - fedguard_client - INFO - Sending update to Kafka topic: 'model-updates' (payload size: 6505753 bytes, status: trained)...
2025-12-01 11:54:36,821 - fedguard_client - INFO - [OK] Update sent successfully (Send time: 2.74s)
2025-12-01 11:54:36,822 - fedguard_client - INFO - Total updates sent: 6
2025-12-01 11:54:36,822 - fedguard_client - INFO - Avg training time: 3.70s
2025-12-01 11:54:37,312 - fedguard_client - INFO - 
[Update #7] Collected 16 frames
2025-12-01 11:54:37,314 - fedguard_client - INFO - Performing local training...
2025-12-01 11:54:40,974 - fedguard_client - INFO - [OK] Training complete - Loss: 0.005654, Time: 3.66s
2025-12-01 11:54:42,850 - fedguard_client - INFO - Sending update to Kafka topic: 'model-updates' (payload size: 6505832 bytes, status: trained)...
2025-12-01 11:54:47,157 - fedguard_client - INFO - [OK] Update sent successfully (Send time: 4.31s)
2025-12-01 11:54:47,157 - fedguard_client - INFO - Total updates sent: 7
2025-12-01 11:54:47,158 - fedguard_client - INFO - Avg training time: 3.69s
2025-12-01 11:54:47,679 - fedguard_client - INFO - 
[Update #8] Collected 16 frames
2025-12-01 11:54:47,681 - fedguard_client - INFO - Performing local training...
2025-12-01 11:54:51,179 - fedguard_client - INFO - [OK] Training complete - Loss: 0.005736, Time: 3.50s
2025-12-01 11:54:52,970 - fedguard_client - INFO - Sending update to Kafka topic: 'model-updates' (payload size: 6505733 bytes, status: trained)...
2025-12-01 11:54:56,442 - fedguard_client - INFO - [OK] Update sent successfully (Send time: 3.47s)
2025-12-01 11:54:56,443 - fedguard_client - INFO - Total updates sent: 8
2025-12-01 11:54:56,443 - fedguard_client - INFO - Avg training time: 3.67s
2025-12-01 11:54:56,891 - fedguard_client - INFO - 
[Update #9] Collected 16 frames
2025-12-01 11:54:56,893 - fedguard_client - INFO - Performing local training...
2025-12-01 11:55:00,801 - fedguard_client - INFO - [OK] Training complete - Loss: 0.005686, Time: 3.91s
2025-12-01 11:55:02,129 - fedguard_client - INFO - Sending update to Kafka topic: 'model-updates' (payload size: 6505875 bytes, status: trained)...
2025-12-01 11:55:06,188 - fedguard_client - INFO - [OK] Update sent successfully (Send time: 4.06s)
2025-12-01 11:55:06,189 - fedguard_client - INFO - Total updates sent: 9
2025-12-01 11:55:06,190 - fedguard_client - INFO - Avg training time: 3.69s
2025-12-01 11:55:06,606 - fedguard_client - INFO - 
[Update #10] Collected 16 frames
2025-12-01 11:55:06,607 - fedguard_client - INFO - Performing local training...
2025-12-01 11:55:10,523 - fedguard_client - INFO - [OK] Training complete - Loss: 0.005435, Time: 3.91s
2025-12-01 11:55:11,843 - fedguard_client - INFO - Sending update to Kafka topic: 'model-updates' (payload size: 6505752 bytes, status: trained)...
2025-12-01 11:55:14,214 - fedguard_client - INFO - [OK] Update sent successfully (Send time: 2.37s)
2025-12-01 11:55:14,214 - fedguard_client - INFO - Total updates sent: 10
2025-12-01 11:55:14,214 - fedguard_client - INFO - Avg training time: 3.71s
2025-12-01 11:55:14,560 - fedguard_client - INFO - 
[Update #11] Collected 16 frames
2025-12-01 11:55:14,561 - fedguard_client - INFO - Performing local training...
2025-12-01 11:55:18,071 - fedguard_client - INFO - [OK] Training complete - Loss: 0.005424, Time: 3.51s
2025-12-01 11:55:19,039 - fedguard_client - INFO - Sending update to Kafka topic: 'model-updates' (payload size: 6506000 bytes, status: trained)...
2025-12-01 11:55:20,442 - fedguard_client - INFO - [OK] Update sent successfully (Send time: 1.40s)
2025-12-01 11:55:20,443 - fedguard_client - INFO - Total updates sent: 11
2025-12-01 11:55:20,443 - fedguard_client - INFO - Avg training time: 3.70s
2025-12-01 11:55:20,785 - fedguard_client - INFO - 
[Update #12] Collected 16 frames
2025-12-01 11:55:20,786 - fedguard_client - INFO - Performing local training...
2025-12-01 11:55:21,637 - fedguard_client - INFO - Keyboard interrupt - shutting down client
2025-12-01 11:55:21,638 - fedguard_client - INFO - Cleaning up client...
2025-12-01 11:55:21,685 - kafka.producer.kafka - INFO - Closing the Kafka producer with 4294967.0 secs timeout.
2025-12-01 11:55:21,687 - kafka.conn - INFO - <BrokerConnection node_id=1 host=localhost:9092 <connected> [IPv6 ('::1', 9092, 0, 0)]>: Closing connection. 
2025-12-01 11:55:21,689 - fedguard_client - INFO - Client Client-02 shut down successfully
