2025-12-01 14:31:13,418 - fedguard_client - INFO - ============================================================
2025-12-01 14:31:13,418 - fedguard_client - INFO - FEDERATED CLIENT: Client-02
2025-12-01 14:31:13,419 - fedguard_client - INFO - ============================================================
2025-12-01 14:31:13,420 - fedguard_client - INFO - Loading model from C:\Users\Nandini Devi\FedGuard-Project\results\models\ucsd_baseline.h5...
2025-12-01 14:31:22,175 - fedguard_client - INFO - [OK] Model loaded successfully
2025-12-01 14:31:22,176 - fedguard_client - INFO - Connecting to Kafka at localhost:9092 (topic: model-updates)...
2025-12-01 14:31:22,188 - kafka.conn - INFO - <BrokerConnection node_id=bootstrap-0 host=localhost:9092 <connecting> [IPv6 ('::1', 9092, 0, 0)]>: connecting to localhost:9092 [('::1', 9092, 0, 0) IPv6]
2025-12-01 14:31:22,190 - kafka.conn - INFO - Probing node bootstrap-0 broker version
2025-12-01 14:31:22,191 - kafka.conn - INFO - <BrokerConnection node_id=bootstrap-0 host=localhost:9092 <connecting> [IPv6 ('::1', 9092, 0, 0)]>: Connection complete.
2025-12-01 14:31:22,309 - kafka.conn - INFO - Broker version identified as 2.5.0
2025-12-01 14:31:22,310 - kafka.conn - INFO - Set configuration api_version=(2, 5, 0) to skip auto check_version requests on startup
2025-12-01 14:31:22,313 - fedguard_client - INFO - [OK] Kafka producer initialized
2025-12-01 14:31:22,313 - fedguard_client - INFO - Loading frames from: C:\Users\Nandini Devi\Downloads\uropds\UCSD_Anomaly_Dataset.v1p2\UCSDped1\Train\Train002
2025-12-01 14:31:22,319 - fedguard_client - INFO - [OK] Found 200 frames
2025-12-01 14:31:22,320 - fedguard_client - INFO - Frames per update: 16, Train batch size: 4, Image size: 128
2025-12-01 14:31:22,587 - fedguard_client - INFO - 
[Update #1] Collected 16 frames
2025-12-01 14:31:22,589 - fedguard_client - INFO - Performing local training...
2025-12-01 14:31:27,848 - fedguard_client - INFO - [OK] Training complete - Loss: 0.019692, Time: 5.26s
2025-12-01 14:31:29,118 - fedguard_client - INFO - Sending update to Kafka topic: 'model-updates' (payload size: 6502727 bytes, status: trained)...
2025-12-01 14:31:29,125 - kafka.conn - INFO - <BrokerConnection node_id=1 host=localhost:9092 <connecting> [IPv6 ('::1', 9092, 0, 0)]>: connecting to localhost:9092 [('::1', 9092, 0, 0) IPv6]
2025-12-01 14:31:29,127 - kafka.conn - INFO - <BrokerConnection node_id=1 host=localhost:9092 <connecting> [IPv6 ('::1', 9092, 0, 0)]>: Connection complete.
2025-12-01 14:31:29,127 - kafka.conn - INFO - <BrokerConnection node_id=bootstrap-0 host=localhost:9092 <connected> [IPv6 ('::1', 9092, 0, 0)]>: Closing connection. 
2025-12-01 14:31:31,102 - fedguard_client - INFO - [OK] Update sent successfully (Send time: 1.98s)
2025-12-01 14:31:31,103 - fedguard_client - INFO - Total updates sent: 1
2025-12-01 14:31:31,103 - fedguard_client - INFO - Avg training time: 5.26s
2025-12-01 14:31:31,317 - fedguard_client - INFO - 
[Update #2] Collected 16 frames
2025-12-01 14:31:31,319 - fedguard_client - INFO - Performing local training...
2025-12-01 14:31:32,948 - fedguard_client - INFO - [OK] Training complete - Loss: 0.017572, Time: 1.63s
2025-12-01 14:31:33,927 - fedguard_client - INFO - Sending update to Kafka topic: 'model-updates' (payload size: 6502658 bytes, status: trained)...
2025-12-01 14:31:35,390 - fedguard_client - INFO - [OK] Update sent successfully (Send time: 1.46s)
2025-12-01 14:31:35,390 - fedguard_client - INFO - Total updates sent: 2
2025-12-01 14:31:35,390 - fedguard_client - INFO - Avg training time: 3.44s
2025-12-01 14:31:35,618 - fedguard_client - INFO - 
[Update #3] Collected 16 frames
2025-12-01 14:31:35,619 - fedguard_client - INFO - Performing local training...
2025-12-01 14:31:36,870 - fedguard_client - INFO - Keyboard interrupt - shutting down client
2025-12-01 14:31:36,871 - fedguard_client - INFO - Cleaning up client...
2025-12-01 14:31:36,905 - kafka.producer.kafka - INFO - Closing the Kafka producer with 4294967.0 secs timeout.
2025-12-01 14:31:36,906 - kafka.conn - INFO - <BrokerConnection node_id=1 host=localhost:9092 <connected> [IPv6 ('::1', 9092, 0, 0)]>: Closing connection. 
2025-12-01 14:31:36,908 - fedguard_client - INFO - Client Client-02 shut down successfully
