2025-12-01 11:51:06,964 - fedguard_client - INFO - ============================================================
2025-12-01 11:51:06,965 - fedguard_client - INFO - FEDERATED CLIENT: Client-01
2025-12-01 11:51:06,965 - fedguard_client - INFO - ============================================================
2025-12-01 11:51:06,965 - fedguard_client - INFO - Loading model from C:\Users\Nandini Devi\FedGuard-Project\results\models\ucsd_baseline.h5...
2025-12-01 11:51:10,554 - fedguard_client - INFO - [OK] Model loaded successfully
2025-12-01 11:51:10,554 - fedguard_client - INFO - Connecting to Kafka at localhost:9092 (topic: model-updates)...
2025-12-01 11:51:10,559 - kafka.conn - INFO - <BrokerConnection node_id=bootstrap-0 host=localhost:9092 <connecting> [IPv6 ('::1', 9092, 0, 0)]>: connecting to localhost:9092 [('::1', 9092, 0, 0) IPv6]
2025-12-01 11:51:10,560 - kafka.conn - INFO - Probing node bootstrap-0 broker version
2025-12-01 11:51:10,561 - kafka.conn - INFO - <BrokerConnection node_id=bootstrap-0 host=localhost:9092 <connecting> [IPv6 ('::1', 9092, 0, 0)]>: Connection complete.
2025-12-01 11:51:10,665 - kafka.conn - INFO - Broker version identified as 2.5.0
2025-12-01 11:51:10,666 - kafka.conn - INFO - Set configuration api_version=(2, 5, 0) to skip auto check_version requests on startup
2025-12-01 11:51:10,668 - fedguard_client - INFO - [OK] Kafka producer initialized
2025-12-01 11:51:10,668 - fedguard_client - INFO - Loading frames from: C:\Users\Nandini Devi\Downloads\uropds\UCSD_Anomaly_Dataset.v1p2\UCSDped1\Train\Train001
2025-12-01 11:51:10,669 - fedguard_client - INFO - [OK] Found 200 frames
2025-12-01 11:51:10,669 - fedguard_client - INFO - Frames per update: 16, Train batch size: 4, Image size: 128
2025-12-01 11:51:11,235 - fedguard_client - INFO - 
[Update #1] Collected 16 frames
2025-12-01 11:51:11,237 - fedguard_client - INFO - Performing local training...
2025-12-01 11:51:14,305 - fedguard_client - INFO - [OK] Training complete - Loss: 0.012740, Time: 3.07s
2025-12-01 11:51:15,010 - fedguard_client - INFO - Sending update to Kafka topic: 'model-updates' (payload size: 6505529 bytes, status: trained)...
2025-12-01 11:51:15,016 - kafka.conn - INFO - <BrokerConnection node_id=1 host=localhost:9092 <connecting> [IPv6 ('::1', 9092, 0, 0)]>: connecting to localhost:9092 [('::1', 9092, 0, 0) IPv6]
2025-12-01 11:51:15,016 - kafka.conn - INFO - <BrokerConnection node_id=1 host=localhost:9092 <connecting> [IPv6 ('::1', 9092, 0, 0)]>: Connection complete.
2025-12-01 11:51:15,017 - kafka.conn - INFO - <BrokerConnection node_id=bootstrap-0 host=localhost:9092 <connected> [IPv6 ('::1', 9092, 0, 0)]>: Closing connection. 
2025-12-01 11:51:16,288 - fedguard_client - INFO - [OK] Update sent successfully (Send time: 1.28s)
2025-12-01 11:51:16,288 - fedguard_client - INFO - Total updates sent: 1
2025-12-01 11:51:16,289 - fedguard_client - INFO - Avg training time: 3.07s
2025-12-01 11:51:16,702 - fedguard_client - INFO - 
[Update #2] Collected 16 frames
2025-12-01 11:51:16,704 - fedguard_client - INFO - Performing local training...
2025-12-01 11:51:18,161 - fedguard_client - INFO - [OK] Training complete - Loss: 0.007380, Time: 1.46s
2025-12-01 11:51:18,914 - fedguard_client - INFO - Sending update to Kafka topic: 'model-updates' (payload size: 6505227 bytes, status: trained)...
2025-12-01 11:51:20,252 - fedguard_client - INFO - [OK] Update sent successfully (Send time: 1.34s)
2025-12-01 11:51:20,253 - fedguard_client - INFO - Total updates sent: 2
2025-12-01 11:51:20,253 - fedguard_client - INFO - Avg training time: 2.26s
2025-12-01 11:51:20,735 - fedguard_client - INFO - 
[Update #3] Collected 16 frames
2025-12-01 11:51:20,737 - fedguard_client - INFO - Performing local training...
2025-12-01 11:51:22,675 - fedguard_client - INFO - [OK] Training complete - Loss: 0.005718, Time: 1.94s
2025-12-01 11:51:23,698 - fedguard_client - INFO - Sending update to Kafka topic: 'model-updates' (payload size: 6505017 bytes, status: trained)...
2025-12-01 11:51:25,548 - fedguard_client - INFO - [OK] Update sent successfully (Send time: 1.85s)
2025-12-01 11:51:25,549 - fedguard_client - INFO - Total updates sent: 3
2025-12-01 11:51:25,549 - fedguard_client - INFO - Avg training time: 2.15s
2025-12-01 11:51:26,059 - fedguard_client - INFO - 
[Update #4] Collected 16 frames
2025-12-01 11:51:26,060 - fedguard_client - INFO - Performing local training...
2025-12-01 11:51:27,923 - fedguard_client - INFO - [OK] Training complete - Loss: 0.004518, Time: 1.86s
2025-12-01 11:51:28,860 - fedguard_client - INFO - Sending update to Kafka topic: 'model-updates' (payload size: 6505772 bytes, status: trained)...
2025-12-01 11:51:30,428 - fedguard_client - INFO - [OK] Update sent successfully (Send time: 1.57s)
2025-12-01 11:51:30,429 - fedguard_client - INFO - Total updates sent: 4
2025-12-01 11:51:30,430 - fedguard_client - INFO - Avg training time: 2.08s
2025-12-01 11:51:30,919 - fedguard_client - INFO - 
[Update #5] Collected 16 frames
2025-12-01 11:51:30,921 - fedguard_client - INFO - Performing local training...
2025-12-01 11:51:32,750 - fedguard_client - INFO - [OK] Training complete - Loss: 0.003688, Time: 1.83s
2025-12-01 11:51:33,637 - fedguard_client - INFO - Sending update to Kafka topic: 'model-updates' (payload size: 6505679 bytes, status: trained)...
2025-12-01 11:51:35,638 - fedguard_client - INFO - [OK] Update sent successfully (Send time: 2.00s)
2025-12-01 11:51:35,638 - fedguard_client - INFO - Total updates sent: 5
2025-12-01 11:51:35,638 - fedguard_client - INFO - Avg training time: 2.03s
2025-12-01 11:51:36,115 - fedguard_client - INFO - 
[Update #6] Collected 16 frames
2025-12-01 11:51:36,116 - fedguard_client - INFO - Performing local training...
2025-12-01 11:51:38,121 - fedguard_client - INFO - [OK] Training complete - Loss: 0.003364, Time: 2.00s
2025-12-01 11:51:39,407 - fedguard_client - INFO - Sending update to Kafka topic: 'model-updates' (payload size: 6505560 bytes, status: trained)...
2025-12-01 11:51:40,982 - fedguard_client - INFO - [OK] Update sent successfully (Send time: 1.57s)
2025-12-01 11:51:40,983 - fedguard_client - INFO - Total updates sent: 6
2025-12-01 11:51:40,983 - fedguard_client - INFO - Avg training time: 2.03s
2025-12-01 11:51:41,516 - fedguard_client - INFO - 
[Update #7] Collected 16 frames
2025-12-01 11:51:41,517 - fedguard_client - INFO - Performing local training...
2025-12-01 11:51:43,612 - fedguard_client - INFO - [OK] Training complete - Loss: 0.003046, Time: 2.09s
2025-12-01 11:51:44,880 - fedguard_client - INFO - Sending update to Kafka topic: 'model-updates' (payload size: 6505721 bytes, status: trained)...
2025-12-01 11:51:47,027 - fedguard_client - INFO - [OK] Update sent successfully (Send time: 2.15s)
2025-12-01 11:51:47,027 - fedguard_client - INFO - Total updates sent: 7
2025-12-01 11:51:47,028 - fedguard_client - INFO - Avg training time: 2.04s
2025-12-01 11:51:47,516 - fedguard_client - INFO - 
[Update #8] Collected 16 frames
2025-12-01 11:51:47,517 - fedguard_client - INFO - Performing local training...
2025-12-01 11:51:50,079 - fedguard_client - INFO - [OK] Training complete - Loss: 0.003198, Time: 2.56s
2025-12-01 11:51:51,225 - fedguard_client - INFO - Sending update to Kafka topic: 'model-updates' (payload size: 6505831 bytes, status: trained)...
2025-12-01 11:51:53,725 - fedguard_client - INFO - [OK] Update sent successfully (Send time: 2.50s)
2025-12-01 11:51:53,726 - fedguard_client - INFO - Total updates sent: 8
2025-12-01 11:51:53,726 - fedguard_client - INFO - Avg training time: 2.10s
2025-12-01 11:51:54,298 - fedguard_client - INFO - 
[Update #9] Collected 16 frames
2025-12-01 11:51:54,316 - fedguard_client - INFO - Performing local training...
2025-12-01 11:51:57,350 - fedguard_client - INFO - [OK] Training complete - Loss: 0.003180, Time: 3.03s
2025-12-01 11:51:58,410 - fedguard_client - INFO - Sending update to Kafka topic: 'model-updates' (payload size: 6505627 bytes, status: trained)...
2025-12-01 11:52:00,333 - fedguard_client - INFO - [OK] Update sent successfully (Send time: 1.92s)
2025-12-01 11:52:00,336 - fedguard_client - INFO - Total updates sent: 9
2025-12-01 11:52:00,337 - fedguard_client - INFO - Avg training time: 2.20s
2025-12-01 11:52:01,119 - fedguard_client - INFO - 
[Update #10] Collected 16 frames
2025-12-01 11:52:01,123 - fedguard_client - INFO - Performing local training...
2025-12-01 11:52:04,129 - fedguard_client - INFO - [OK] Training complete - Loss: 0.002279, Time: 3.00s
2025-12-01 11:52:05,362 - fedguard_client - INFO - Sending update to Kafka topic: 'model-updates' (payload size: 6505724 bytes, status: trained)...
2025-12-01 11:52:08,669 - fedguard_client - INFO - [OK] Update sent successfully (Send time: 3.31s)
2025-12-01 11:52:08,670 - fedguard_client - INFO - Total updates sent: 10
2025-12-01 11:52:08,671 - fedguard_client - INFO - Avg training time: 2.28s
2025-12-01 11:52:09,825 - fedguard_client - INFO - 
[Update #11] Collected 16 frames
2025-12-01 11:52:09,831 - fedguard_client - INFO - Performing local training...
2025-12-01 11:52:12,841 - fedguard_client - INFO - [OK] Training complete - Loss: 0.001693, Time: 3.01s
2025-12-01 11:52:13,929 - fedguard_client - INFO - Sending update to Kafka topic: 'model-updates' (payload size: 6505554 bytes, status: trained)...
2025-12-01 11:52:17,364 - fedguard_client - INFO - [OK] Update sent successfully (Send time: 3.44s)
2025-12-01 11:52:17,365 - fedguard_client - INFO - Total updates sent: 11
2025-12-01 11:52:17,365 - fedguard_client - INFO - Avg training time: 2.35s
2025-12-01 11:52:18,332 - fedguard_client - INFO - 
[Update #12] Collected 16 frames
2025-12-01 11:52:18,334 - fedguard_client - INFO - Performing local training...
2025-12-01 11:52:20,761 - fedguard_client - INFO - [OK] Training complete - Loss: 0.001741, Time: 2.43s
2025-12-01 11:52:21,744 - fedguard_client - INFO - Sending update to Kafka topic: 'model-updates' (payload size: 6505666 bytes, status: trained)...
2025-12-01 11:52:26,531 - fedguard_client - INFO - [OK] Update sent successfully (Send time: 4.79s)
2025-12-01 11:52:26,532 - fedguard_client - INFO - Total updates sent: 12
2025-12-01 11:52:26,533 - fedguard_client - INFO - Avg training time: 2.36s
2025-12-01 11:52:26,856 - fedguard_client - INFO - 
[Update #13] Collected 16 frames
2025-12-01 11:52:26,860 - fedguard_client - INFO - Performing local training...
2025-12-01 11:52:29,314 - fedguard_client - INFO - [OK] Training complete - Loss: 0.002017, Time: 2.45s
2025-12-01 11:52:30,433 - fedguard_client - INFO - Sending update to Kafka topic: 'model-updates' (payload size: 6505778 bytes, status: trained)...
2025-12-01 11:52:35,100 - fedguard_client - INFO - [OK] Update sent successfully (Send time: 4.67s)
2025-12-01 11:52:35,100 - fedguard_client - INFO - Total updates sent: 13
2025-12-01 11:52:35,101 - fedguard_client - INFO - Avg training time: 2.36s
2025-12-01 11:52:35,338 - fedguard_client - INFO - 
[Update #14] Collected 16 frames
2025-12-01 11:52:35,339 - fedguard_client - INFO - Performing local training...
2025-12-01 11:52:37,637 - fedguard_client - INFO - [OK] Training complete - Loss: 0.002295, Time: 2.30s
2025-12-01 11:52:38,799 - fedguard_client - INFO - Sending update to Kafka topic: 'model-updates' (payload size: 6505672 bytes, status: trained)...
2025-12-01 11:52:43,566 - fedguard_client - INFO - [OK] Update sent successfully (Send time: 4.77s)
2025-12-01 11:52:43,566 - fedguard_client - INFO - Total updates sent: 14
2025-12-01 11:52:43,567 - fedguard_client - INFO - Avg training time: 2.36s
2025-12-01 11:52:43,765 - fedguard_client - INFO - 
[Update #15] Collected 16 frames
2025-12-01 11:52:43,766 - fedguard_client - INFO - Performing local training...
2025-12-01 11:52:45,197 - fedguard_client - INFO - Keyboard interrupt - shutting down client
2025-12-01 11:52:45,198 - fedguard_client - INFO - Cleaning up client...
2025-12-01 11:52:45,238 - kafka.producer.kafka - INFO - Closing the Kafka producer with 4294967.0 secs timeout.
2025-12-01 11:52:45,240 - kafka.conn - INFO - <BrokerConnection node_id=1 host=localhost:9092 <connected> [IPv6 ('::1', 9092, 0, 0)]>: Closing connection. 
2025-12-01 11:52:45,242 - fedguard_client - INFO - Client Client-01 shut down successfully
