2025-11-03 10:27:56,709 - __main__ - INFO - ============================================================
2025-11-03 10:27:56,709 - __main__ - INFO - FEDERATED CLIENT: Client-01
2025-11-03 10:27:56,710 - __main__ - INFO - ============================================================
2025-11-03 10:27:56,710 - __main__ - INFO - Loading model from C:\Users\Nandini Devi\FedGuard-Project\results\models\ucsd_baseline.h5...
2025-11-03 10:27:57,636 - __main__ - INFO - [OK] Model loaded successfully
2025-11-03 10:27:57,637 - __main__ - INFO - Connecting to Kafka at localhost:9092...
2025-11-03 10:27:57,646 - kafka.conn - INFO - <BrokerConnection node_id=bootstrap-0 host=localhost:9092 <connecting> [IPv6 ('::1', 9092, 0, 0)]>: connecting to localhost:9092 [('::1', 9092, 0, 0) IPv6]
2025-11-03 10:27:57,648 - kafka.conn - INFO - Probing node bootstrap-0 broker version
2025-11-03 10:27:59,671 - __main__ - ERROR - 

ERROR: NoBrokersAvailable
Traceback (most recent call last):
  File "C:\Users\Nandini Devi\FedGuard-Project\federated\federated_client.py", line 50, in <module>
    producer = KafkaProducer(
  File "C:\Users\Nandini Devi\FedGuard-Project\venv\lib\site-packages\kafka\producer\kafka.py", line 381, in __init__
    client = KafkaClient(metrics=self._metrics, metric_group_prefix='producer',
  File "C:\Users\Nandini Devi\FedGuard-Project\venv\lib\site-packages\kafka\client_async.py", line 244, in __init__
    self.config['api_version'] = self.check_version(timeout=check_timeout)
  File "C:\Users\Nandini Devi\FedGuard-Project\venv\lib\site-packages\kafka\client_async.py", line 927, in check_version
    raise Errors.NoBrokersAvailable()
kafka.errors.NoBrokersAvailable: NoBrokersAvailable
2025-11-03 10:27:59,674 - __main__ - INFO - 
Cleaning up...
2025-11-03 10:27:59,683 - __main__ - INFO - Client Client-01 shut down successfully
