2025-11-06 12:39:40,445 - __main__ - INFO - ============================================================
2025-11-06 12:39:40,447 - __main__ - INFO - FEDERATED CLIENT: Client-01
2025-11-06 12:39:40,449 - __main__ - INFO - ============================================================
2025-11-06 12:39:40,450 - __main__ - INFO - Loading model from C:\Users\Nandini Devi\FedGuard-Project\results\models\ucsd_baseline.h5...
2025-11-06 12:39:42,521 - __main__ - INFO - [OK] Model loaded successfully
2025-11-06 12:39:42,522 - __main__ - INFO - Connecting to Kafka at localhost:9092...
2025-11-06 12:39:42,532 - kafka.conn - INFO - <BrokerConnection node_id=bootstrap-0 host=localhost:9092 <connecting> [IPv6 ('::1', 9092, 0, 0)]>: connecting to localhost:9092 [('::1', 9092, 0, 0) IPv6]
2025-11-06 12:39:42,534 - kafka.conn - INFO - Probing node bootstrap-0 broker version
2025-11-06 12:39:42,536 - kafka.conn - INFO - <BrokerConnection node_id=bootstrap-0 host=localhost:9092 <connecting> [IPv6 ('::1', 9092, 0, 0)]>: Connection complete.
2025-11-06 12:39:43,014 - kafka.conn - INFO - Broker version identified as 2.5.0
2025-11-06 12:39:43,014 - kafka.conn - INFO - Set configuration api_version=(2, 5, 0) to skip auto check_version requests on startup
2025-11-06 12:39:43,017 - __main__ - INFO - [OK] Kafka connection established
2025-11-06 12:39:43,019 - __main__ - INFO - Loading frames from: C:\Users\Nandini Devi\Downloads\uropds\UCSD_Anomaly_Dataset.v1p2\UCSDped1\Train\Train001
2025-11-06 12:39:43,029 - __main__ - INFO - [OK] Found 200 frames
2025-11-06 12:39:43,031 - __main__ - INFO - Batch size: 100 frames
2025-11-06 12:39:43,031 - __main__ - INFO - 
============================================================
2025-11-06 12:39:43,032 - __main__ - INFO - CLIENT RUNNING - Processing frames in loop
2025-11-06 12:39:43,033 - __main__ - INFO - ============================================================

2025-11-06 12:39:45,621 - __main__ - INFO - 
[Update #1] Collected 100 frames
2025-11-06 12:39:45,642 - __main__ - INFO - Performing local training...
2025-11-06 12:40:21,637 - __main__ - INFO - [OK] Training complete - Loss: 0.020581, Time: 35.99s
2025-11-06 12:40:22,042 - __main__ - INFO - Sending update to Kafka topic: 'model-updates'...
2025-11-06 12:40:24,567 - kafka.conn - INFO - <BrokerConnection node_id=1 host=localhost:9092 <connecting> [IPv6 ('::1', 9092, 0, 0)]>: connecting to localhost:9092 [('::1', 9092, 0, 0) IPv6]
2025-11-06 12:40:24,568 - __main__ - INFO - [OK] Update sent successfully (Send time: 2.53s)
2025-11-06 12:40:24,575 - kafka.conn - INFO - <BrokerConnection node_id=1 host=localhost:9092 <connecting> [IPv6 ('::1', 9092, 0, 0)]>: Connection complete.
2025-11-06 12:40:24,576 - __main__ - INFO - Total updates sent: 1
2025-11-06 12:40:24,576 - kafka.conn - INFO - <BrokerConnection node_id=bootstrap-0 host=localhost:9092 <connected> [IPv6 ('::1', 9092, 0, 0)]>: Closing connection. 
2025-11-06 12:40:24,576 - __main__ - INFO - Avg training time: 35.99s
2025-11-06 12:40:27,927 - __main__ - INFO - 
[Update #2] Collected 100 frames
2025-11-06 12:40:27,949 - __main__ - INFO - Performing local training...
2025-11-06 12:40:57,721 - __main__ - INFO - [OK] Training complete - Loss: 0.010512, Time: 29.77s
2025-11-06 12:40:57,898 - __main__ - INFO - Sending update to Kafka topic: 'model-updates'...
2025-11-06 12:41:00,164 - __main__ - INFO - [OK] Update sent successfully (Send time: 2.27s)
2025-11-06 12:41:00,165 - __main__ - INFO - Total updates sent: 2
2025-11-06 12:41:00,165 - __main__ - INFO - Avg training time: 32.88s
2025-11-06 12:41:01,706 - __main__ - INFO - 
[Update #3] Collected 100 frames
2025-11-06 12:41:01,722 - __main__ - INFO - Performing local training...
2025-11-06 12:41:30,478 - __main__ - INFO - [OK] Training complete - Loss: 0.007345, Time: 28.75s
2025-11-06 12:41:30,554 - __main__ - INFO - Sending update to Kafka topic: 'model-updates'...
2025-11-06 12:41:31,262 - __main__ - INFO - [OK] Update sent successfully (Send time: 0.71s)
2025-11-06 12:41:31,263 - __main__ - INFO - Total updates sent: 3
2025-11-06 12:41:31,263 - __main__ - INFO - Avg training time: 31.51s
2025-11-06 12:41:32,809 - __main__ - INFO - 
[Update #4] Collected 100 frames
2025-11-06 12:41:32,831 - __main__ - INFO - Performing local training...
2025-11-06 12:41:59,164 - __main__ - INFO - [OK] Training complete - Loss: 0.005274, Time: 26.27s
2025-11-06 12:41:59,241 - __main__ - INFO - Sending update to Kafka topic: 'model-updates'...
2025-11-06 12:42:00,016 - __main__ - INFO - [OK] Update sent successfully (Send time: 0.77s)
2025-11-06 12:42:00,020 - __main__ - INFO - Total updates sent: 4
2025-11-06 12:42:00,023 - __main__ - INFO - Avg training time: 30.20s
2025-11-06 12:42:01,610 - __main__ - INFO - 
[Update #5] Collected 100 frames
2025-11-06 12:42:01,651 - __main__ - INFO - Performing local training...
2025-11-06 12:44:24,328 - __main__ - INFO - [OK] Training complete - Loss: 0.004672, Time: 142.65s
2025-11-06 12:44:24,472 - __main__ - INFO - Sending update to Kafka topic: 'model-updates'...
2025-11-06 12:44:26,979 - __main__ - INFO - [OK] Update sent successfully (Send time: 2.51s)
2025-11-06 12:44:26,980 - __main__ - INFO - Total updates sent: 5
2025-11-06 12:44:26,980 - __main__ - INFO - Avg training time: 52.69s
2025-11-06 12:44:28,555 - __main__ - INFO - 
[Update #6] Collected 100 frames
2025-11-06 12:44:28,577 - __main__ - INFO - Performing local training...
2025-11-06 12:46:51,092 - __main__ - INFO - [OK] Training complete - Loss: 0.003612, Time: 142.51s
2025-11-06 12:46:51,269 - __main__ - INFO - Sending update to Kafka topic: 'model-updates'...
2025-11-06 12:46:53,130 - __main__ - INFO - [OK] Update sent successfully (Send time: 1.86s)
2025-11-06 12:46:53,131 - __main__ - INFO - Total updates sent: 6
2025-11-06 12:46:53,131 - __main__ - INFO - Avg training time: 67.66s
2025-11-06 12:46:54,724 - __main__ - INFO - 
[Update #7] Collected 100 frames
2025-11-06 12:46:54,741 - __main__ - INFO - Performing local training...
2025-11-06 12:48:37,235 - __main__ - INFO - [OK] Training complete - Loss: 0.003364, Time: 102.49s
2025-11-06 12:48:37,394 - __main__ - INFO - Sending update to Kafka topic: 'model-updates'...
2025-11-06 12:48:39,267 - __main__ - INFO - [OK] Update sent successfully (Send time: 1.87s)
2025-11-06 12:48:39,268 - __main__ - INFO - Total updates sent: 7
2025-11-06 12:48:39,270 - __main__ - INFO - Avg training time: 72.64s
2025-11-06 12:48:40,859 - __main__ - INFO - 
[Update #8] Collected 100 frames
2025-11-06 12:48:40,880 - __main__ - INFO - Performing local training...
2025-11-06 12:50:20,867 - __main__ - INFO - [OK] Training complete - Loss: 0.002654, Time: 99.98s
2025-11-06 12:50:21,202 - __main__ - INFO - Sending update to Kafka topic: 'model-updates'...
2025-11-06 12:50:23,147 - __main__ - INFO - [OK] Update sent successfully (Send time: 1.94s)
2025-11-06 12:50:23,148 - __main__ - INFO - Total updates sent: 8
2025-11-06 12:50:23,148 - __main__ - INFO - Avg training time: 76.05s
2025-11-06 12:50:24,733 - __main__ - INFO - 
[Update #9] Collected 100 frames
2025-11-06 12:50:24,763 - __main__ - INFO - Performing local training...
2025-11-06 12:52:04,175 - __main__ - INFO - [OK] Training complete - Loss: 0.002431, Time: 99.41s
2025-11-06 12:52:04,345 - __main__ - INFO - Sending update to Kafka topic: 'model-updates'...
2025-11-06 12:52:06,349 - __main__ - INFO - [OK] Update sent successfully (Send time: 2.00s)
2025-11-06 12:52:06,350 - __main__ - INFO - Total updates sent: 9
2025-11-06 12:52:06,351 - __main__ - INFO - Avg training time: 78.65s
2025-11-06 12:52:07,921 - __main__ - INFO - 
[Update #10] Collected 100 frames
2025-11-06 12:52:07,934 - __main__ - INFO - Performing local training...
2025-11-06 12:53:54,681 - __main__ - INFO - [OK] Training complete - Loss: 0.002015, Time: 106.75s
2025-11-06 12:53:54,819 - __main__ - INFO - Sending update to Kafka topic: 'model-updates'...
2025-11-06 12:53:56,688 - __main__ - INFO - [OK] Update sent successfully (Send time: 1.87s)
2025-11-06 12:53:56,689 - __main__ - INFO - Total updates sent: 10
2025-11-06 12:53:56,690 - __main__ - INFO - Avg training time: 81.46s
2025-11-06 12:53:58,256 - __main__ - INFO - 
[Update #11] Collected 100 frames
2025-11-06 12:53:58,282 - __main__ - INFO - Performing local training...
2025-11-06 12:55:39,957 - __main__ - INFO - [OK] Training complete - Loss: 0.001915, Time: 101.67s
2025-11-06 12:55:40,111 - __main__ - INFO - Sending update to Kafka topic: 'model-updates'...
2025-11-06 12:55:42,014 - __main__ - INFO - [OK] Update sent successfully (Send time: 1.89s)
2025-11-06 12:55:42,014 - __main__ - INFO - Total updates sent: 11
2025-11-06 12:55:42,014 - __main__ - INFO - Avg training time: 83.30s
2025-11-06 12:55:43,593 - __main__ - INFO - 
[Update #12] Collected 100 frames
2025-11-06 12:55:43,615 - __main__ - INFO - Performing local training...
2025-11-06 12:57:20,143 - __main__ - INFO - [OK] Training complete - Loss: 0.001647, Time: 96.53s
2025-11-06 12:57:20,318 - __main__ - INFO - Sending update to Kafka topic: 'model-updates'...
2025-11-06 12:57:23,439 - __main__ - INFO - [OK] Update sent successfully (Send time: 3.12s)
2025-11-06 12:57:23,463 - __main__ - INFO - Total updates sent: 12
2025-11-06 12:57:23,743 - __main__ - INFO - Avg training time: 84.40s
2025-11-06 12:57:25,431 - __main__ - INFO - 
[Update #13] Collected 100 frames
2025-11-06 12:57:25,448 - __main__ - INFO - Performing local training...
2025-11-06 12:59:16,489 - __main__ - INFO - [OK] Training complete - Loss: 0.001602, Time: 111.04s
2025-11-06 12:59:16,671 - __main__ - INFO - Sending update to Kafka topic: 'model-updates'...
2025-11-06 12:59:19,447 - __main__ - INFO - [OK] Update sent successfully (Send time: 2.77s)
2025-11-06 12:59:19,447 - __main__ - INFO - Total updates sent: 13
2025-11-06 12:59:19,448 - __main__ - INFO - Avg training time: 86.45s
2025-11-06 12:59:21,014 - __main__ - INFO - 
[Update #14] Collected 100 frames
2025-11-06 12:59:21,035 - __main__ - INFO - Performing local training...
2025-11-06 13:01:05,881 - __main__ - INFO - [OK] Training complete - Loss: 0.001397, Time: 104.84s
2025-11-06 13:01:06,061 - __main__ - INFO - Sending update to Kafka topic: 'model-updates'...
2025-11-06 13:01:08,552 - __main__ - INFO - [OK] Update sent successfully (Send time: 2.49s)
2025-11-06 13:01:08,553 - __main__ - INFO - Total updates sent: 14
2025-11-06 13:01:08,553 - __main__ - INFO - Avg training time: 87.76s
2025-11-06 13:01:10,207 - __main__ - INFO - 
[Update #15] Collected 100 frames
2025-11-06 13:01:10,223 - __main__ - INFO - Performing local training...
