2025-10-31 00:17:52,003 - __main__ - INFO - ============================================================
2025-10-31 00:17:52,005 - __main__ - INFO - FEDERATED CLIENT: Client-01
2025-10-31 00:17:52,005 - __main__ - INFO - ============================================================
2025-10-31 00:17:52,005 - __main__ - INFO - Loading model from C:\Users\Nandini Devi\FedGuard-Project\results\models\ucsd_baseline.h5...
2025-10-31 00:17:52,691 - __main__ - INFO - [OK] Model loaded successfully
2025-10-31 00:17:52,692 - __main__ - INFO - Connecting to Kafka at localhost:9092...
2025-10-31 00:17:52,698 - kafka.conn - INFO - <BrokerConnection node_id=bootstrap-0 host=localhost:9092 <connecting> [IPv6 ('::1', 9092, 0, 0)]>: connecting to localhost:9092 [('::1', 9092, 0, 0) IPv6]
2025-10-31 00:17:52,700 - kafka.conn - INFO - Probing node bootstrap-0 broker version
2025-10-31 00:17:52,701 - kafka.conn - INFO - <BrokerConnection node_id=bootstrap-0 host=localhost:9092 <connecting> [IPv6 ('::1', 9092, 0, 0)]>: Connection complete.
2025-10-31 00:17:52,811 - kafka.conn - INFO - Broker version identified as 2.5.0
2025-10-31 00:17:52,811 - kafka.conn - INFO - Set configuration api_version=(2, 5, 0) to skip auto check_version requests on startup
2025-10-31 00:17:52,813 - __main__ - INFO - [OK] Kafka connection established
2025-10-31 00:17:52,814 - __main__ - INFO - Loading frames from: C:\Users\Nandini Devi\Downloads\uropds\UCSD_Anomaly_Dataset.v1p2\UCSDped1\Train\Train001
2025-10-31 00:17:52,888 - __main__ - INFO - [OK] Found 200 frames
2025-10-31 00:17:52,888 - __main__ - INFO - Batch size: 100 frames
2025-10-31 00:17:52,889 - __main__ - INFO - 
============================================================
2025-10-31 00:17:52,889 - __main__ - INFO - CLIENT RUNNING - Processing frames in loop
2025-10-31 00:17:52,889 - __main__ - INFO - ============================================================

2025-10-31 00:17:54,140 - __main__ - INFO - 
[Update #1] Collected 100 frames
2025-10-31 00:17:54,150 - __main__ - INFO - Performing local training...
