2025-12-01 11:23:10,292 - fedguard_client - INFO - ============================================================
2025-12-01 11:23:10,293 - fedguard_client - INFO - FEDERATED CLIENT: Client-01
2025-12-01 11:23:10,293 - fedguard_client - INFO - ============================================================
2025-12-01 11:23:10,293 - fedguard_client - INFO - Loading model from C:\Users\Nandini Devi\FedGuard-Project\results\models\ucsd_baseline.h5...
2025-12-01 11:23:20,984 - fedguard_client - INFO - [OK] Model loaded successfully
2025-12-01 11:23:20,984 - fedguard_client - INFO - Connecting to Kafka at localhost:9092 (topic: model-updates)...
2025-12-01 11:23:20,995 - kafka.conn - INFO - <BrokerConnection node_id=bootstrap-0 host=localhost:9092 <connecting> [IPv6 ('::1', 9092, 0, 0)]>: connecting to localhost:9092 [('::1', 9092, 0, 0) IPv6]
2025-12-01 11:23:20,997 - kafka.conn - INFO - Probing node bootstrap-0 broker version
2025-12-01 11:23:20,999 - kafka.conn - INFO - <BrokerConnection node_id=bootstrap-0 host=localhost:9092 <connecting> [IPv6 ('::1', 9092, 0, 0)]>: Connection complete.
2025-12-01 11:23:21,102 - kafka.conn - INFO - Broker version identified as 2.5.0
2025-12-01 11:23:21,103 - kafka.conn - INFO - Set configuration api_version=(2, 5, 0) to skip auto check_version requests on startup
2025-12-01 11:23:21,105 - fedguard_client - INFO - [OK] Kafka producer initialized
2025-12-01 11:23:21,106 - fedguard_client - INFO - Loading frames from: C:\Users\Nandini Devi\Downloads\uropds\UCSD_Anomaly_Dataset.v1p2\UCSDped1\Train\Train001
2025-12-01 11:23:21,107 - fedguard_client - INFO - [OK] Found 200 frames
2025-12-01 11:23:21,109 - fedguard_client - INFO - Frames per update: 16, Train batch size: 4, Image size: 128
2025-12-01 11:23:21,668 - fedguard_client - INFO - 
[Update #1] Collected 16 frames
2025-12-01 11:23:21,669 - fedguard_client - INFO - Performing local training...
2025-12-01 11:23:29,415 - fedguard_client - INFO - [OK] Training complete - Loss: 0.012606, Time: 7.75s
2025-12-01 11:23:30,610 - fedguard_client - INFO - Sending update to Kafka topic: 'model-updates' (payload size: 6505166 bytes, status: trained)...
2025-12-01 11:23:30,625 - kafka.conn - INFO - <BrokerConnection node_id=1 host=localhost:9092 <connecting> [IPv6 ('::1', 9092, 0, 0)]>: connecting to localhost:9092 [('::1', 9092, 0, 0) IPv6]
2025-12-01 11:23:30,626 - kafka.conn - INFO - <BrokerConnection node_id=1 host=localhost:9092 <connecting> [IPv6 ('::1', 9092, 0, 0)]>: Connection complete.
2025-12-01 11:23:30,627 - kafka.conn - INFO - <BrokerConnection node_id=bootstrap-0 host=localhost:9092 <connected> [IPv6 ('::1', 9092, 0, 0)]>: Closing connection. 
2025-12-01 11:23:33,246 - fedguard_client - INFO - [OK] Update sent successfully (Send time: 2.64s)
2025-12-01 11:23:33,247 - fedguard_client - INFO - Total updates sent: 1
2025-12-01 11:23:33,248 - fedguard_client - INFO - Avg training time: 7.75s
2025-12-01 11:23:33,719 - fedguard_client - INFO - 
[Update #2] Collected 16 frames
2025-12-01 11:23:33,721 - fedguard_client - INFO - Performing local training...
2025-12-01 11:23:35,791 - fedguard_client - INFO - Keyboard interrupt - shutting down client
2025-12-01 11:23:35,792 - fedguard_client - INFO - Cleaning up client...
2025-12-01 11:23:35,817 - kafka.producer.kafka - INFO - Closing the Kafka producer with 4294967.0 secs timeout.
2025-12-01 11:23:35,818 - kafka.conn - INFO - <BrokerConnection node_id=1 host=localhost:9092 <connected> [IPv6 ('::1', 9092, 0, 0)]>: Closing connection. 
2025-12-01 11:23:35,820 - fedguard_client - INFO - Client Client-01 shut down successfully
