2025-11-06 22:45:30,653 - __main__ - INFO - ============================================================
2025-11-06 22:45:30,653 - __main__ - INFO - FEDERATED CLIENT: Client-02
2025-11-06 22:45:30,653 - __main__ - INFO - ============================================================
2025-11-06 22:45:30,654 - __main__ - INFO - Loading model from C:\Users\Nandini Devi\FedGuard-Project\results\models\ucsd_baseline.h5...
2025-11-06 22:45:31,013 - __main__ - INFO - [OK] Model loaded successfully
2025-11-06 22:45:31,013 - __main__ - INFO - Connecting to Kafka at localhost:9092...
2025-11-06 22:45:31,020 - kafka.conn - INFO - <BrokerConnection node_id=bootstrap-0 host=localhost:9092 <connecting> [IPv6 ('::1', 9092, 0, 0)]>: connecting to localhost:9092 [('::1', 9092, 0, 0) IPv6]
2025-11-06 22:45:31,020 - kafka.conn - INFO - Probing node bootstrap-0 broker version
2025-11-06 22:45:31,021 - kafka.conn - INFO - <BrokerConnection node_id=bootstrap-0 host=localhost:9092 <connecting> [IPv6 ('::1', 9092, 0, 0)]>: Connection complete.
2025-11-06 22:45:31,129 - kafka.conn - INFO - Broker version identified as 2.5.0
2025-11-06 22:45:31,129 - kafka.conn - INFO - Set configuration api_version=(2, 5, 0) to skip auto check_version requests on startup
2025-11-06 22:45:31,131 - __main__ - INFO - [OK] Kafka connection established
2025-11-06 22:45:31,132 - __main__ - INFO - Loading frames from: C:\Users\Nandini Devi\Downloads\uropds\UCSD_Anomaly_Dataset.v1p2\UCSDped1\Train\Train002
2025-11-06 22:45:31,132 - __main__ - INFO - [OK] Found 200 frames
2025-11-06 22:45:31,133 - __main__ - INFO - Batch size: 100 frames
2025-11-06 22:45:31,133 - __main__ - INFO - 
============================================================
2025-11-06 22:45:31,133 - __main__ - INFO - CLIENT RUNNING - Processing frames in loop
2025-11-06 22:45:31,134 - __main__ - INFO - ============================================================

2025-11-06 22:45:32,700 - __main__ - INFO - 
[Update #1] Collected 100 frames
2025-11-06 22:45:32,718 - __main__ - INFO - Performing local training...
2025-11-06 22:45:50,692 - __main__ - INFO - [OK] Training complete - Loss: 0.024306, Time: 17.97s
2025-11-06 22:45:50,878 - __main__ - INFO - Sending update to Kafka topic: 'model-updates'...
2025-11-06 22:45:51,650 - __main__ - INFO - [OK] Update sent successfully (Send time: 0.77s)
2025-11-06 22:45:51,651 - __main__ - INFO - Total updates sent: 1
2025-11-06 22:45:51,651 - __main__ - INFO - Avg training time: 17.97s
2025-11-06 22:45:51,654 - kafka.conn - INFO - <BrokerConnection node_id=1 host=localhost:9092 <connecting> [IPv6 ('::1', 9092, 0, 0)]>: connecting to localhost:9092 [('::1', 9092, 0, 0) IPv6]
2025-11-06 22:45:51,655 - kafka.conn - INFO - <BrokerConnection node_id=1 host=localhost:9092 <connecting> [IPv6 ('::1', 9092, 0, 0)]>: Connection complete.
2025-11-06 22:45:51,655 - kafka.conn - INFO - <BrokerConnection node_id=bootstrap-0 host=localhost:9092 <connected> [IPv6 ('::1', 9092, 0, 0)]>: Closing connection. 
2025-11-06 22:45:54,364 - __main__ - INFO - 
[Update #2] Collected 100 frames
2025-11-06 22:45:54,373 - __main__ - INFO - Performing local training...
2025-11-06 22:46:14,637 - __main__ - INFO - [OK] Training complete - Loss: 0.013061, Time: 20.26s
2025-11-06 22:46:14,745 - __main__ - INFO - Sending update to Kafka topic: 'model-updates'...
2025-11-06 22:46:15,586 - __main__ - INFO - [OK] Update sent successfully (Send time: 0.84s)
2025-11-06 22:46:15,586 - __main__ - INFO - Total updates sent: 2
2025-11-06 22:46:15,586 - __main__ - INFO - Avg training time: 19.12s
2025-11-06 22:46:17,120 - __main__ - INFO - 
[Update #3] Collected 100 frames
2025-11-06 22:46:17,133 - __main__ - INFO - Performing local training...
2025-11-06 22:46:45,562 - __main__ - INFO - [OK] Training complete - Loss: 0.010371, Time: 28.43s
2025-11-06 22:46:45,653 - __main__ - INFO - Sending update to Kafka topic: 'model-updates'...
2025-11-06 22:46:47,124 - __main__ - INFO - [OK] Update sent successfully (Send time: 1.47s)
2025-11-06 22:46:47,125 - __main__ - INFO - Total updates sent: 3
2025-11-06 22:46:47,126 - __main__ - INFO - Avg training time: 22.22s
2025-11-06 22:46:48,663 - __main__ - INFO - 
[Update #4] Collected 100 frames
2025-11-06 22:46:48,678 - __main__ - INFO - Performing local training...
2025-11-06 22:47:19,274 - __main__ - INFO - [OK] Training complete - Loss: 0.007814, Time: 30.60s
2025-11-06 22:47:19,407 - __main__ - INFO - Sending update to Kafka topic: 'model-updates'...
2025-11-06 22:47:21,117 - __main__ - INFO - [OK] Update sent successfully (Send time: 1.71s)
2025-11-06 22:47:21,118 - __main__ - INFO - Total updates sent: 4
2025-11-06 22:47:21,119 - __main__ - INFO - Avg training time: 24.31s
2025-11-06 22:47:22,640 - __main__ - INFO - 
[Update #5] Collected 100 frames
2025-11-06 22:47:22,655 - __main__ - INFO - Performing local training...
2025-11-06 22:47:52,712 - __main__ - INFO - [OK] Training complete - Loss: 0.007278, Time: 30.06s
2025-11-06 22:47:52,809 - __main__ - INFO - Sending update to Kafka topic: 'model-updates'...
2025-11-06 22:47:54,833 - __main__ - INFO - [OK] Update sent successfully (Send time: 2.02s)
2025-11-06 22:47:54,834 - __main__ - INFO - Total updates sent: 5
2025-11-06 22:47:54,834 - __main__ - INFO - Avg training time: 25.46s
2025-11-06 22:47:56,230 - __main__ - INFO - 
[Update #6] Collected 100 frames
2025-11-06 22:47:56,245 - __main__ - INFO - Performing local training...
2025-11-06 22:48:29,152 - __main__ - INFO - [OK] Training complete - Loss: 0.005832, Time: 32.91s
2025-11-06 22:48:29,305 - __main__ - INFO - Sending update to Kafka topic: 'model-updates'...
2025-11-06 22:48:31,123 - __main__ - INFO - [OK] Update sent successfully (Send time: 1.82s)
2025-11-06 22:48:31,124 - __main__ - INFO - Total updates sent: 6
2025-11-06 22:48:31,125 - __main__ - INFO - Avg training time: 26.70s
2025-11-06 22:48:32,562 - __main__ - INFO - 
[Update #7] Collected 100 frames
2025-11-06 22:48:32,581 - __main__ - INFO - Performing local training...
2025-11-06 22:49:06,704 - __main__ - INFO - [OK] Training complete - Loss: 0.005354, Time: 34.12s
2025-11-06 22:49:06,849 - __main__ - INFO - Sending update to Kafka topic: 'model-updates'...
2025-11-06 22:49:08,846 - __main__ - INFO - [OK] Update sent successfully (Send time: 2.00s)
2025-11-06 22:49:08,846 - __main__ - INFO - Total updates sent: 7
2025-11-06 22:49:08,846 - __main__ - INFO - Avg training time: 27.76s
2025-11-06 22:49:10,314 - __main__ - INFO - 
[Update #8] Collected 100 frames
2025-11-06 22:49:10,334 - __main__ - INFO - Performing local training...
2025-11-06 22:49:47,898 - __main__ - INFO - [OK] Training complete - Loss: 0.004425, Time: 37.56s
2025-11-06 22:49:48,174 - __main__ - INFO - Sending update to Kafka topic: 'model-updates'...
2025-11-06 22:49:50,170 - __main__ - INFO - [OK] Update sent successfully (Send time: 2.00s)
2025-11-06 22:49:50,171 - __main__ - INFO - Total updates sent: 8
2025-11-06 22:49:50,171 - __main__ - INFO - Avg training time: 28.99s
2025-11-06 22:49:51,667 - __main__ - INFO - 
[Update #9] Collected 100 frames
2025-11-06 22:49:51,677 - __main__ - INFO - Performing local training...
2025-11-06 22:50:27,217 - __main__ - INFO - [OK] Training complete - Loss: 0.003914, Time: 35.54s
2025-11-06 22:50:27,375 - __main__ - INFO - Sending update to Kafka topic: 'model-updates'...
2025-11-06 22:50:29,612 - __main__ - INFO - [OK] Update sent successfully (Send time: 2.24s)
2025-11-06 22:50:29,613 - __main__ - INFO - Total updates sent: 9
2025-11-06 22:50:29,614 - __main__ - INFO - Avg training time: 29.72s
2025-11-06 22:50:31,141 - __main__ - INFO - 
[Update #10] Collected 100 frames
2025-11-06 22:50:31,158 - __main__ - INFO - Performing local training...
2025-11-06 22:51:09,090 - __main__ - INFO - [OK] Training complete - Loss: 0.003543, Time: 37.93s
2025-11-06 22:51:09,234 - __main__ - INFO - Sending update to Kafka topic: 'model-updates'...
2025-11-06 22:51:11,489 - __main__ - INFO - [OK] Update sent successfully (Send time: 2.26s)
2025-11-06 22:51:11,490 - __main__ - INFO - Total updates sent: 10
2025-11-06 22:51:11,491 - __main__ - INFO - Avg training time: 30.54s
2025-11-06 22:51:13,060 - __main__ - INFO - 
[Update #11] Collected 100 frames
2025-11-06 22:51:13,074 - __main__ - INFO - Performing local training...
2025-11-06 22:51:52,227 - __main__ - INFO - [OK] Training complete - Loss: 0.003168, Time: 39.15s
2025-11-06 22:51:52,394 - __main__ - INFO - Sending update to Kafka topic: 'model-updates'...
2025-11-06 22:51:54,277 - __main__ - INFO - [OK] Update sent successfully (Send time: 1.88s)
2025-11-06 22:51:54,278 - __main__ - INFO - Total updates sent: 11
2025-11-06 22:51:54,278 - __main__ - INFO - Avg training time: 31.32s
2025-11-06 22:51:55,776 - __main__ - INFO - 
[Update #12] Collected 100 frames
2025-11-06 22:51:55,787 - __main__ - INFO - Performing local training...
2025-11-06 22:52:01,504 - __main__ - INFO - 

Keyboard interrupt received - shutting down client
2025-11-06 22:52:01,504 - __main__ - INFO - 
Cleaning up...
2025-11-06 22:52:01,522 - kafka.producer.kafka - INFO - Closing the Kafka producer with 4294967.0 secs timeout.
2025-11-06 22:52:01,523 - kafka.conn - INFO - <BrokerConnection node_id=1 host=localhost:9092 <connected> [IPv6 ('::1', 9092, 0, 0)]>: Closing connection. 
2025-11-06 22:52:01,524 - __main__ - INFO - Client Client-02 shut down successfully
