2025-12-01 14:59:58,483 - fedguard_client - INFO - ============================================================
2025-12-01 14:59:58,483 - fedguard_client - INFO - FEDERATED CLIENT: Client-03
2025-12-01 14:59:58,483 - fedguard_client - INFO - ============================================================
2025-12-01 14:59:58,483 - fedguard_client - INFO - Loading model from C:\Users\Nandini Devi\FedGuard-Project\results\models\ucsd_baseline.h5...
2025-12-01 15:00:03,976 - fedguard_client - INFO - [OK] Model loaded successfully
2025-12-01 15:00:03,977 - fedguard_client - INFO - Connecting to Kafka at localhost:9092 (topic: model-updates)...
2025-12-01 15:00:03,983 - kafka.conn - INFO - <BrokerConnection node_id=bootstrap-0 host=localhost:9092 <connecting> [IPv6 ('::1', 9092, 0, 0)]>: connecting to localhost:9092 [('::1', 9092, 0, 0) IPv6]
2025-12-01 15:00:03,984 - kafka.conn - INFO - Probing node bootstrap-0 broker version
2025-12-01 15:00:03,985 - kafka.conn - INFO - <BrokerConnection node_id=bootstrap-0 host=localhost:9092 <connecting> [IPv6 ('::1', 9092, 0, 0)]>: Connection complete.
2025-12-01 15:00:04,092 - kafka.conn - INFO - Broker version identified as 2.5.0
2025-12-01 15:00:04,093 - kafka.conn - INFO - Set configuration api_version=(2, 5, 0) to skip auto check_version requests on startup
2025-12-01 15:00:04,095 - fedguard_client - INFO - [OK] Kafka producer initialized
2025-12-01 15:00:04,096 - fedguard_client - INFO - Loading frames from: C:\Users\Nandini Devi\Downloads\uropds\UCSD_Anomaly_Dataset.v1p2\UCSDped1\Train\Train003
2025-12-01 15:00:04,102 - fedguard_client - INFO - [OK] Found 200 frames
2025-12-01 15:00:04,102 - fedguard_client - INFO - Frames per update: 16, Train batch size: 4, Image size: 128
2025-12-01 15:00:04,469 - fedguard_client - INFO - 
[Update #1] Collected 16 frames
2025-12-01 15:00:04,470 - fedguard_client - INFO - Performing local training...
2025-12-01 15:00:10,187 - fedguard_client - INFO - [OK] Training complete - Loss: 0.016839, Time: 5.72s
2025-12-01 15:00:11,601 - fedguard_client - INFO - Sending update to Kafka topic: 'model-updates' (payload size: 6502931 bytes, status: trained)...
2025-12-01 15:00:11,611 - kafka.conn - INFO - <BrokerConnection node_id=1 host=localhost:9092 <connecting> [IPv6 ('::1', 9092, 0, 0)]>: connecting to localhost:9092 [('::1', 9092, 0, 0) IPv6]
2025-12-01 15:00:11,612 - kafka.conn - INFO - <BrokerConnection node_id=1 host=localhost:9092 <connecting> [IPv6 ('::1', 9092, 0, 0)]>: Connection complete.
2025-12-01 15:00:11,612 - kafka.conn - INFO - <BrokerConnection node_id=bootstrap-0 host=localhost:9092 <connected> [IPv6 ('::1', 9092, 0, 0)]>: Closing connection. 
2025-12-01 15:00:13,642 - fedguard_client - INFO - [OK] Update sent successfully (Send time: 2.04s)
2025-12-01 15:00:13,643 - fedguard_client - INFO - Total updates sent: 1
2025-12-01 15:00:13,643 - fedguard_client - INFO - Avg training time: 5.72s
2025-12-01 15:00:13,883 - fedguard_client - INFO - 
[Update #2] Collected 16 frames
2025-12-01 15:00:13,885 - fedguard_client - INFO - Performing local training...
2025-12-01 15:00:16,941 - fedguard_client - INFO - [OK] Training complete - Loss: 0.014777, Time: 3.06s
2025-12-01 15:00:18,609 - fedguard_client - INFO - Sending update to Kafka topic: 'model-updates' (payload size: 6503067 bytes, status: trained)...
2025-12-01 15:00:21,270 - fedguard_client - INFO - [OK] Update sent successfully (Send time: 2.66s)
2025-12-01 15:00:21,270 - fedguard_client - INFO - Total updates sent: 2
2025-12-01 15:00:21,271 - fedguard_client - INFO - Avg training time: 4.39s
2025-12-01 15:00:21,484 - fedguard_client - INFO - 
[Update #3] Collected 16 frames
2025-12-01 15:00:21,486 - fedguard_client - INFO - Performing local training...
2025-12-01 15:00:24,732 - fedguard_client - INFO - [OK] Training complete - Loss: 0.008972, Time: 3.25s
2025-12-01 15:00:26,209 - fedguard_client - INFO - Sending update to Kafka topic: 'model-updates' (payload size: 6503224 bytes, status: trained)...
2025-12-01 15:00:28,802 - fedguard_client - INFO - [OK] Update sent successfully (Send time: 2.59s)
2025-12-01 15:00:28,802 - fedguard_client - INFO - Total updates sent: 3
2025-12-01 15:00:28,803 - fedguard_client - INFO - Avg training time: 4.01s
2025-12-01 15:00:29,024 - fedguard_client - INFO - 
[Update #4] Collected 16 frames
2025-12-01 15:00:29,026 - fedguard_client - INFO - Performing local training...
2025-12-01 15:00:31,908 - fedguard_client - INFO - [OK] Training complete - Loss: 0.007272, Time: 2.88s
2025-12-01 15:00:34,316 - fedguard_client - INFO - Sending update to Kafka topic: 'model-updates' (payload size: 6502744 bytes, status: trained)...
2025-12-01 15:00:37,585 - fedguard_client - INFO - [OK] Update sent successfully (Send time: 3.27s)
2025-12-01 15:00:37,586 - fedguard_client - INFO - Total updates sent: 4
2025-12-01 15:00:37,586 - fedguard_client - INFO - Avg training time: 3.72s
2025-12-01 15:00:37,830 - fedguard_client - INFO - 
[Update #5] Collected 16 frames
2025-12-01 15:00:37,832 - fedguard_client - INFO - Performing local training...
2025-12-01 15:00:40,852 - fedguard_client - INFO - [OK] Training complete - Loss: 0.007389, Time: 3.02s
2025-12-01 15:00:43,661 - fedguard_client - INFO - Sending update to Kafka topic: 'model-updates' (payload size: 6503190 bytes, status: trained)...
2025-12-01 15:00:46,572 - fedguard_client - INFO - [OK] Update sent successfully (Send time: 2.91s)
2025-12-01 15:00:46,572 - fedguard_client - INFO - Total updates sent: 5
2025-12-01 15:00:46,573 - fedguard_client - INFO - Avg training time: 3.58s
2025-12-01 15:00:46,823 - fedguard_client - INFO - 
[Update #6] Collected 16 frames
2025-12-01 15:00:46,824 - fedguard_client - INFO - Performing local training...
2025-12-01 15:00:50,971 - fedguard_client - INFO - [OK] Training complete - Loss: 0.006258, Time: 4.15s
2025-12-01 15:00:53,381 - fedguard_client - INFO - Sending update to Kafka topic: 'model-updates' (payload size: 6503177 bytes, status: trained)...
2025-12-01 15:00:56,102 - fedguard_client - INFO - [OK] Update sent successfully (Send time: 2.72s)
2025-12-01 15:00:56,103 - fedguard_client - INFO - Total updates sent: 6
2025-12-01 15:00:56,103 - fedguard_client - INFO - Avg training time: 3.68s
2025-12-01 15:00:56,359 - fedguard_client - INFO - 
[Update #7] Collected 16 frames
2025-12-01 15:00:56,360 - fedguard_client - INFO - Performing local training...
2025-12-01 15:00:59,971 - fedguard_client - INFO - [OK] Training complete - Loss: 0.005933, Time: 3.61s
2025-12-01 15:01:02,199 - fedguard_client - INFO - Sending update to Kafka topic: 'model-updates' (payload size: 6503202 bytes, status: trained)...
2025-12-01 15:01:04,504 - fedguard_client - INFO - [OK] Update sent successfully (Send time: 2.30s)
2025-12-01 15:01:04,504 - fedguard_client - INFO - Total updates sent: 7
2025-12-01 15:01:04,505 - fedguard_client - INFO - Avg training time: 3.67s
2025-12-01 15:01:04,750 - fedguard_client - INFO - 
[Update #8] Collected 16 frames
2025-12-01 15:01:04,751 - fedguard_client - INFO - Performing local training...
2025-12-01 15:01:08,102 - fedguard_client - INFO - [OK] Training complete - Loss: 0.005037, Time: 3.35s
2025-12-01 15:01:10,194 - fedguard_client - INFO - Sending update to Kafka topic: 'model-updates' (payload size: 6503172 bytes, status: trained)...
2025-12-01 15:01:12,648 - fedguard_client - INFO - [OK] Update sent successfully (Send time: 2.45s)
2025-12-01 15:01:12,648 - fedguard_client - INFO - Total updates sent: 8
2025-12-01 15:01:12,649 - fedguard_client - INFO - Avg training time: 3.63s
2025-12-01 15:01:12,775 - fedguard_client - INFO - Keyboard interrupt - shutting down client
2025-12-01 15:01:12,775 - fedguard_client - INFO - Cleaning up client...
2025-12-01 15:01:12,793 - kafka.producer.kafka - INFO - Closing the Kafka producer with 4294967.0 secs timeout.
2025-12-01 15:01:12,794 - kafka.conn - INFO - <BrokerConnection node_id=1 host=localhost:9092 <connected> [IPv6 ('::1', 9092, 0, 0)]>: Closing connection. 
2025-12-01 15:01:12,795 - fedguard_client - INFO - Client Client-03 shut down successfully
