2025-11-06 23:11:14,038 - __main__ - INFO - ============================================================
2025-11-06 23:11:14,038 - __main__ - INFO - FEDERATED CLIENT: Client-01
2025-11-06 23:11:14,038 - __main__ - INFO - ============================================================
2025-11-06 23:11:14,039 - __main__ - INFO - Loading model from C:\Users\Nandini Devi\FedGuard-Project\results\models\ucsd_baseline.h5...
2025-11-06 23:11:14,376 - __main__ - INFO - [OK] Model loaded successfully
2025-11-06 23:11:14,376 - __main__ - INFO - Connecting to Kafka at localhost:9092...
2025-11-06 23:11:14,381 - kafka.conn - INFO - <BrokerConnection node_id=bootstrap-0 host=localhost:9092 <connecting> [IPv6 ('::1', 9092, 0, 0)]>: connecting to localhost:9092 [('::1', 9092, 0, 0) IPv6]
2025-11-06 23:11:14,382 - kafka.conn - INFO - Probing node bootstrap-0 broker version
2025-11-06 23:11:14,383 - kafka.conn - INFO - <BrokerConnection node_id=bootstrap-0 host=localhost:9092 <connecting> [IPv6 ('::1', 9092, 0, 0)]>: Connection complete.
2025-11-06 23:11:14,501 - kafka.conn - INFO - Broker version identified as 2.5.0
2025-11-06 23:11:14,502 - kafka.conn - INFO - Set configuration api_version=(2, 5, 0) to skip auto check_version requests on startup
2025-11-06 23:11:14,508 - __main__ - INFO - [OK] Kafka connection established
2025-11-06 23:11:14,511 - __main__ - INFO - Loading frames from: C:\Users\Nandini Devi\Downloads\uropds\UCSD_Anomaly_Dataset.v1p2\UCSDped1\Train\Train001
2025-11-06 23:11:14,523 - __main__ - INFO - [OK] Found 200 frames
2025-11-06 23:11:14,525 - __main__ - INFO - Batch size: 100 frames
2025-11-06 23:11:14,525 - __main__ - INFO - 
============================================================
2025-11-06 23:11:14,526 - __main__ - INFO - CLIENT RUNNING - Processing frames in loop
2025-11-06 23:11:14,527 - __main__ - INFO - ============================================================

2025-11-06 23:11:16,004 - __main__ - INFO - 
[Update #1] Collected 100 frames
2025-11-06 23:11:16,018 - __main__ - INFO - Performing local training...
2025-11-06 23:11:47,361 - __main__ - INFO - [OK] Training complete - Loss: 0.019708, Time: 31.34s
2025-11-06 23:11:47,629 - __main__ - INFO - Sending update to Kafka topic: 'model-updates'...
2025-11-06 23:11:49,364 - __main__ - INFO - [OK] Update sent successfully (Send time: 1.73s)
2025-11-06 23:11:49,364 - kafka.conn - INFO - <BrokerConnection node_id=1 host=localhost:9092 <connecting> [IPv6 ('::1', 9092, 0, 0)]>: connecting to localhost:9092 [('::1', 9092, 0, 0) IPv6]
2025-11-06 23:11:49,365 - __main__ - INFO - Total updates sent: 1
2025-11-06 23:11:49,366 - __main__ - INFO - Avg training time: 31.34s
2025-11-06 23:11:49,372 - kafka.conn - INFO - <BrokerConnection node_id=1 host=localhost:9092 <connecting> [IPv6 ('::1', 9092, 0, 0)]>: Connection complete.
2025-11-06 23:11:49,373 - kafka.conn - INFO - <BrokerConnection node_id=bootstrap-0 host=localhost:9092 <connected> [IPv6 ('::1', 9092, 0, 0)]>: Closing connection. 
2025-11-06 23:11:52,727 - __main__ - INFO - 
[Update #2] Collected 100 frames
2025-11-06 23:11:52,743 - __main__ - INFO - Performing local training...
2025-11-06 23:12:25,318 - __main__ - INFO - [OK] Training complete - Loss: 0.010309, Time: 32.57s
2025-11-06 23:12:25,470 - __main__ - INFO - Sending update to Kafka topic: 'model-updates'...
2025-11-06 23:12:27,139 - __main__ - INFO - [OK] Update sent successfully (Send time: 1.67s)
2025-11-06 23:12:27,140 - __main__ - INFO - Total updates sent: 2
2025-11-06 23:12:27,140 - __main__ - INFO - Avg training time: 31.96s
2025-11-06 23:12:28,635 - __main__ - INFO - 
[Update #3] Collected 100 frames
2025-11-06 23:12:28,650 - __main__ - INFO - Performing local training...
2025-11-06 23:13:04,588 - __main__ - INFO - [OK] Training complete - Loss: 0.007130, Time: 35.94s
2025-11-06 23:13:04,719 - __main__ - INFO - Sending update to Kafka topic: 'model-updates'...
2025-11-06 23:13:06,718 - __main__ - INFO - [OK] Update sent successfully (Send time: 2.00s)
2025-11-06 23:13:06,719 - __main__ - INFO - Total updates sent: 3
2025-11-06 23:13:06,720 - __main__ - INFO - Avg training time: 33.28s
2025-11-06 23:13:08,204 - __main__ - INFO - 
[Update #4] Collected 100 frames
2025-11-06 23:13:08,223 - __main__ - INFO - Performing local training...
2025-11-06 23:13:43,462 - __main__ - INFO - [OK] Training complete - Loss: 0.005105, Time: 35.24s
2025-11-06 23:13:43,588 - __main__ - INFO - Sending update to Kafka topic: 'model-updates'...
2025-11-06 23:13:45,574 - __main__ - INFO - [OK] Update sent successfully (Send time: 1.99s)
2025-11-06 23:13:45,575 - __main__ - INFO - Total updates sent: 4
2025-11-06 23:13:45,576 - __main__ - INFO - Avg training time: 33.77s
2025-11-06 23:13:47,064 - __main__ - INFO - 
[Update #5] Collected 100 frames
2025-11-06 23:13:47,080 - __main__ - INFO - Performing local training...
2025-11-06 23:14:19,914 - __main__ - INFO - [OK] Training complete - Loss: 0.004570, Time: 32.83s
2025-11-06 23:14:20,080 - __main__ - INFO - Sending update to Kafka topic: 'model-updates'...
2025-11-06 23:14:22,039 - __main__ - INFO - [OK] Update sent successfully (Send time: 1.96s)
2025-11-06 23:14:22,040 - __main__ - INFO - Total updates sent: 5
2025-11-06 23:14:22,041 - __main__ - INFO - Avg training time: 33.58s
2025-11-06 23:14:23,516 - __main__ - INFO - 
[Update #6] Collected 100 frames
2025-11-06 23:14:23,530 - __main__ - INFO - Performing local training...
2025-11-06 23:14:56,503 - __main__ - INFO - [OK] Training complete - Loss: 0.003518, Time: 32.97s
2025-11-06 23:14:56,658 - __main__ - INFO - Sending update to Kafka topic: 'model-updates'...
2025-11-06 23:14:58,445 - __main__ - INFO - [OK] Update sent successfully (Send time: 1.79s)
2025-11-06 23:14:58,447 - __main__ - INFO - Total updates sent: 6
2025-11-06 23:14:58,447 - __main__ - INFO - Avg training time: 33.48s
2025-11-06 23:14:59,853 - __main__ - INFO - 
[Update #7] Collected 100 frames
2025-11-06 23:14:59,868 - __main__ - INFO - Performing local training...
2025-11-06 23:15:31,972 - __main__ - INFO - [OK] Training complete - Loss: 0.003269, Time: 32.10s
2025-11-06 23:15:32,113 - __main__ - INFO - Sending update to Kafka topic: 'model-updates'...
2025-11-06 23:15:34,313 - __main__ - INFO - [OK] Update sent successfully (Send time: 2.20s)
2025-11-06 23:15:34,314 - __main__ - INFO - Total updates sent: 7
2025-11-06 23:15:34,315 - __main__ - INFO - Avg training time: 33.29s
2025-11-06 23:15:35,810 - __main__ - INFO - 
[Update #8] Collected 100 frames
2025-11-06 23:15:35,826 - __main__ - INFO - Performing local training...
2025-11-06 23:16:13,404 - __main__ - INFO - [OK] Training complete - Loss: 0.002564, Time: 37.58s
2025-11-06 23:16:13,666 - __main__ - INFO - Sending update to Kafka topic: 'model-updates'...
2025-11-06 23:16:15,982 - __main__ - INFO - [OK] Update sent successfully (Send time: 2.31s)
2025-11-06 23:16:15,983 - __main__ - INFO - Total updates sent: 8
2025-11-06 23:16:15,984 - __main__ - INFO - Avg training time: 33.82s
2025-11-06 23:16:17,560 - __main__ - INFO - 
[Update #9] Collected 100 frames
2025-11-06 23:16:17,572 - __main__ - INFO - Performing local training...
2025-11-06 23:17:03,393 - __main__ - INFO - [OK] Training complete - Loss: 0.002404, Time: 45.82s
2025-11-06 23:17:03,532 - __main__ - INFO - Sending update to Kafka topic: 'model-updates'...
2025-11-06 23:17:05,459 - __main__ - INFO - [OK] Update sent successfully (Send time: 1.93s)
2025-11-06 23:17:05,459 - __main__ - INFO - Total updates sent: 9
2025-11-06 23:17:05,460 - __main__ - INFO - Avg training time: 35.16s
2025-11-06 23:17:07,044 - __main__ - INFO - 
[Update #10] Collected 100 frames
2025-11-06 23:17:07,055 - __main__ - INFO - Performing local training...
2025-11-06 23:17:47,827 - __main__ - INFO - [OK] Training complete - Loss: 0.002018, Time: 40.77s
2025-11-06 23:17:47,959 - __main__ - INFO - Sending update to Kafka topic: 'model-updates'...
2025-11-06 23:17:49,886 - __main__ - INFO - [OK] Update sent successfully (Send time: 1.93s)
2025-11-06 23:17:49,887 - __main__ - INFO - Total updates sent: 10
2025-11-06 23:17:49,887 - __main__ - INFO - Avg training time: 35.72s
2025-11-06 23:17:51,458 - __main__ - INFO - 
[Update #11] Collected 100 frames
2025-11-06 23:17:51,468 - __main__ - INFO - Performing local training...
2025-11-06 23:18:31,424 - __main__ - INFO - [OK] Training complete - Loss: 0.001927, Time: 39.95s
2025-11-06 23:18:31,623 - __main__ - INFO - Sending update to Kafka topic: 'model-updates'...
2025-11-06 23:18:33,923 - __main__ - INFO - [OK] Update sent successfully (Send time: 2.30s)
2025-11-06 23:18:33,923 - __main__ - INFO - Total updates sent: 11
2025-11-06 23:18:33,923 - __main__ - INFO - Avg training time: 36.10s
2025-11-06 23:18:35,479 - __main__ - INFO - 
[Update #12] Collected 100 frames
2025-11-06 23:18:35,492 - __main__ - INFO - Performing local training...
2025-11-06 23:19:14,781 - __main__ - INFO - [OK] Training complete - Loss: 0.001659, Time: 39.29s
2025-11-06 23:19:14,888 - __main__ - INFO - Sending update to Kafka topic: 'model-updates'...
2025-11-06 23:19:16,581 - __main__ - INFO - [OK] Update sent successfully (Send time: 1.69s)
2025-11-06 23:19:16,582 - __main__ - INFO - Total updates sent: 12
2025-11-06 23:19:16,582 - __main__ - INFO - Avg training time: 36.37s
2025-11-06 23:19:18,094 - __main__ - INFO - 
[Update #13] Collected 100 frames
2025-11-06 23:19:18,102 - __main__ - INFO - Performing local training...
2025-11-06 23:19:54,422 - __main__ - INFO - [OK] Training complete - Loss: 0.001625, Time: 36.32s
2025-11-06 23:19:54,574 - __main__ - INFO - Sending update to Kafka topic: 'model-updates'...
2025-11-06 23:19:56,600 - __main__ - INFO - [OK] Update sent successfully (Send time: 2.02s)
2025-11-06 23:19:56,601 - __main__ - INFO - Total updates sent: 13
2025-11-06 23:19:56,602 - __main__ - INFO - Avg training time: 36.36s
2025-11-06 23:19:57,939 - __main__ - INFO - 
[Update #14] Collected 100 frames
2025-11-06 23:19:57,954 - __main__ - INFO - Performing local training...
2025-11-06 23:20:32,304 - __main__ - INFO - [OK] Training complete - Loss: 0.001401, Time: 34.35s
2025-11-06 23:20:32,437 - __main__ - INFO - Sending update to Kafka topic: 'model-updates'...
2025-11-06 23:20:34,274 - __main__ - INFO - [OK] Update sent successfully (Send time: 1.84s)
2025-11-06 23:20:34,275 - __main__ - INFO - Total updates sent: 14
2025-11-06 23:20:34,276 - __main__ - INFO - Avg training time: 36.22s
2025-11-06 23:20:35,784 - __main__ - INFO - 
[Update #15] Collected 100 frames
2025-11-06 23:20:35,802 - __main__ - INFO - Performing local training...
2025-11-06 23:21:10,356 - __main__ - INFO - [OK] Training complete - Loss: 0.001406, Time: 34.55s
2025-11-06 23:21:10,527 - __main__ - INFO - Sending update to Kafka topic: 'model-updates'...
2025-11-06 23:21:12,536 - __main__ - INFO - [OK] Update sent successfully (Send time: 2.01s)
2025-11-06 23:21:12,537 - __main__ - INFO - Total updates sent: 15
2025-11-06 23:21:12,537 - __main__ - INFO - Avg training time: 36.11s
2025-11-06 23:21:13,896 - __main__ - INFO - 
[Update #16] Collected 100 frames
2025-11-06 23:21:13,918 - __main__ - INFO - Performing local training...
2025-11-06 23:21:49,462 - __main__ - INFO - [OK] Training complete - Loss: 0.001212, Time: 35.54s
2025-11-06 23:21:49,727 - __main__ - INFO - Sending update to Kafka topic: 'model-updates'...
2025-11-06 23:21:51,652 - __main__ - INFO - [OK] Update sent successfully (Send time: 1.93s)
2025-11-06 23:21:51,654 - __main__ - INFO - Total updates sent: 16
2025-11-06 23:21:51,654 - __main__ - INFO - Avg training time: 36.07s
2025-11-06 23:21:53,212 - __main__ - INFO - 
[Update #17] Collected 100 frames
2025-11-06 23:21:53,227 - __main__ - INFO - Performing local training...
2025-11-06 23:22:30,335 - __main__ - INFO - [OK] Training complete - Loss: 0.001248, Time: 37.11s
2025-11-06 23:22:30,456 - __main__ - INFO - Sending update to Kafka topic: 'model-updates'...
2025-11-06 23:22:32,749 - __main__ - INFO - [OK] Update sent successfully (Send time: 2.29s)
2025-11-06 23:22:32,750 - __main__ - INFO - Total updates sent: 17
2025-11-06 23:22:32,750 - __main__ - INFO - Avg training time: 36.13s
2025-11-06 23:22:34,283 - __main__ - INFO - 
[Update #18] Collected 100 frames
2025-11-06 23:22:34,296 - __main__ - INFO - Performing local training...
2025-11-06 23:23:17,288 - __main__ - INFO - [OK] Training complete - Loss: 0.001080, Time: 42.99s
2025-11-06 23:23:17,394 - __main__ - INFO - Sending update to Kafka topic: 'model-updates'...
2025-11-06 23:23:19,299 - __main__ - INFO - [OK] Update sent successfully (Send time: 1.90s)
2025-11-06 23:23:19,299 - __main__ - INFO - Total updates sent: 18
2025-11-06 23:23:19,300 - __main__ - INFO - Avg training time: 36.52s
2025-11-06 23:23:20,615 - __main__ - INFO - 
[Update #19] Collected 100 frames
2025-11-06 23:23:20,624 - __main__ - INFO - Performing local training...
