2025-12-01 11:36:40,591 - fedguard_client - INFO - ============================================================
2025-12-01 11:36:40,592 - fedguard_client - INFO - FEDERATED CLIENT: Client-01
2025-12-01 11:36:40,592 - fedguard_client - INFO - ============================================================
2025-12-01 11:36:40,592 - fedguard_client - INFO - Loading model from C:\Users\Nandini Devi\FedGuard-Project\results\models\ucsd_baseline.h5...
2025-12-01 11:36:44,113 - fedguard_client - INFO - [OK] Model loaded successfully
2025-12-01 11:36:44,113 - fedguard_client - INFO - Connecting to Kafka at localhost:9092 (topic: model-updates)...
2025-12-01 11:36:44,120 - kafka.conn - INFO - <BrokerConnection node_id=bootstrap-0 host=localhost:9092 <connecting> [IPv6 ('::1', 9092, 0, 0)]>: connecting to localhost:9092 [('::1', 9092, 0, 0) IPv6]
2025-12-01 11:36:44,120 - kafka.conn - INFO - Probing node bootstrap-0 broker version
2025-12-01 11:36:44,121 - kafka.conn - INFO - <BrokerConnection node_id=bootstrap-0 host=localhost:9092 <connecting> [IPv6 ('::1', 9092, 0, 0)]>: Connection complete.
2025-12-01 11:36:44,229 - kafka.conn - INFO - Broker version identified as 2.5.0
2025-12-01 11:36:44,229 - kafka.conn - INFO - Set configuration api_version=(2, 5, 0) to skip auto check_version requests on startup
2025-12-01 11:36:44,230 - fedguard_client - INFO - [OK] Kafka producer initialized
2025-12-01 11:36:44,230 - fedguard_client - INFO - Loading frames from: C:\Users\Nandini Devi\Downloads\uropds\UCSD_Anomaly_Dataset.v1p2\UCSDped1\Train\Train001
2025-12-01 11:36:44,230 - fedguard_client - INFO - [OK] Found 200 frames
2025-12-01 11:36:44,231 - fedguard_client - INFO - Frames per update: 16, Train batch size: 4, Image size: 128
2025-12-01 11:36:44,497 - fedguard_client - INFO - 
[Update #1] Collected 16 frames
2025-12-01 11:36:44,498 - fedguard_client - INFO - Performing local training...
2025-12-01 11:36:47,691 - fedguard_client - INFO - [OK] Training complete - Loss: 0.012572, Time: 3.19s
2025-12-01 11:36:48,383 - fedguard_client - INFO - Sending update to Kafka topic: 'model-updates' (payload size: 6505351 bytes, status: trained)...
2025-12-01 11:36:48,392 - kafka.conn - INFO - <BrokerConnection node_id=1 host=localhost:9092 <connecting> [IPv6 ('::1', 9092, 0, 0)]>: connecting to localhost:9092 [('::1', 9092, 0, 0) IPv6]
2025-12-01 11:36:48,393 - kafka.conn - INFO - <BrokerConnection node_id=1 host=localhost:9092 <connecting> [IPv6 ('::1', 9092, 0, 0)]>: Connection complete.
2025-12-01 11:36:48,394 - kafka.conn - INFO - <BrokerConnection node_id=bootstrap-0 host=localhost:9092 <connected> [IPv6 ('::1', 9092, 0, 0)]>: Closing connection. 
2025-12-01 11:36:50,090 - fedguard_client - INFO - [OK] Update sent successfully (Send time: 1.71s)
2025-12-01 11:36:50,091 - fedguard_client - INFO - Total updates sent: 1
2025-12-01 11:36:50,091 - fedguard_client - INFO - Avg training time: 3.19s
2025-12-01 11:36:50,337 - fedguard_client - INFO - 
[Update #2] Collected 16 frames
2025-12-01 11:36:50,339 - fedguard_client - INFO - Performing local training...
2025-12-01 11:36:52,281 - fedguard_client - INFO - [OK] Training complete - Loss: 0.007022, Time: 1.94s
2025-12-01 11:36:53,202 - fedguard_client - INFO - Sending update to Kafka topic: 'model-updates' (payload size: 6505197 bytes, status: trained)...
2025-12-01 11:36:54,722 - fedguard_client - INFO - [OK] Update sent successfully (Send time: 1.52s)
2025-12-01 11:36:54,723 - fedguard_client - INFO - Total updates sent: 2
2025-12-01 11:36:54,724 - fedguard_client - INFO - Avg training time: 2.57s
2025-12-01 11:36:55,267 - fedguard_client - INFO - 
[Update #3] Collected 16 frames
2025-12-01 11:36:55,270 - fedguard_client - INFO - Performing local training...
2025-12-01 11:36:57,019 - fedguard_client - INFO - [OK] Training complete - Loss: 0.005554, Time: 1.75s
2025-12-01 11:36:57,902 - fedguard_client - INFO - Sending update to Kafka topic: 'model-updates' (payload size: 6505522 bytes, status: trained)...
2025-12-01 11:36:59,390 - fedguard_client - INFO - [OK] Update sent successfully (Send time: 1.49s)
2025-12-01 11:36:59,391 - fedguard_client - INFO - Total updates sent: 3
2025-12-01 11:36:59,391 - fedguard_client - INFO - Avg training time: 2.29s
2025-12-01 11:36:59,571 - fedguard_client - INFO - Keyboard interrupt - shutting down client
2025-12-01 11:36:59,571 - fedguard_client - INFO - Cleaning up client...
2025-12-01 11:36:59,591 - kafka.producer.kafka - INFO - Closing the Kafka producer with 4294967.0 secs timeout.
2025-12-01 11:36:59,592 - kafka.conn - INFO - <BrokerConnection node_id=1 host=localhost:9092 <connected> [IPv6 ('::1', 9092, 0, 0)]>: Closing connection. 
2025-12-01 11:36:59,593 - fedguard_client - INFO - Client Client-01 shut down successfully
