2025-11-29 09:43:03,252 - fedguard_client - INFO - ============================================================
2025-11-29 09:43:03,253 - fedguard_client - INFO - FEDERATED CLIENT: Client-01
2025-11-29 09:43:03,254 - fedguard_client - INFO - ============================================================
2025-11-29 09:43:03,254 - fedguard_client - INFO - Loading model from C:\Users\Nandini Devi\FedGuard-Project\results\models\ucsd_baseline.h5...
2025-11-29 09:43:13,974 - fedguard_client - INFO - [OK] Model loaded successfully
2025-11-29 09:43:13,974 - fedguard_client - INFO - Connecting to Kafka at localhost:9092 (topic: model-updates)...
2025-11-29 09:43:13,984 - kafka.conn - INFO - <BrokerConnection node_id=bootstrap-0 host=localhost:9092 <connecting> [IPv6 ('::1', 9092, 0, 0)]>: connecting to localhost:9092 [('::1', 9092, 0, 0) IPv6]
2025-11-29 09:43:13,986 - kafka.conn - INFO - Probing node bootstrap-0 broker version
2025-11-29 09:43:13,987 - kafka.conn - INFO - <BrokerConnection node_id=bootstrap-0 host=localhost:9092 <connecting> [IPv6 ('::1', 9092, 0, 0)]>: Connection complete.
2025-11-29 09:43:14,101 - kafka.conn - INFO - Broker version identified as 2.5.0
2025-11-29 09:43:14,102 - kafka.conn - INFO - Set configuration api_version=(2, 5, 0) to skip auto check_version requests on startup
2025-11-29 09:43:14,106 - fedguard_client - INFO - [OK] Kafka producer initialized
2025-11-29 09:43:14,107 - fedguard_client - INFO - Loading frames from: C:\Users\Nandini Devi\Downloads\uropds\UCSD_Anomaly_Dataset.v1p2\UCSDped1\Train\Train001
2025-11-29 09:43:14,116 - fedguard_client - INFO - [OK] Found 200 frames
2025-11-29 09:43:14,116 - fedguard_client - INFO - Frames per update: 16, Train batch size: 4, Image size: 128
2025-11-29 09:43:14,631 - fedguard_client - INFO - 
[Update #1] Collected 16 frames
2025-11-29 09:43:14,632 - fedguard_client - INFO - Performing local training...
2025-11-29 09:43:18,572 - fedguard_client - INFO - [OK] Training complete - Loss: 0.012194, Time: 3.94s
2025-11-29 09:43:19,398 - fedguard_client - INFO - Sending update to Kafka topic: 'model-updates' (payload size: 6505333 bytes, status: trained)...
2025-11-29 09:43:19,406 - kafka.conn - INFO - <BrokerConnection node_id=1 host=localhost:9092 <connecting> [IPv6 ('::1', 9092, 0, 0)]>: connecting to localhost:9092 [('::1', 9092, 0, 0) IPv6]
2025-11-29 09:43:19,407 - kafka.conn - INFO - <BrokerConnection node_id=1 host=localhost:9092 <connecting> [IPv6 ('::1', 9092, 0, 0)]>: Connection complete.
2025-11-29 09:43:19,408 - kafka.conn - INFO - <BrokerConnection node_id=bootstrap-0 host=localhost:9092 <connected> [IPv6 ('::1', 9092, 0, 0)]>: Closing connection. 
2025-11-29 09:43:21,632 - fedguard_client - INFO - [OK] Update sent successfully (Send time: 2.23s)
2025-11-29 09:43:21,635 - fedguard_client - INFO - Total updates sent: 1
2025-11-29 09:43:21,645 - fedguard_client - INFO - Avg training time: 3.94s
2025-11-29 09:43:22,177 - fedguard_client - INFO - 
[Update #2] Collected 16 frames
2025-11-29 09:43:22,183 - fedguard_client - INFO - Performing local training...
2025-11-29 09:43:24,678 - fedguard_client - INFO - [OK] Training complete - Loss: 0.007064, Time: 2.49s
2025-11-29 09:43:26,250 - fedguard_client - INFO - Sending update to Kafka topic: 'model-updates' (payload size: 6505518 bytes, status: trained)...
2025-11-29 09:43:29,890 - fedguard_client - INFO - [OK] Update sent successfully (Send time: 3.64s)
2025-11-29 09:43:29,890 - fedguard_client - INFO - Total updates sent: 2
2025-11-29 09:43:29,891 - fedguard_client - INFO - Avg training time: 3.22s
2025-11-29 09:43:30,363 - fedguard_client - INFO - 
[Update #3] Collected 16 frames
2025-11-29 09:43:30,364 - fedguard_client - INFO - Performing local training...
2025-11-29 09:43:35,135 - fedguard_client - INFO - [OK] Training complete - Loss: 0.005401, Time: 4.77s
2025-11-29 09:43:36,825 - fedguard_client - INFO - Sending update to Kafka topic: 'model-updates' (payload size: 6505438 bytes, status: trained)...
2025-11-29 09:43:40,440 - fedguard_client - INFO - [OK] Update sent successfully (Send time: 3.61s)
2025-11-29 09:43:40,442 - fedguard_client - INFO - Total updates sent: 3
2025-11-29 09:43:40,442 - fedguard_client - INFO - Avg training time: 3.73s
2025-11-29 09:43:40,956 - fedguard_client - INFO - 
[Update #4] Collected 16 frames
2025-11-29 09:43:40,965 - fedguard_client - INFO - Performing local training...
2025-11-29 09:43:45,576 - fedguard_client - INFO - [OK] Training complete - Loss: 0.004405, Time: 4.61s
2025-11-29 09:43:46,987 - fedguard_client - INFO - Sending update to Kafka topic: 'model-updates' (payload size: 6505649 bytes, status: trained)...
2025-11-29 09:43:50,555 - fedguard_client - INFO - [OK] Update sent successfully (Send time: 3.57s)
2025-11-29 09:43:50,557 - fedguard_client - INFO - Total updates sent: 4
2025-11-29 09:43:50,561 - fedguard_client - INFO - Avg training time: 3.95s
2025-11-29 09:43:51,314 - fedguard_client - INFO - 
[Update #5] Collected 16 frames
2025-11-29 09:43:51,323 - fedguard_client - INFO - Performing local training...
2025-11-29 09:43:55,439 - fedguard_client - INFO - [OK] Training complete - Loss: 0.003525, Time: 4.11s
2025-11-29 09:43:57,014 - fedguard_client - INFO - Sending update to Kafka topic: 'model-updates' (payload size: 6505518 bytes, status: trained)...
2025-11-29 09:44:01,114 - fedguard_client - INFO - [OK] Update sent successfully (Send time: 4.10s)
2025-11-29 09:44:01,116 - fedguard_client - INFO - Total updates sent: 5
2025-11-29 09:44:01,118 - fedguard_client - INFO - Avg training time: 3.98s
2025-11-29 09:44:02,662 - fedguard_client - INFO - 
[Update #6] Collected 16 frames
2025-11-29 09:44:02,664 - fedguard_client - INFO - Performing local training...
2025-11-29 09:44:05,938 - fedguard_client - INFO - [OK] Training complete - Loss: 0.003396, Time: 3.27s
2025-11-29 09:44:07,479 - fedguard_client - INFO - Sending update to Kafka topic: 'model-updates' (payload size: 6505606 bytes, status: trained)...
2025-11-29 09:44:11,276 - fedguard_client - INFO - [OK] Update sent successfully (Send time: 3.80s)
2025-11-29 09:44:11,281 - fedguard_client - INFO - Total updates sent: 6
2025-11-29 09:44:11,284 - fedguard_client - INFO - Avg training time: 3.86s
2025-11-29 09:44:12,728 - fedguard_client - INFO - 
[Update #7] Collected 16 frames
2025-11-29 09:44:12,751 - fedguard_client - INFO - Performing local training...
2025-11-29 09:44:16,178 - fedguard_client - INFO - [OK] Training complete - Loss: 0.003076, Time: 3.41s
2025-11-29 09:44:17,703 - fedguard_client - INFO - Sending update to Kafka topic: 'model-updates' (payload size: 6505446 bytes, status: trained)...
2025-11-29 09:44:22,748 - fedguard_client - INFO - [OK] Update sent successfully (Send time: 5.04s)
2025-11-29 09:44:22,754 - fedguard_client - INFO - Total updates sent: 7
2025-11-29 09:44:22,763 - fedguard_client - INFO - Avg training time: 3.80s
2025-11-29 09:44:23,778 - fedguard_client - INFO - 
[Update #8] Collected 16 frames
2025-11-29 09:44:23,787 - fedguard_client - INFO - Performing local training...
2025-11-29 09:44:26,577 - fedguard_client - INFO - [OK] Training complete - Loss: 0.003262, Time: 2.79s
2025-11-29 09:44:28,104 - fedguard_client - INFO - Sending update to Kafka topic: 'model-updates' (payload size: 6505967 bytes, status: trained)...
2025-11-29 09:44:33,160 - fedguard_client - INFO - [OK] Update sent successfully (Send time: 5.05s)
2025-11-29 09:44:33,162 - fedguard_client - INFO - Total updates sent: 8
2025-11-29 09:44:33,162 - fedguard_client - INFO - Avg training time: 3.67s
2025-11-29 09:44:33,828 - fedguard_client - INFO - 
[Update #9] Collected 16 frames
2025-11-29 09:44:33,830 - fedguard_client - INFO - Performing local training...
2025-11-29 09:44:36,452 - fedguard_client - INFO - [OK] Training complete - Loss: 0.003237, Time: 2.62s
2025-11-29 09:44:37,806 - fedguard_client - INFO - Sending update to Kafka topic: 'model-updates' (payload size: 6505677 bytes, status: trained)...
2025-11-29 09:44:43,409 - fedguard_client - INFO - [OK] Update sent successfully (Send time: 5.60s)
2025-11-29 09:44:43,409 - fedguard_client - INFO - Total updates sent: 9
2025-11-29 09:44:43,410 - fedguard_client - INFO - Avg training time: 3.56s
2025-11-29 09:44:43,863 - fedguard_client - INFO - 
[Update #10] Collected 16 frames
2025-11-29 09:44:43,865 - fedguard_client - INFO - Performing local training...
2025-11-29 09:44:46,564 - fedguard_client - INFO - [OK] Training complete - Loss: 0.002343, Time: 2.70s
2025-11-29 09:44:48,005 - fedguard_client - INFO - Sending update to Kafka topic: 'model-updates' (payload size: 6505470 bytes, status: trained)...
2025-11-29 09:44:53,325 - fedguard_client - INFO - [OK] Update sent successfully (Send time: 5.32s)
2025-11-29 09:44:53,326 - fedguard_client - INFO - Total updates sent: 10
2025-11-29 09:44:53,326 - fedguard_client - INFO - Avg training time: 3.47s
2025-11-29 09:44:53,847 - fedguard_client - INFO - 
[Update #11] Collected 16 frames
2025-11-29 09:44:53,850 - fedguard_client - INFO - Performing local training...
2025-11-29 09:44:56,450 - fedguard_client - INFO - [OK] Training complete - Loss: 0.001707, Time: 2.60s
2025-11-29 09:44:57,819 - fedguard_client - INFO - Sending update to Kafka topic: 'model-updates' (payload size: 6505586 bytes, status: trained)...
2025-11-29 09:45:01,978 - fedguard_client - INFO - [OK] Update sent successfully (Send time: 4.16s)
2025-11-29 09:45:01,979 - fedguard_client - INFO - Total updates sent: 11
2025-11-29 09:45:01,979 - fedguard_client - INFO - Avg training time: 3.39s
2025-11-29 09:45:02,505 - fedguard_client - INFO - 
[Update #12] Collected 16 frames
2025-11-29 09:45:02,507 - fedguard_client - INFO - Performing local training...
2025-11-29 09:45:05,206 - fedguard_client - INFO - [OK] Training complete - Loss: 0.001750, Time: 2.70s
2025-11-29 09:45:06,530 - fedguard_client - INFO - Sending update to Kafka topic: 'model-updates' (payload size: 6505757 bytes, status: trained)...
2025-11-29 09:45:09,901 - fedguard_client - INFO - [OK] Update sent successfully (Send time: 3.37s)
2025-11-29 09:45:09,902 - fedguard_client - INFO - Total updates sent: 12
2025-11-29 09:45:09,902 - fedguard_client - INFO - Avg training time: 3.33s
2025-11-29 09:45:10,253 - fedguard_client - INFO - 
[Update #13] Collected 16 frames
2025-11-29 09:45:10,254 - fedguard_client - INFO - Performing local training...
2025-11-29 09:45:11,566 - fedguard_client - INFO - Keyboard interrupt - shutting down client
2025-11-29 09:45:11,567 - fedguard_client - INFO - Cleaning up client...
2025-11-29 09:45:11,587 - kafka.producer.kafka - INFO - Closing the Kafka producer with 4294967.0 secs timeout.
2025-11-29 09:45:11,588 - kafka.conn - INFO - <BrokerConnection node_id=1 host=localhost:9092 <connected> [IPv6 ('::1', 9092, 0, 0)]>: Closing connection. 
2025-11-29 09:45:11,589 - fedguard_client - INFO - Client Client-01 shut down successfully
