2025-11-11 18:24:41,983 - fedguard_client - INFO - ============================================================
2025-11-11 18:24:41,983 - fedguard_client - INFO - FEDERATED CLIENT: Client-01
2025-11-11 18:24:41,983 - fedguard_client - INFO - ============================================================
2025-11-11 18:24:41,984 - fedguard_client - INFO - Loading model from C:\Users\Nandini Devi\FedGuard-Project\results\models\ucsd_baseline.h5...
2025-11-11 18:24:49,198 - fedguard_client - INFO - [OK] Model loaded successfully
2025-11-11 18:24:49,199 - fedguard_client - INFO - Connecting to Kafka at localhost:9092 (topic: model-updates)...
2025-11-11 18:24:49,210 - kafka.conn - INFO - <BrokerConnection node_id=bootstrap-0 host=localhost:9092 <connecting> [IPv6 ('::1', 9092, 0, 0)]>: connecting to localhost:9092 [('::1', 9092, 0, 0) IPv6]
2025-11-11 18:24:49,212 - kafka.conn - INFO - Probing node bootstrap-0 broker version
2025-11-11 18:24:49,213 - kafka.conn - INFO - <BrokerConnection node_id=bootstrap-0 host=localhost:9092 <connecting> [IPv6 ('::1', 9092, 0, 0)]>: Connection complete.
2025-11-11 18:24:49,318 - kafka.conn - INFO - Broker version identified as 2.5.0
2025-11-11 18:24:49,319 - kafka.conn - INFO - Set configuration api_version=(2, 5, 0) to skip auto check_version requests on startup
2025-11-11 18:24:49,323 - fedguard_client - INFO - [OK] Kafka producer initialized
2025-11-11 18:24:49,324 - fedguard_client - INFO - Loading frames from: C:\Users\Nandini Devi\Downloads\uropds\UCSD_Anomaly_Dataset.v1p2\UCSDped1\Train\Train001
2025-11-11 18:24:49,330 - fedguard_client - INFO - [OK] Found 200 frames
2025-11-11 18:24:49,331 - fedguard_client - INFO - Frames per update: 16, Train batch size: 4, Image size: 128
2025-11-11 18:24:49,862 - fedguard_client - INFO - 
[Update #1] Collected 16 frames
2025-11-11 18:24:49,863 - fedguard_client - INFO - Performing local training...
2025-11-11 18:25:05,445 - fedguard_client - INFO - [OK] Training complete - Loss: 0.011754, Time: 15.58s
2025-11-11 18:25:06,938 - fedguard_client - INFO - Sending update to Kafka topic: 'model-updates' (payload size: 6505206 bytes, status: trained)...
2025-11-11 18:25:06,957 - kafka.conn - INFO - <BrokerConnection node_id=1 host=localhost:9092 <connecting> [IPv6 ('::1', 9092, 0, 0)]>: connecting to localhost:9092 [('::1', 9092, 0, 0) IPv6]
2025-11-11 18:25:06,961 - kafka.conn - INFO - <BrokerConnection node_id=1 host=localhost:9092 <connecting> [IPv6 ('::1', 9092, 0, 0)]>: Connection complete.
2025-11-11 18:25:06,962 - kafka.conn - INFO - <BrokerConnection node_id=bootstrap-0 host=localhost:9092 <connected> [IPv6 ('::1', 9092, 0, 0)]>: Closing connection. 
2025-11-11 18:25:10,747 - fedguard_client - INFO - [OK] Update sent successfully (Send time: 3.81s)
2025-11-11 18:25:10,747 - fedguard_client - INFO - Total updates sent: 1
2025-11-11 18:25:10,749 - fedguard_client - INFO - Avg training time: 15.58s
2025-11-11 18:25:11,214 - fedguard_client - INFO - 
[Update #2] Collected 16 frames
2025-11-11 18:25:11,215 - fedguard_client - INFO - Performing local training...
2025-11-11 18:25:17,492 - fedguard_client - INFO - [OK] Training complete - Loss: 0.007027, Time: 6.28s
2025-11-11 18:25:18,924 - fedguard_client - INFO - Sending update to Kafka topic: 'model-updates' (payload size: 6505280 bytes, status: trained)...
2025-11-11 18:25:22,400 - fedguard_client - INFO - [OK] Update sent successfully (Send time: 3.48s)
2025-11-11 18:25:22,401 - fedguard_client - INFO - Total updates sent: 2
2025-11-11 18:25:22,401 - fedguard_client - INFO - Avg training time: 10.93s
2025-11-11 18:25:22,906 - fedguard_client - INFO - 
[Update #3] Collected 16 frames
2025-11-11 18:25:22,908 - fedguard_client - INFO - Performing local training...
2025-11-11 18:25:34,289 - fedguard_client - INFO - [OK] Training complete - Loss: 0.005351, Time: 11.38s
2025-11-11 18:25:35,906 - fedguard_client - INFO - Sending update to Kafka topic: 'model-updates' (payload size: 6505135 bytes, status: trained)...
2025-11-11 18:25:39,489 - fedguard_client - INFO - [OK] Update sent successfully (Send time: 3.58s)
2025-11-11 18:25:39,490 - fedguard_client - INFO - Total updates sent: 3
2025-11-11 18:25:39,490 - fedguard_client - INFO - Avg training time: 11.08s
2025-11-11 18:25:40,030 - fedguard_client - INFO - 
[Update #4] Collected 16 frames
2025-11-11 18:25:40,032 - fedguard_client - INFO - Performing local training...
2025-11-11 18:25:45,962 - fedguard_client - INFO - [OK] Training complete - Loss: 0.004207, Time: 5.93s
2025-11-11 18:25:47,494 - fedguard_client - INFO - Sending update to Kafka topic: 'model-updates' (payload size: 6505573 bytes, status: trained)...
2025-11-11 18:25:50,952 - fedguard_client - INFO - [OK] Update sent successfully (Send time: 3.46s)
2025-11-11 18:25:50,952 - fedguard_client - INFO - Total updates sent: 4
2025-11-11 18:25:50,952 - fedguard_client - INFO - Avg training time: 9.79s
2025-11-11 18:25:51,485 - fedguard_client - INFO - 
[Update #5] Collected 16 frames
2025-11-11 18:25:51,487 - fedguard_client - INFO - Performing local training...
2025-11-11 18:26:00,550 - fedguard_client - INFO - [OK] Training complete - Loss: 0.003377, Time: 9.06s
2025-11-11 18:26:02,151 - fedguard_client - INFO - Sending update to Kafka topic: 'model-updates' (payload size: 6505497 bytes, status: trained)...
2025-11-11 18:26:05,780 - fedguard_client - INFO - [OK] Update sent successfully (Send time: 3.63s)
2025-11-11 18:26:05,784 - fedguard_client - INFO - Total updates sent: 5
2025-11-11 18:26:05,785 - fedguard_client - INFO - Avg training time: 9.65s
2025-11-11 18:26:06,342 - fedguard_client - INFO - 
[Update #6] Collected 16 frames
2025-11-11 18:26:06,348 - fedguard_client - INFO - Performing local training...
2025-11-11 18:26:10,308 - fedguard_client - INFO - [OK] Training complete - Loss: 0.003296, Time: 3.96s
2025-11-11 18:26:11,809 - fedguard_client - INFO - Sending update to Kafka topic: 'model-updates' (payload size: 6505719 bytes, status: trained)...
2025-11-11 18:26:15,078 - fedguard_client - INFO - [OK] Update sent successfully (Send time: 3.27s)
2025-11-11 18:26:15,079 - fedguard_client - INFO - Total updates sent: 6
2025-11-11 18:26:15,079 - fedguard_client - INFO - Avg training time: 8.70s
2025-11-11 18:26:15,756 - fedguard_client - INFO - 
[Update #7] Collected 16 frames
2025-11-11 18:26:15,758 - fedguard_client - INFO - Performing local training...
2025-11-11 18:26:19,817 - fedguard_client - INFO - [OK] Training complete - Loss: 0.003053, Time: 4.06s
2025-11-11 18:26:21,418 - fedguard_client - INFO - Sending update to Kafka topic: 'model-updates' (payload size: 6505447 bytes, status: trained)...
2025-11-11 18:26:24,621 - fedguard_client - INFO - [OK] Update sent successfully (Send time: 3.20s)
2025-11-11 18:26:24,621 - fedguard_client - INFO - Total updates sent: 7
2025-11-11 18:26:24,622 - fedguard_client - INFO - Avg training time: 8.04s
2025-11-11 18:26:25,277 - fedguard_client - INFO - 
[Update #8] Collected 16 frames
2025-11-11 18:26:25,279 - fedguard_client - INFO - Performing local training...
2025-11-11 18:26:30,093 - fedguard_client - INFO - [OK] Training complete - Loss: 0.003226, Time: 4.81s
2025-11-11 18:26:31,722 - fedguard_client - INFO - Sending update to Kafka topic: 'model-updates' (payload size: 6505502 bytes, status: trained)...
2025-11-11 18:26:36,142 - fedguard_client - INFO - [OK] Update sent successfully (Send time: 4.42s)
2025-11-11 18:26:36,142 - fedguard_client - INFO - Total updates sent: 8
2025-11-11 18:26:36,143 - fedguard_client - INFO - Avg training time: 7.63s
2025-11-11 18:26:36,706 - fedguard_client - INFO - 
[Update #9] Collected 16 frames
2025-11-11 18:26:36,720 - fedguard_client - INFO - Performing local training...
2025-11-11 18:26:40,565 - fedguard_client - INFO - [OK] Training complete - Loss: 0.003130, Time: 3.84s
2025-11-11 18:26:42,152 - fedguard_client - INFO - Sending update to Kafka topic: 'model-updates' (payload size: 6505763 bytes, status: trained)...
2025-11-11 18:26:45,814 - fedguard_client - INFO - [OK] Update sent successfully (Send time: 3.66s)
2025-11-11 18:26:45,814 - fedguard_client - INFO - Total updates sent: 9
2025-11-11 18:26:45,815 - fedguard_client - INFO - Avg training time: 7.21s
2025-11-11 18:26:46,487 - fedguard_client - INFO - 
[Update #10] Collected 16 frames
2025-11-11 18:26:46,489 - fedguard_client - INFO - Performing local training...
2025-11-11 18:26:50,102 - fedguard_client - INFO - [OK] Training complete - Loss: 0.002300, Time: 3.61s
2025-11-11 18:26:51,523 - fedguard_client - INFO - Sending update to Kafka topic: 'model-updates' (payload size: 6505352 bytes, status: trained)...
2025-11-11 18:26:55,168 - fedguard_client - INFO - [OK] Update sent successfully (Send time: 3.64s)
2025-11-11 18:26:55,169 - fedguard_client - INFO - Total updates sent: 10
2025-11-11 18:26:55,170 - fedguard_client - INFO - Avg training time: 6.85s
2025-11-11 18:26:55,785 - fedguard_client - INFO - 
[Update #11] Collected 16 frames
2025-11-11 18:26:55,786 - fedguard_client - INFO - Performing local training...
2025-11-11 18:27:01,162 - fedguard_client - INFO - [OK] Training complete - Loss: 0.001697, Time: 5.38s
2025-11-11 18:27:02,644 - fedguard_client - INFO - Sending update to Kafka topic: 'model-updates' (payload size: 6505392 bytes, status: trained)...
2025-11-11 18:27:06,238 - fedguard_client - INFO - [OK] Update sent successfully (Send time: 3.59s)
2025-11-11 18:27:06,242 - fedguard_client - INFO - Total updates sent: 11
2025-11-11 18:27:06,242 - fedguard_client - INFO - Avg training time: 6.72s
2025-11-11 18:27:06,831 - fedguard_client - INFO - 
[Update #12] Collected 16 frames
2025-11-11 18:27:06,833 - fedguard_client - INFO - Performing local training...
2025-11-11 18:27:10,573 - fedguard_client - INFO - [OK] Training complete - Loss: 0.001722, Time: 3.74s
2025-11-11 18:27:12,299 - fedguard_client - INFO - Sending update to Kafka topic: 'model-updates' (payload size: 6505393 bytes, status: trained)...
2025-11-11 18:27:16,664 - fedguard_client - INFO - [OK] Update sent successfully (Send time: 4.36s)
2025-11-11 18:27:16,664 - fedguard_client - INFO - Total updates sent: 12
2025-11-11 18:27:16,665 - fedguard_client - INFO - Avg training time: 6.47s
2025-11-11 18:27:17,069 - fedguard_client - INFO - 
[Update #13] Collected 16 frames
2025-11-11 18:27:17,075 - fedguard_client - INFO - Performing local training...
2025-11-11 18:27:21,006 - fedguard_client - INFO - [OK] Training complete - Loss: 0.002035, Time: 3.93s
2025-11-11 18:27:22,575 - fedguard_client - INFO - Sending update to Kafka topic: 'model-updates' (payload size: 6505816 bytes, status: trained)...
2025-11-11 18:27:26,606 - fedguard_client - INFO - [OK] Update sent successfully (Send time: 4.03s)
2025-11-11 18:27:26,607 - fedguard_client - INFO - Total updates sent: 13
2025-11-11 18:27:26,608 - fedguard_client - INFO - Avg training time: 6.27s
2025-11-11 18:27:26,846 - fedguard_client - INFO - 
[Update #14] Collected 16 frames
2025-11-11 18:27:26,847 - fedguard_client - INFO - Performing local training...
2025-11-11 18:27:33,293 - fedguard_client - INFO - [OK] Training complete - Loss: 0.002280, Time: 6.45s
2025-11-11 18:27:35,005 - fedguard_client - INFO - Sending update to Kafka topic: 'model-updates' (payload size: 6505783 bytes, status: trained)...
2025-11-11 18:27:39,190 - fedguard_client - INFO - [OK] Update sent successfully (Send time: 4.18s)
2025-11-11 18:27:39,191 - fedguard_client - INFO - Total updates sent: 14
2025-11-11 18:27:39,192 - fedguard_client - INFO - Avg training time: 6.29s
2025-11-11 18:27:39,427 - fedguard_client - INFO - 
[Update #15] Collected 16 frames
2025-11-11 18:27:39,429 - fedguard_client - INFO - Performing local training...
2025-11-11 18:27:42,889 - fedguard_client - INFO - [OK] Training complete - Loss: 0.002133, Time: 3.46s
2025-11-11 18:27:44,438 - fedguard_client - INFO - Sending update to Kafka topic: 'model-updates' (payload size: 6505865 bytes, status: trained)...
2025-11-11 18:27:48,194 - fedguard_client - INFO - [OK] Update sent successfully (Send time: 3.76s)
2025-11-11 18:27:48,197 - fedguard_client - INFO - Total updates sent: 15
2025-11-11 18:27:48,198 - fedguard_client - INFO - Avg training time: 6.10s
2025-11-11 18:27:48,448 - fedguard_client - INFO - 
[Update #16] Collected 16 frames
2025-11-11 18:27:48,453 - fedguard_client - INFO - Performing local training...
2025-11-11 18:27:52,570 - fedguard_client - INFO - [OK] Training complete - Loss: 0.002168, Time: 4.11s
2025-11-11 18:27:54,185 - fedguard_client - INFO - Sending update to Kafka topic: 'model-updates' (payload size: 6506013 bytes, status: trained)...
2025-11-11 18:27:58,443 - fedguard_client - INFO - [OK] Update sent successfully (Send time: 4.26s)
2025-11-11 18:27:58,445 - fedguard_client - INFO - Total updates sent: 16
2025-11-11 18:27:58,446 - fedguard_client - INFO - Avg training time: 5.97s
2025-11-11 18:27:58,698 - fedguard_client - INFO - 
[Update #17] Collected 16 frames
2025-11-11 18:27:58,701 - fedguard_client - INFO - Performing local training...
2025-11-11 18:28:02,400 - fedguard_client - INFO - [OK] Training complete - Loss: 0.002144, Time: 3.70s
2025-11-11 18:28:03,964 - fedguard_client - INFO - Sending update to Kafka topic: 'model-updates' (payload size: 6505674 bytes, status: trained)...
2025-11-11 18:28:09,144 - fedguard_client - INFO - [OK] Update sent successfully (Send time: 5.18s)
2025-11-11 18:28:09,145 - fedguard_client - INFO - Total updates sent: 17
2025-11-11 18:28:09,146 - fedguard_client - INFO - Avg training time: 5.84s
2025-11-11 18:28:09,385 - fedguard_client - INFO - 
[Update #18] Collected 16 frames
2025-11-11 18:28:09,394 - fedguard_client - INFO - Performing local training...
2025-11-11 18:28:13,525 - fedguard_client - INFO - [OK] Training complete - Loss: 0.002164, Time: 4.12s
2025-11-11 18:28:15,042 - fedguard_client - INFO - Sending update to Kafka topic: 'model-updates' (payload size: 6505915 bytes, status: trained)...
2025-11-11 18:28:18,835 - fedguard_client - INFO - [OK] Update sent successfully (Send time: 3.79s)
2025-11-11 18:28:18,837 - fedguard_client - INFO - Total updates sent: 18
2025-11-11 18:28:18,839 - fedguard_client - INFO - Avg training time: 5.74s
2025-11-11 18:28:19,074 - fedguard_client - INFO - 
[Update #19] Collected 16 frames
2025-11-11 18:28:19,077 - fedguard_client - INFO - Performing local training...
2025-11-11 18:28:22,642 - fedguard_client - INFO - [OK] Training complete - Loss: 0.002209, Time: 3.56s
2025-11-11 18:28:24,165 - fedguard_client - INFO - Sending update to Kafka topic: 'model-updates' (payload size: 6505952 bytes, status: trained)...
2025-11-11 18:28:27,584 - fedguard_client - INFO - [OK] Update sent successfully (Send time: 3.42s)
2025-11-11 18:28:27,585 - fedguard_client - INFO - Total updates sent: 19
2025-11-11 18:28:27,585 - fedguard_client - INFO - Avg training time: 5.63s
2025-11-11 18:28:27,831 - fedguard_client - INFO - 
[Update #20] Collected 16 frames
2025-11-11 18:28:27,835 - fedguard_client - INFO - Performing local training...
2025-11-11 18:28:39,388 - fedguard_client - INFO - [OK] Training complete - Loss: 0.002339, Time: 11.55s
2025-11-11 18:28:40,906 - fedguard_client - INFO - Sending update to Kafka topic: 'model-updates' (payload size: 6505763 bytes, status: trained)...
2025-11-11 18:28:44,588 - fedguard_client - INFO - [OK] Update sent successfully (Send time: 3.68s)
2025-11-11 18:28:44,589 - fedguard_client - INFO - Total updates sent: 20
2025-11-11 18:28:44,589 - fedguard_client - INFO - Avg training time: 5.93s
2025-11-11 18:28:44,842 - fedguard_client - INFO - 
[Update #21] Collected 16 frames
2025-11-11 18:28:44,845 - fedguard_client - INFO - Performing local training...
2025-11-11 18:28:51,405 - fedguard_client - INFO - [OK] Training complete - Loss: 0.002630, Time: 6.56s
2025-11-11 18:28:52,891 - fedguard_client - INFO - Sending update to Kafka topic: 'model-updates' (payload size: 6505757 bytes, status: trained)...
2025-11-11 18:28:57,007 - fedguard_client - INFO - [OK] Update sent successfully (Send time: 4.11s)
2025-11-11 18:28:57,008 - fedguard_client - INFO - Total updates sent: 21
2025-11-11 18:28:57,009 - fedguard_client - INFO - Avg training time: 5.96s
2025-11-11 18:28:57,260 - fedguard_client - INFO - 
[Update #22] Collected 16 frames
2025-11-11 18:28:57,262 - fedguard_client - INFO - Performing local training...
2025-11-11 18:29:08,811 - fedguard_client - INFO - [OK] Training complete - Loss: 0.002215, Time: 11.55s
2025-11-11 18:29:10,187 - fedguard_client - INFO - Sending update to Kafka topic: 'model-updates' (payload size: 6505908 bytes, status: trained)...
2025-11-11 18:29:13,364 - fedguard_client - INFO - [OK] Update sent successfully (Send time: 3.18s)
2025-11-11 18:29:13,365 - fedguard_client - INFO - Total updates sent: 22
2025-11-11 18:29:13,365 - fedguard_client - INFO - Avg training time: 6.21s
2025-11-11 18:29:13,618 - fedguard_client - INFO - 
[Update #23] Collected 16 frames
2025-11-11 18:29:13,620 - fedguard_client - INFO - Performing local training...
2025-11-11 18:29:21,639 - fedguard_client - INFO - [OK] Training complete - Loss: 0.001612, Time: 8.02s
2025-11-11 18:29:23,213 - fedguard_client - INFO - Sending update to Kafka topic: 'model-updates' (payload size: 6505642 bytes, status: trained)...
2025-11-11 18:29:26,944 - fedguard_client - INFO - [OK] Update sent successfully (Send time: 3.73s)
2025-11-11 18:29:26,945 - fedguard_client - INFO - Total updates sent: 23
2025-11-11 18:29:26,946 - fedguard_client - INFO - Avg training time: 6.29s
2025-11-11 18:29:27,193 - fedguard_client - INFO - 
[Update #24] Collected 16 frames
2025-11-11 18:29:27,195 - fedguard_client - INFO - Performing local training...
2025-11-11 18:29:35,766 - fedguard_client - INFO - [OK] Training complete - Loss: 0.001409, Time: 8.57s
2025-11-11 18:29:37,192 - fedguard_client - INFO - Sending update to Kafka topic: 'model-updates' (payload size: 6505934 bytes, status: trained)...
2025-11-11 18:29:40,866 - fedguard_client - INFO - [OK] Update sent successfully (Send time: 3.67s)
2025-11-11 18:29:40,868 - fedguard_client - INFO - Total updates sent: 24
2025-11-11 18:29:40,869 - fedguard_client - INFO - Avg training time: 6.38s
2025-11-11 18:29:41,123 - fedguard_client - INFO - 
[Update #25] Collected 16 frames
2025-11-11 18:29:41,126 - fedguard_client - INFO - Performing local training...
2025-11-11 18:29:49,750 - fedguard_client - INFO - [OK] Training complete - Loss: 0.001447, Time: 8.62s
2025-11-11 18:29:51,337 - fedguard_client - INFO - Sending update to Kafka topic: 'model-updates' (payload size: 6505987 bytes, status: trained)...
2025-11-11 18:29:54,743 - fedguard_client - INFO - [OK] Update sent successfully (Send time: 3.40s)
2025-11-11 18:29:54,743 - fedguard_client - INFO - Total updates sent: 25
2025-11-11 18:29:54,744 - fedguard_client - INFO - Avg training time: 6.47s
2025-11-11 18:29:54,988 - fedguard_client - INFO - 
[Update #26] Collected 16 frames
2025-11-11 18:29:54,990 - fedguard_client - INFO - Performing local training...
2025-11-11 18:30:02,441 - fedguard_client - INFO - [OK] Training complete - Loss: 0.002030, Time: 7.45s
2025-11-11 18:30:03,880 - fedguard_client - INFO - Sending update to Kafka topic: 'model-updates' (payload size: 6506222 bytes, status: trained)...
2025-11-11 18:30:07,454 - fedguard_client - INFO - [OK] Update sent successfully (Send time: 3.57s)
2025-11-11 18:30:07,454 - fedguard_client - INFO - Total updates sent: 26
2025-11-11 18:30:07,455 - fedguard_client - INFO - Avg training time: 6.51s
2025-11-11 18:30:07,706 - fedguard_client - INFO - 
[Update #27] Collected 16 frames
2025-11-11 18:30:07,708 - fedguard_client - INFO - Performing local training...
2025-11-11 18:30:13,138 - fedguard_client - INFO - [OK] Training complete - Loss: 0.001851, Time: 5.43s
2025-11-11 18:30:14,559 - fedguard_client - INFO - Sending update to Kafka topic: 'model-updates' (payload size: 6505649 bytes, status: trained)...
2025-11-11 18:30:18,407 - fedguard_client - INFO - [OK] Update sent successfully (Send time: 3.85s)
2025-11-11 18:30:18,408 - fedguard_client - INFO - Total updates sent: 27
2025-11-11 18:30:18,408 - fedguard_client - INFO - Avg training time: 6.47s
2025-11-11 18:30:18,662 - fedguard_client - INFO - 
[Update #28] Collected 16 frames
2025-11-11 18:30:18,663 - fedguard_client - INFO - Performing local training...
2025-11-11 18:30:22,321 - fedguard_client - INFO - [OK] Training complete - Loss: 0.001853, Time: 3.66s
2025-11-11 18:30:23,649 - fedguard_client - INFO - Sending update to Kafka topic: 'model-updates' (payload size: 6505963 bytes, status: trained)...
2025-11-11 18:30:26,886 - fedguard_client - INFO - [OK] Update sent successfully (Send time: 3.24s)
2025-11-11 18:30:26,887 - fedguard_client - INFO - Total updates sent: 28
2025-11-11 18:30:26,887 - fedguard_client - INFO - Avg training time: 6.37s
2025-11-11 18:30:27,154 - fedguard_client - INFO - 
[Update #29] Collected 16 frames
2025-11-11 18:30:27,156 - fedguard_client - INFO - Performing local training...
2025-11-11 18:30:31,362 - fedguard_client - INFO - [OK] Training complete - Loss: 0.001831, Time: 4.21s
2025-11-11 18:30:32,945 - fedguard_client - INFO - Sending update to Kafka topic: 'model-updates' (payload size: 6505831 bytes, status: trained)...
2025-11-11 18:30:36,683 - fedguard_client - INFO - [OK] Update sent successfully (Send time: 3.74s)
2025-11-11 18:30:36,684 - fedguard_client - INFO - Total updates sent: 29
2025-11-11 18:30:36,684 - fedguard_client - INFO - Avg training time: 6.30s
2025-11-11 18:30:36,917 - fedguard_client - INFO - 
[Update #30] Collected 16 frames
2025-11-11 18:30:36,919 - fedguard_client - INFO - Performing local training...
2025-11-11 18:30:40,277 - fedguard_client - INFO - [OK] Training complete - Loss: 0.001867, Time: 3.36s
2025-11-11 18:30:41,645 - fedguard_client - INFO - Sending update to Kafka topic: 'model-updates' (payload size: 6505700 bytes, status: trained)...
2025-11-11 18:30:44,543 - fedguard_client - INFO - [OK] Update sent successfully (Send time: 2.90s)
2025-11-11 18:30:44,543 - fedguard_client - INFO - Total updates sent: 30
2025-11-11 18:30:44,544 - fedguard_client - INFO - Avg training time: 6.20s
2025-11-11 18:30:44,783 - fedguard_client - INFO - 
[Update #31] Collected 16 frames
2025-11-11 18:30:44,784 - fedguard_client - INFO - Performing local training...
2025-11-11 18:30:47,919 - fedguard_client - INFO - [OK] Training complete - Loss: 0.001939, Time: 3.13s
2025-11-11 18:30:49,234 - fedguard_client - INFO - Sending update to Kafka topic: 'model-updates' (payload size: 6506243 bytes, status: trained)...
2025-11-11 18:30:52,110 - fedguard_client - INFO - [OK] Update sent successfully (Send time: 2.88s)
2025-11-11 18:30:52,111 - fedguard_client - INFO - Total updates sent: 31
2025-11-11 18:30:52,111 - fedguard_client - INFO - Avg training time: 6.10s
2025-11-11 18:30:52,362 - fedguard_client - INFO - 
[Update #32] Collected 16 frames
2025-11-11 18:30:52,364 - fedguard_client - INFO - Performing local training...
2025-11-11 18:31:03,911 - fedguard_client - INFO - [OK] Training complete - Loss: 0.002090, Time: 11.55s
2025-11-11 18:31:05,323 - fedguard_client - INFO - Sending update to Kafka topic: 'model-updates' (payload size: 6506145 bytes, status: trained)...
2025-11-11 18:31:08,857 - fedguard_client - INFO - [OK] Update sent successfully (Send time: 3.53s)
2025-11-11 18:31:08,860 - fedguard_client - INFO - Total updates sent: 32
2025-11-11 18:31:08,861 - fedguard_client - INFO - Avg training time: 6.27s
2025-11-11 18:31:09,095 - fedguard_client - INFO - 
[Update #33] Collected 16 frames
2025-11-11 18:31:09,097 - fedguard_client - INFO - Performing local training...
2025-11-11 18:31:12,864 - fedguard_client - INFO - [OK] Training complete - Loss: 0.002393, Time: 3.77s
2025-11-11 18:31:14,388 - fedguard_client - INFO - Sending update to Kafka topic: 'model-updates' (payload size: 6505939 bytes, status: trained)...
2025-11-11 18:31:17,792 - fedguard_client - INFO - [OK] Update sent successfully (Send time: 3.40s)
2025-11-11 18:31:17,794 - fedguard_client - INFO - Total updates sent: 33
2025-11-11 18:31:17,795 - fedguard_client - INFO - Avg training time: 6.19s
2025-11-11 18:31:18,035 - fedguard_client - INFO - 
[Update #34] Collected 16 frames
2025-11-11 18:31:18,036 - fedguard_client - INFO - Performing local training...
2025-11-11 18:31:21,991 - fedguard_client - INFO - [OK] Training complete - Loss: 0.002339, Time: 3.95s
2025-11-11 18:31:23,450 - fedguard_client - INFO - Sending update to Kafka topic: 'model-updates' (payload size: 6506299 bytes, status: trained)...
2025-11-11 18:31:26,966 - fedguard_client - INFO - [OK] Update sent successfully (Send time: 3.51s)
2025-11-11 18:31:26,967 - fedguard_client - INFO - Total updates sent: 34
2025-11-11 18:31:26,967 - fedguard_client - INFO - Avg training time: 6.13s
2025-11-11 18:31:27,185 - fedguard_client - INFO - 
[Update #35] Collected 16 frames
2025-11-11 18:31:27,187 - fedguard_client - INFO - Performing local training...
2025-11-11 18:31:31,146 - fedguard_client - INFO - [OK] Training complete - Loss: 0.001723, Time: 3.96s
2025-11-11 18:31:32,438 - fedguard_client - INFO - Sending update to Kafka topic: 'model-updates' (payload size: 6506086 bytes, status: trained)...
2025-11-11 18:31:35,249 - fedguard_client - INFO - [OK] Update sent successfully (Send time: 2.81s)
2025-11-11 18:31:35,250 - fedguard_client - INFO - Total updates sent: 35
2025-11-11 18:31:35,250 - fedguard_client - INFO - Avg training time: 6.07s
2025-11-11 18:31:35,501 - fedguard_client - INFO - 
[Update #36] Collected 16 frames
2025-11-11 18:31:35,502 - fedguard_client - INFO - Performing local training...
2025-11-11 18:31:39,166 - fedguard_client - INFO - [OK] Training complete - Loss: 0.001347, Time: 3.66s
2025-11-11 18:31:40,676 - fedguard_client - INFO - Sending update to Kafka topic: 'model-updates' (payload size: 6506156 bytes, status: trained)...
2025-11-11 18:31:46,857 - fedguard_client - INFO - [OK] Update sent successfully (Send time: 6.18s)
2025-11-11 18:31:46,858 - fedguard_client - INFO - Total updates sent: 36
2025-11-11 18:31:46,858 - fedguard_client - INFO - Avg training time: 6.00s
2025-11-11 18:31:47,110 - fedguard_client - INFO - 
[Update #37] Collected 16 frames
2025-11-11 18:31:47,119 - fedguard_client - INFO - Performing local training...
2025-11-11 18:31:52,878 - fedguard_client - INFO - [OK] Training complete - Loss: 0.001339, Time: 5.75s
2025-11-11 18:31:54,229 - fedguard_client - INFO - Sending update to Kafka topic: 'model-updates' (payload size: 6506202 bytes, status: trained)...
2025-11-11 18:31:57,612 - fedguard_client - INFO - [OK] Update sent successfully (Send time: 3.38s)
2025-11-11 18:31:57,612 - fedguard_client - INFO - Total updates sent: 37
2025-11-11 18:31:57,612 - fedguard_client - INFO - Avg training time: 5.99s
2025-11-11 18:31:57,840 - fedguard_client - INFO - 
[Update #38] Collected 16 frames
2025-11-11 18:31:57,844 - fedguard_client - INFO - Performing local training...
2025-11-11 18:32:04,284 - fedguard_client - INFO - [OK] Training complete - Loss: 0.001642, Time: 6.44s
2025-11-11 18:32:05,702 - fedguard_client - INFO - Sending update to Kafka topic: 'model-updates' (payload size: 6506206 bytes, status: trained)...
2025-11-11 18:32:09,094 - fedguard_client - INFO - [OK] Update sent successfully (Send time: 3.39s)
2025-11-11 18:32:09,094 - fedguard_client - INFO - Total updates sent: 38
2025-11-11 18:32:09,094 - fedguard_client - INFO - Avg training time: 6.00s
2025-11-11 18:32:09,344 - fedguard_client - INFO - 
[Update #39] Collected 16 frames
2025-11-11 18:32:09,347 - fedguard_client - INFO - Performing local training...
2025-11-11 18:32:14,256 - fedguard_client - INFO - [OK] Training complete - Loss: 0.001824, Time: 4.91s
2025-11-11 18:32:15,673 - fedguard_client - INFO - Sending update to Kafka topic: 'model-updates' (payload size: 6506234 bytes, status: trained)...
2025-11-11 18:32:18,996 - fedguard_client - INFO - [OK] Update sent successfully (Send time: 3.32s)
2025-11-11 18:32:18,997 - fedguard_client - INFO - Total updates sent: 39
2025-11-11 18:32:18,997 - fedguard_client - INFO - Avg training time: 5.98s
2025-11-11 18:32:19,239 - fedguard_client - INFO - 
[Update #40] Collected 16 frames
2025-11-11 18:32:19,241 - fedguard_client - INFO - Performing local training...
2025-11-11 18:32:24,642 - fedguard_client - INFO - [OK] Training complete - Loss: 0.001716, Time: 5.40s
2025-11-11 18:32:26,209 - fedguard_client - INFO - Sending update to Kafka topic: 'model-updates' (payload size: 6505995 bytes, status: trained)...
2025-11-11 18:32:33,128 - fedguard_client - INFO - [OK] Update sent successfully (Send time: 6.92s)
2025-11-11 18:32:33,129 - fedguard_client - INFO - Total updates sent: 40
2025-11-11 18:32:33,136 - fedguard_client - INFO - Avg training time: 5.96s
2025-11-11 18:32:33,401 - fedguard_client - INFO - 
[Update #41] Collected 16 frames
2025-11-11 18:32:33,402 - fedguard_client - INFO - Performing local training...
2025-11-11 18:32:38,314 - fedguard_client - INFO - [OK] Training complete - Loss: 0.001758, Time: 4.91s
2025-11-11 18:32:40,084 - fedguard_client - INFO - Sending update to Kafka topic: 'model-updates' (payload size: 6506104 bytes, status: trained)...
2025-11-11 18:32:43,417 - fedguard_client - INFO - [OK] Update sent successfully (Send time: 3.33s)
2025-11-11 18:32:43,418 - fedguard_client - INFO - Total updates sent: 41
2025-11-11 18:32:43,418 - fedguard_client - INFO - Avg training time: 5.94s
2025-11-11 18:32:43,666 - fedguard_client - INFO - 
[Update #42] Collected 16 frames
2025-11-11 18:32:43,668 - fedguard_client - INFO - Performing local training...
2025-11-11 18:32:47,929 - fedguard_client - INFO - [OK] Training complete - Loss: 0.001728, Time: 4.26s
2025-11-11 18:32:50,510 - fedguard_client - INFO - Sending update to Kafka topic: 'model-updates' (payload size: 6505988 bytes, status: trained)...
2025-11-11 18:32:53,865 - fedguard_client - INFO - [OK] Update sent successfully (Send time: 3.35s)
2025-11-11 18:32:53,865 - fedguard_client - INFO - Total updates sent: 42
2025-11-11 18:32:53,866 - fedguard_client - INFO - Avg training time: 5.90s
2025-11-11 18:32:54,174 - fedguard_client - INFO - 
[Update #43] Collected 16 frames
2025-11-11 18:32:54,175 - fedguard_client - INFO - Performing local training...
2025-11-11 18:32:57,757 - fedguard_client - INFO - [OK] Training complete - Loss: 0.001704, Time: 3.58s
2025-11-11 18:33:00,664 - fedguard_client - INFO - Sending update to Kafka topic: 'model-updates' (payload size: 6506409 bytes, status: trained)...
2025-11-11 18:33:04,391 - fedguard_client - INFO - [OK] Update sent successfully (Send time: 3.73s)
2025-11-11 18:33:04,391 - fedguard_client - INFO - Total updates sent: 43
2025-11-11 18:33:04,392 - fedguard_client - INFO - Avg training time: 5.84s
2025-11-11 18:33:04,615 - fedguard_client - INFO - 
[Update #44] Collected 16 frames
2025-11-11 18:33:04,617 - fedguard_client - INFO - Performing local training...
2025-11-11 18:33:13,786 - fedguard_client - INFO - [OK] Training complete - Loss: 0.001790, Time: 9.17s
2025-11-11 18:33:17,638 - fedguard_client - INFO - Sending update to Kafka topic: 'model-updates' (payload size: 6506078 bytes, status: trained)...
2025-11-11 18:33:22,068 - fedguard_client - INFO - [OK] Update sent successfully (Send time: 4.43s)
2025-11-11 18:33:22,068 - fedguard_client - INFO - Total updates sent: 44
2025-11-11 18:33:22,069 - fedguard_client - INFO - Avg training time: 5.92s
2025-11-11 18:33:22,317 - fedguard_client - INFO - 
[Update #45] Collected 16 frames
2025-11-11 18:33:22,318 - fedguard_client - INFO - Performing local training...
2025-11-11 18:33:33,719 - fedguard_client - INFO - [OK] Training complete - Loss: 0.002033, Time: 11.40s
2025-11-11 18:33:36,036 - fedguard_client - INFO - Sending update to Kafka topic: 'model-updates' (payload size: 6506141 bytes, status: trained)...
2025-11-11 18:33:39,835 - fedguard_client - INFO - [OK] Update sent successfully (Send time: 3.80s)
2025-11-11 18:33:39,836 - fedguard_client - INFO - Total updates sent: 45
2025-11-11 18:33:39,836 - fedguard_client - INFO - Avg training time: 6.04s
2025-11-11 18:33:40,108 - fedguard_client - INFO - 
[Update #46] Collected 16 frames
2025-11-11 18:33:40,113 - fedguard_client - INFO - Performing local training...
2025-11-11 18:33:46,628 - fedguard_client - INFO - [OK] Training complete - Loss: 0.002137, Time: 6.51s
2025-11-11 18:33:48,981 - fedguard_client - INFO - Sending update to Kafka topic: 'model-updates' (payload size: 6506411 bytes, status: trained)...
2025-11-11 18:33:54,449 - fedguard_client - INFO - [OK] Update sent successfully (Send time: 5.47s)
2025-11-11 18:33:54,450 - fedguard_client - INFO - Total updates sent: 46
2025-11-11 18:33:54,450 - fedguard_client - INFO - Avg training time: 6.05s
2025-11-11 18:33:54,701 - fedguard_client - INFO - 
[Update #47] Collected 16 frames
2025-11-11 18:33:54,703 - fedguard_client - INFO - Performing local training...
2025-11-11 18:34:18,094 - fedguard_client - INFO - [OK] Training complete - Loss: 0.001850, Time: 23.39s
2025-11-11 18:34:22,477 - fedguard_client - INFO - Sending update to Kafka topic: 'model-updates' (payload size: 6506419 bytes, status: trained)...
2025-11-11 18:34:27,120 - fedguard_client - INFO - [OK] Update sent successfully (Send time: 4.64s)
2025-11-11 18:34:27,125 - fedguard_client - INFO - Total updates sent: 47
2025-11-11 18:34:27,215 - fedguard_client - INFO - Avg training time: 6.42s
2025-11-11 18:34:27,730 - fedguard_client - INFO - 
[Update #48] Collected 16 frames
2025-11-11 18:34:27,731 - fedguard_client - INFO - Performing local training...
2025-11-11 18:34:35,891 - fedguard_client - INFO - [OK] Training complete - Loss: 0.001427, Time: 8.16s
2025-11-11 18:34:39,234 - fedguard_client - INFO - Sending update to Kafka topic: 'model-updates' (payload size: 6506456 bytes, status: trained)...
2025-11-11 18:34:45,542 - fedguard_client - INFO - [OK] Update sent successfully (Send time: 6.31s)
2025-11-11 18:34:45,543 - fedguard_client - INFO - Total updates sent: 48
2025-11-11 18:34:45,545 - fedguard_client - INFO - Avg training time: 6.45s
2025-11-11 18:34:45,829 - fedguard_client - INFO - 
[Update #49] Collected 16 frames
2025-11-11 18:34:45,834 - fedguard_client - INFO - Performing local training...
2025-11-11 18:34:49,352 - fedguard_client - INFO - [OK] Training complete - Loss: 0.001248, Time: 3.52s
2025-11-11 18:34:50,862 - fedguard_client - INFO - Sending update to Kafka topic: 'model-updates' (payload size: 6506541 bytes, status: trained)...
2025-11-11 18:34:55,480 - fedguard_client - INFO - [OK] Update sent successfully (Send time: 4.62s)
2025-11-11 18:34:55,480 - fedguard_client - INFO - Total updates sent: 49
2025-11-11 18:34:55,481 - fedguard_client - INFO - Avg training time: 6.39s
2025-11-11 18:34:55,706 - fedguard_client - INFO - 
[Update #50] Collected 16 frames
2025-11-11 18:34:55,706 - fedguard_client - INFO - Performing local training...
2025-11-11 18:35:07,113 - fedguard_client - INFO - [OK] Training complete - Loss: 0.001231, Time: 11.41s
2025-11-11 18:35:10,914 - fedguard_client - INFO - Sending update to Kafka topic: 'model-updates' (payload size: 6506079 bytes, status: trained)...
2025-11-11 18:35:18,530 - fedguard_client - INFO - [OK] Update sent successfully (Send time: 7.61s)
2025-11-11 18:35:18,532 - fedguard_client - INFO - Total updates sent: 50
2025-11-11 18:35:18,534 - fedguard_client - INFO - Avg training time: 6.50s
2025-11-11 18:35:18,774 - fedguard_client - INFO - 
[Update #51] Collected 16 frames
2025-11-11 18:35:18,784 - fedguard_client - INFO - Performing local training...
2025-11-11 18:35:28,680 - fedguard_client - INFO - [OK] Training complete - Loss: 0.001806, Time: 9.89s
2025-11-11 18:35:35,054 - fedguard_client - INFO - Sending update to Kafka topic: 'model-updates' (payload size: 6506297 bytes, status: trained)...
2025-11-11 18:35:38,384 - fedguard_client - INFO - [OK] Update sent successfully (Send time: 3.33s)
2025-11-11 18:35:38,385 - fedguard_client - INFO - Total updates sent: 51
2025-11-11 18:35:38,385 - fedguard_client - INFO - Avg training time: 6.56s
2025-11-11 18:35:38,644 - fedguard_client - INFO - 
[Update #52] Collected 16 frames
2025-11-11 18:35:38,645 - fedguard_client - INFO - Performing local training...
2025-11-11 18:35:50,460 - fedguard_client - INFO - [OK] Training complete - Loss: 0.001624, Time: 11.81s
2025-11-11 18:35:51,789 - fedguard_client - INFO - Sending update to Kafka topic: 'model-updates' (payload size: 6506153 bytes, status: trained)...
2025-11-11 18:35:56,953 - fedguard_client - INFO - [OK] Update sent successfully (Send time: 5.16s)
2025-11-11 18:35:56,954 - fedguard_client - INFO - Total updates sent: 52
2025-11-11 18:35:56,955 - fedguard_client - INFO - Avg training time: 6.66s
2025-11-11 18:35:57,180 - fedguard_client - INFO - 
[Update #53] Collected 16 frames
2025-11-11 18:35:57,182 - fedguard_client - INFO - Performing local training...
2025-11-11 18:36:07,335 - fedguard_client - INFO - [OK] Training complete - Loss: 0.001709, Time: 10.15s
2025-11-11 18:36:10,842 - fedguard_client - INFO - Sending update to Kafka topic: 'model-updates' (payload size: 6506220 bytes, status: trained)...
2025-11-11 18:36:24,678 - fedguard_client - INFO - [OK] Update sent successfully (Send time: 13.83s)
2025-11-11 18:36:24,689 - fedguard_client - INFO - Total updates sent: 53
2025-11-11 18:36:24,690 - fedguard_client - INFO - Avg training time: 6.73s
2025-11-11 18:36:24,957 - fedguard_client - INFO - 
[Update #54] Collected 16 frames
2025-11-11 18:36:24,959 - fedguard_client - INFO - Performing local training...
2025-11-11 18:36:29,757 - fedguard_client - INFO - [OK] Training complete - Loss: 0.001604, Time: 4.80s
2025-11-11 18:36:31,205 - fedguard_client - INFO - Sending update to Kafka topic: 'model-updates' (payload size: 6506331 bytes, status: trained)...
2025-11-11 18:36:34,802 - fedguard_client - INFO - Keyboard interrupt - shutting down client
2025-11-11 18:36:34,807 - fedguard_client - INFO - Cleaning up client...
2025-11-11 18:36:34,854 - kafka.producer.kafka - INFO - Closing the Kafka producer with 4294967.0 secs timeout.
2025-11-11 18:36:34,855 - kafka.conn - INFO - <BrokerConnection node_id=1 host=localhost:9092 <connected> [IPv6 ('::1', 9092, 0, 0)]>: Closing connection. 
2025-11-11 18:36:34,862 - fedguard_client - INFO - Client Client-01 shut down successfully
