2025-12-01 11:54:25,091 - fedguard_client - INFO - ============================================================
2025-12-01 11:54:25,091 - fedguard_client - INFO - FEDERATED CLIENT: Client-01
2025-12-01 11:54:25,092 - fedguard_client - INFO - ============================================================
2025-12-01 11:54:25,092 - fedguard_client - INFO - Loading model from C:\Users\Nandini Devi\FedGuard-Project\results\models\ucsd_baseline.h5...
2025-12-01 11:54:35,565 - fedguard_client - INFO - [OK] Model loaded successfully
2025-12-01 11:54:35,566 - fedguard_client - INFO - Connecting to Kafka at localhost:9092 (topic: model-updates)...
2025-12-01 11:54:35,577 - kafka.conn - INFO - <BrokerConnection node_id=bootstrap-0 host=localhost:9092 <connecting> [IPv6 ('::1', 9092, 0, 0)]>: connecting to localhost:9092 [('::1', 9092, 0, 0) IPv6]
2025-12-01 11:54:35,579 - kafka.conn - INFO - Probing node bootstrap-0 broker version
2025-12-01 11:54:35,581 - kafka.conn - INFO - <BrokerConnection node_id=bootstrap-0 host=localhost:9092 <connecting> [IPv6 ('::1', 9092, 0, 0)]>: Connection complete.
2025-12-01 11:54:35,688 - kafka.conn - INFO - Broker version identified as 2.5.0
2025-12-01 11:54:35,689 - kafka.conn - INFO - Set configuration api_version=(2, 5, 0) to skip auto check_version requests on startup
2025-12-01 11:54:35,692 - fedguard_client - INFO - [OK] Kafka producer initialized
2025-12-01 11:54:35,692 - fedguard_client - INFO - Loading frames from: C:\Users\Nandini Devi\Downloads\uropds\UCSD_Anomaly_Dataset.v1p2\UCSDped1\Train\Train001
2025-12-01 11:54:35,694 - fedguard_client - INFO - [OK] Found 200 frames
2025-12-01 11:54:35,694 - fedguard_client - INFO - Frames per update: 16, Train batch size: 4, Image size: 128
2025-12-01 11:54:36,005 - fedguard_client - INFO - 
[Update #1] Collected 16 frames
2025-12-01 11:54:36,006 - fedguard_client - INFO - Performing local training...
2025-12-01 11:54:45,480 - fedguard_client - INFO - [OK] Training complete - Loss: 0.012550, Time: 9.47s
2025-12-01 11:54:46,950 - fedguard_client - INFO - Sending update to Kafka topic: 'model-updates' (payload size: 6505251 bytes, status: trained)...
2025-12-01 11:54:46,965 - kafka.conn - INFO - <BrokerConnection node_id=1 host=localhost:9092 <connecting> [IPv6 ('::1', 9092, 0, 0)]>: connecting to localhost:9092 [('::1', 9092, 0, 0) IPv6]
2025-12-01 11:54:46,968 - kafka.conn - INFO - <BrokerConnection node_id=1 host=localhost:9092 <connecting> [IPv6 ('::1', 9092, 0, 0)]>: Connection complete.
2025-12-01 11:54:46,969 - kafka.conn - INFO - <BrokerConnection node_id=bootstrap-0 host=localhost:9092 <connected> [IPv6 ('::1', 9092, 0, 0)]>: Closing connection. 
2025-12-01 11:54:52,499 - fedguard_client - INFO - [OK] Update sent successfully (Send time: 5.55s)
2025-12-01 11:54:52,500 - fedguard_client - INFO - Total updates sent: 1
2025-12-01 11:54:52,500 - fedguard_client - INFO - Avg training time: 9.47s
2025-12-01 11:54:52,738 - fedguard_client - INFO - 
[Update #2] Collected 16 frames
2025-12-01 11:54:52,740 - fedguard_client - INFO - Performing local training...
2025-12-01 11:54:55,071 - fedguard_client - INFO - [OK] Training complete - Loss: 0.007185, Time: 2.33s
2025-12-01 11:54:56,113 - fedguard_client - INFO - Sending update to Kafka topic: 'model-updates' (payload size: 6505190 bytes, status: trained)...
2025-12-01 11:55:01,362 - fedguard_client - INFO - [OK] Update sent successfully (Send time: 5.25s)
2025-12-01 11:55:01,362 - fedguard_client - INFO - Total updates sent: 2
2025-12-01 11:55:01,363 - fedguard_client - INFO - Avg training time: 5.90s
2025-12-01 11:55:01,602 - fedguard_client - INFO - 
[Update #3] Collected 16 frames
2025-12-01 11:55:01,603 - fedguard_client - INFO - Performing local training...
2025-12-01 11:55:04,193 - fedguard_client - INFO - [OK] Training complete - Loss: 0.005555, Time: 2.59s
2025-12-01 11:55:05,647 - fedguard_client - INFO - Sending update to Kafka topic: 'model-updates' (payload size: 6505546 bytes, status: trained)...
2025-12-01 11:55:11,053 - fedguard_client - INFO - Keyboard interrupt - shutting down client
2025-12-01 11:55:11,054 - fedguard_client - INFO - Cleaning up client...
2025-12-01 11:55:11,085 - kafka.producer.kafka - INFO - Closing the Kafka producer with 4294967.0 secs timeout.
2025-12-01 11:55:11,086 - kafka.conn - INFO - <BrokerConnection node_id=1 host=localhost:9092 <connected> [IPv6 ('::1', 9092, 0, 0)]>: Closing connection. 
2025-12-01 11:55:11,087 - fedguard_client - INFO - Client Client-01 shut down successfully
