2025-12-01 11:51:46,357 - fedguard_client - INFO - ============================================================
2025-12-01 11:51:46,358 - fedguard_client - INFO - FEDERATED CLIENT: Client-01
2025-12-01 11:51:46,358 - fedguard_client - INFO - ============================================================
2025-12-01 11:51:46,359 - fedguard_client - INFO - Loading model from C:\Users\Nandini Devi\FedGuard-Project\results\models\ucsd_baseline.h5...
2025-12-01 11:51:56,297 - fedguard_client - INFO - [OK] Model loaded successfully
2025-12-01 11:51:56,306 - fedguard_client - INFO - Connecting to Kafka at localhost:9092 (topic: model-updates)...
2025-12-01 11:51:56,334 - kafka.conn - INFO - <BrokerConnection node_id=bootstrap-0 host=localhost:9092 <connecting> [IPv6 ('::1', 9092, 0, 0)]>: connecting to localhost:9092 [('::1', 9092, 0, 0) IPv6]
2025-12-01 11:51:56,337 - kafka.conn - INFO - Probing node bootstrap-0 broker version
2025-12-01 11:51:56,353 - kafka.conn - INFO - <BrokerConnection node_id=bootstrap-0 host=localhost:9092 <connecting> [IPv6 ('::1', 9092, 0, 0)]>: Connection complete.
2025-12-01 11:51:56,466 - kafka.conn - INFO - Broker version identified as 2.5.0
2025-12-01 11:51:56,467 - kafka.conn - INFO - Set configuration api_version=(2, 5, 0) to skip auto check_version requests on startup
2025-12-01 11:51:56,478 - fedguard_client - INFO - [OK] Kafka producer initialized
2025-12-01 11:51:56,480 - fedguard_client - INFO - Loading frames from: C:\Users\Nandini Devi\Downloads\uropds\UCSD_Anomaly_Dataset.v1p2\UCSDped1\Train\Train001
2025-12-01 11:51:56,481 - fedguard_client - INFO - [OK] Found 200 frames
2025-12-01 11:51:56,484 - fedguard_client - INFO - Frames per update: 16, Train batch size: 4, Image size: 128
2025-12-01 11:51:56,898 - fedguard_client - INFO - 
[Update #1] Collected 16 frames
2025-12-01 11:51:56,908 - fedguard_client - INFO - Performing local training...
2025-12-01 11:52:02,169 - fedguard_client - INFO - [OK] Training complete - Loss: 0.012611, Time: 5.26s
2025-12-01 11:52:04,218 - fedguard_client - INFO - Sending update to Kafka topic: 'model-updates' (payload size: 6504991 bytes, status: trained)...
2025-12-01 11:52:04,234 - kafka.conn - INFO - <BrokerConnection node_id=1 host=localhost:9092 <connecting> [IPv6 ('::1', 9092, 0, 0)]>: connecting to localhost:9092 [('::1', 9092, 0, 0) IPv6]
2025-12-01 11:52:04,236 - kafka.conn - INFO - <BrokerConnection node_id=1 host=localhost:9092 <connecting> [IPv6 ('::1', 9092, 0, 0)]>: Connection complete.
2025-12-01 11:52:04,237 - kafka.conn - INFO - <BrokerConnection node_id=bootstrap-0 host=localhost:9092 <connected> [IPv6 ('::1', 9092, 0, 0)]>: Closing connection. 
2025-12-01 11:52:06,995 - fedguard_client - INFO - [OK] Update sent successfully (Send time: 2.78s)
2025-12-01 11:52:06,996 - fedguard_client - INFO - Total updates sent: 1
2025-12-01 11:52:06,997 - fedguard_client - INFO - Avg training time: 5.26s
2025-12-01 11:52:07,243 - fedguard_client - INFO - 
[Update #2] Collected 16 frames
2025-12-01 11:52:07,245 - fedguard_client - INFO - Performing local training...
2025-12-01 11:52:10,219 - fedguard_client - INFO - [OK] Training complete - Loss: 0.007469, Time: 2.97s
2025-12-01 11:52:12,343 - fedguard_client - INFO - Sending update to Kafka topic: 'model-updates' (payload size: 6505328 bytes, status: trained)...
2025-12-01 11:52:15,144 - fedguard_client - INFO - [OK] Update sent successfully (Send time: 2.80s)
2025-12-01 11:52:15,144 - fedguard_client - INFO - Total updates sent: 2
2025-12-01 11:52:15,145 - fedguard_client - INFO - Avg training time: 4.12s
2025-12-01 11:52:15,325 - fedguard_client - INFO - 
[Update #3] Collected 16 frames
2025-12-01 11:52:15,326 - fedguard_client - INFO - Performing local training...
2025-12-01 11:52:17,929 - fedguard_client - INFO - [OK] Training complete - Loss: 0.005760, Time: 2.60s
2025-12-01 11:52:19,617 - fedguard_client - INFO - Sending update to Kafka topic: 'model-updates' (payload size: 6505615 bytes, status: trained)...
2025-12-01 11:52:23,845 - fedguard_client - INFO - [OK] Update sent successfully (Send time: 4.23s)
2025-12-01 11:52:23,846 - fedguard_client - INFO - Total updates sent: 3
2025-12-01 11:52:23,846 - fedguard_client - INFO - Avg training time: 3.61s
2025-12-01 11:52:23,997 - fedguard_client - INFO - 
[Update #4] Collected 16 frames
2025-12-01 11:52:23,998 - fedguard_client - INFO - Performing local training...
2025-12-01 11:52:26,394 - fedguard_client - INFO - [OK] Training complete - Loss: 0.004653, Time: 2.40s
2025-12-01 11:52:27,663 - fedguard_client - INFO - Sending update to Kafka topic: 'model-updates' (payload size: 6505824 bytes, status: trained)...
2025-12-01 11:52:32,431 - fedguard_client - INFO - [OK] Update sent successfully (Send time: 4.77s)
2025-12-01 11:52:32,432 - fedguard_client - INFO - Total updates sent: 4
2025-12-01 11:52:32,432 - fedguard_client - INFO - Avg training time: 3.31s
2025-12-01 11:52:32,608 - fedguard_client - INFO - 
[Update #5] Collected 16 frames
2025-12-01 11:52:32,609 - fedguard_client - INFO - Performing local training...
2025-12-01 11:52:34,902 - fedguard_client - INFO - [OK] Training complete - Loss: 0.003602, Time: 2.29s
2025-12-01 11:52:36,046 - fedguard_client - INFO - Sending update to Kafka topic: 'model-updates' (payload size: 6505555 bytes, status: trained)...
2025-12-01 11:52:40,350 - fedguard_client - INFO - [OK] Update sent successfully (Send time: 4.30s)
2025-12-01 11:52:40,350 - fedguard_client - INFO - Total updates sent: 5
2025-12-01 11:52:40,351 - fedguard_client - INFO - Avg training time: 3.10s
2025-12-01 11:52:40,593 - fedguard_client - INFO - 
[Update #6] Collected 16 frames
2025-12-01 11:52:40,599 - fedguard_client - INFO - Performing local training...
2025-12-01 11:52:43,191 - fedguard_client - INFO - [OK] Training complete - Loss: 0.003421, Time: 2.58s
2025-12-01 11:52:44,276 - fedguard_client - INFO - Sending update to Kafka topic: 'model-updates' (payload size: 6505550 bytes, status: trained)...
2025-12-01 11:52:48,168 - fedguard_client - INFO - [OK] Update sent successfully (Send time: 3.89s)
2025-12-01 11:52:48,169 - fedguard_client - INFO - Total updates sent: 6
2025-12-01 11:52:48,170 - fedguard_client - INFO - Avg training time: 3.02s
2025-12-01 11:52:48,371 - fedguard_client - INFO - 
[Update #7] Collected 16 frames
2025-12-01 11:52:48,383 - fedguard_client - INFO - Performing local training...
2025-12-01 11:52:51,181 - fedguard_client - INFO - [OK] Training complete - Loss: 0.003075, Time: 2.79s
2025-12-01 11:52:52,084 - fedguard_client - INFO - Sending update to Kafka topic: 'model-updates' (payload size: 6505506 bytes, status: trained)...
2025-12-01 11:52:53,864 - fedguard_client - INFO - [OK] Update sent successfully (Send time: 1.78s)
2025-12-01 11:52:53,869 - fedguard_client - INFO - Total updates sent: 7
2025-12-01 11:52:53,870 - fedguard_client - INFO - Avg training time: 2.98s
2025-12-01 11:52:54,104 - fedguard_client - INFO - 
[Update #8] Collected 16 frames
2025-12-01 11:52:54,106 - fedguard_client - INFO - Performing local training...
2025-12-01 11:52:57,014 - fedguard_client - INFO - [OK] Training complete - Loss: 0.003241, Time: 2.91s
2025-12-01 11:52:57,872 - fedguard_client - INFO - Sending update to Kafka topic: 'model-updates' (payload size: 6505822 bytes, status: trained)...
2025-12-01 11:52:59,712 - fedguard_client - INFO - [OK] Update sent successfully (Send time: 1.84s)
2025-12-01 11:52:59,715 - fedguard_client - INFO - Total updates sent: 8
2025-12-01 11:52:59,715 - fedguard_client - INFO - Avg training time: 2.97s
2025-12-01 11:52:59,966 - fedguard_client - INFO - 
[Update #9] Collected 16 frames
2025-12-01 11:52:59,969 - fedguard_client - INFO - Performing local training...
2025-12-01 11:53:02,977 - fedguard_client - INFO - [OK] Training complete - Loss: 0.003172, Time: 3.01s
2025-12-01 11:53:03,844 - fedguard_client - INFO - Sending update to Kafka topic: 'model-updates' (payload size: 6505833 bytes, status: trained)...
2025-12-01 11:53:05,724 - fedguard_client - INFO - [OK] Update sent successfully (Send time: 1.88s)
2025-12-01 11:53:05,726 - fedguard_client - INFO - Total updates sent: 9
2025-12-01 11:53:05,727 - fedguard_client - INFO - Avg training time: 2.98s
2025-12-01 11:53:05,961 - fedguard_client - INFO - 
[Update #10] Collected 16 frames
2025-12-01 11:53:05,967 - fedguard_client - INFO - Performing local training...
2025-12-01 11:53:08,912 - fedguard_client - INFO - [OK] Training complete - Loss: 0.002286, Time: 2.94s
2025-12-01 11:53:09,807 - fedguard_client - INFO - Sending update to Kafka topic: 'model-updates' (payload size: 6505488 bytes, status: trained)...
2025-12-01 11:53:11,537 - fedguard_client - INFO - [OK] Update sent successfully (Send time: 1.73s)
2025-12-01 11:53:11,538 - fedguard_client - INFO - Total updates sent: 10
2025-12-01 11:53:11,538 - fedguard_client - INFO - Avg training time: 2.98s
2025-12-01 11:53:11,780 - fedguard_client - INFO - 
[Update #11] Collected 16 frames
2025-12-01 11:53:11,781 - fedguard_client - INFO - Performing local training...
2025-12-01 11:53:15,096 - fedguard_client - INFO - [OK] Training complete - Loss: 0.001694, Time: 3.32s
2025-12-01 11:53:16,240 - fedguard_client - INFO - Sending update to Kafka topic: 'model-updates' (payload size: 6505655 bytes, status: trained)...
2025-12-01 11:53:18,243 - fedguard_client - INFO - [OK] Update sent successfully (Send time: 2.00s)
2025-12-01 11:53:18,244 - fedguard_client - INFO - Total updates sent: 11
2025-12-01 11:53:18,245 - fedguard_client - INFO - Avg training time: 3.01s
2025-12-01 11:53:18,473 - fedguard_client - INFO - 
[Update #12] Collected 16 frames
2025-12-01 11:53:18,474 - fedguard_client - INFO - Performing local training...
2025-12-01 11:53:21,226 - fedguard_client - INFO - [OK] Training complete - Loss: 0.001741, Time: 2.75s
2025-12-01 11:53:22,271 - fedguard_client - INFO - Sending update to Kafka topic: 'model-updates' (payload size: 6505973 bytes, status: trained)...
2025-12-01 11:53:24,474 - fedguard_client - INFO - [OK] Update sent successfully (Send time: 2.20s)
2025-12-01 11:53:24,474 - fedguard_client - INFO - Total updates sent: 12
2025-12-01 11:53:24,475 - fedguard_client - INFO - Avg training time: 2.98s
2025-12-01 11:53:24,727 - fedguard_client - INFO - 
[Update #13] Collected 16 frames
2025-12-01 11:53:24,728 - fedguard_client - INFO - Performing local training...
2025-12-01 11:53:27,174 - fedguard_client - INFO - [OK] Training complete - Loss: 0.002033, Time: 2.44s
2025-12-01 11:53:28,360 - fedguard_client - INFO - Sending update to Kafka topic: 'model-updates' (payload size: 6505829 bytes, status: trained)...
2025-12-01 11:53:31,149 - fedguard_client - INFO - [OK] Update sent successfully (Send time: 2.79s)
2025-12-01 11:53:31,150 - fedguard_client - INFO - Total updates sent: 13
2025-12-01 11:53:31,150 - fedguard_client - INFO - Avg training time: 2.94s
2025-12-01 11:53:31,405 - fedguard_client - INFO - 
[Update #14] Collected 16 frames
2025-12-01 11:53:31,406 - fedguard_client - INFO - Performing local training...
2025-12-01 11:53:34,226 - fedguard_client - INFO - [OK] Training complete - Loss: 0.002314, Time: 2.82s
2025-12-01 11:53:35,493 - fedguard_client - INFO - Sending update to Kafka topic: 'model-updates' (payload size: 6505496 bytes, status: trained)...
2025-12-01 11:53:37,693 - fedguard_client - INFO - [OK] Update sent successfully (Send time: 2.20s)
2025-12-01 11:53:40,242 - fedguard_client - INFO - Total updates sent: 14
2025-12-01 11:53:40,243 - fedguard_client - INFO - Avg training time: 2.93s
2025-12-01 11:53:40,243 - fedguard_client - INFO - Keyboard interrupt - shutting down client
2025-12-01 11:53:40,244 - fedguard_client - INFO - Cleaning up client...
2025-12-01 11:53:40,266 - kafka.producer.kafka - INFO - Closing the Kafka producer with 4294967.0 secs timeout.
2025-12-01 11:53:40,267 - kafka.conn - INFO - <BrokerConnection node_id=1 host=localhost:9092 <connected> [IPv6 ('::1', 9092, 0, 0)]>: Closing connection. 
2025-12-01 11:53:40,267 - fedguard_client - INFO - Client Client-01 shut down successfully
