2025-11-18 15:08:05,651 - fedguard_client - INFO - ============================================================
2025-11-18 15:08:05,651 - fedguard_client - INFO - FEDERATED CLIENT: Client-01
2025-11-18 15:08:05,651 - fedguard_client - INFO - ============================================================
2025-11-18 15:08:05,652 - fedguard_client - INFO - Loading model from C:\Users\Nandini Devi\FedGuard-Project\results\models\ucsd_baseline.h5...
2025-11-18 15:08:10,209 - fedguard_client - INFO - [OK] Model loaded successfully
2025-11-18 15:08:10,210 - fedguard_client - INFO - Connecting to Kafka at localhost:9092 (topic: model-updates)...
2025-11-18 15:08:10,218 - kafka.conn - INFO - <BrokerConnection node_id=bootstrap-0 host=localhost:9092 <connecting> [IPv6 ('::1', 9092, 0, 0)]>: connecting to localhost:9092 [('::1', 9092, 0, 0) IPv6]
2025-11-18 15:08:10,219 - kafka.conn - INFO - Probing node bootstrap-0 broker version
2025-11-18 15:08:12,238 - fedguard_client - ERROR - FATAL ERROR (client): NoBrokersAvailable
Traceback (most recent call last):
  File "C:\Users\Nandini Devi\FedGuard-Project\federated\federated_client.py", line 77, in main
    producer = KafkaProducer(
  File "C:\Users\Nandini Devi\FedGuard-Project\venv\lib\site-packages\kafka\producer\kafka.py", line 381, in __init__
    client = KafkaClient(metrics=self._metrics, metric_group_prefix='producer',
  File "C:\Users\Nandini Devi\FedGuard-Project\venv\lib\site-packages\kafka\client_async.py", line 244, in __init__
    self.config['api_version'] = self.check_version(timeout=check_timeout)
  File "C:\Users\Nandini Devi\FedGuard-Project\venv\lib\site-packages\kafka\client_async.py", line 927, in check_version
    raise Errors.NoBrokersAvailable()
kafka.errors.NoBrokersAvailable: NoBrokersAvailable
2025-11-18 15:08:12,242 - fedguard_client - INFO - Cleaning up client...
2025-11-18 15:08:12,263 - fedguard_client - INFO - Client Client-01 shut down successfully
