2025-10-31 00:12:07,423 - __main__ - INFO - ============================================================
2025-10-31 00:12:07,423 - __main__ - INFO - FEDERATED CLIENT: Client-01
2025-10-31 00:12:07,423 - __main__ - INFO - ============================================================
2025-10-31 00:12:07,425 - __main__ - INFO - Loading model from C:\Users\Nandini Devi\FedGuard-Project\results\models\ucsd_baseline.h5...
2025-10-31 00:12:07,982 - __main__ - INFO - [OK] Model loaded successfully
2025-10-31 00:12:07,983 - __main__ - INFO - Connecting to Kafka at localhost:9092...
2025-10-31 00:12:08,053 - kafka.conn - INFO - <BrokerConnection node_id=bootstrap-0 host=localhost:9092 <connecting> [IPv6 ('::1', 9092, 0, 0)]>: connecting to localhost:9092 [('::1', 9092, 0, 0) IPv6]
2025-10-31 00:12:08,055 - kafka.conn - INFO - Probing node bootstrap-0 broker version
2025-10-31 00:12:08,057 - kafka.conn - INFO - <BrokerConnection node_id=bootstrap-0 host=localhost:9092 <connecting> [IPv6 ('::1', 9092, 0, 0)]>: Connection complete.
2025-10-31 00:12:08,170 - kafka.conn - INFO - Broker version identified as 2.5.0
2025-10-31 00:12:08,172 - kafka.conn - INFO - Set configuration api_version=(2, 5, 0) to skip auto check_version requests on startup
2025-10-31 00:12:08,173 - __main__ - INFO - [OK] Kafka connection established
2025-10-31 00:12:08,173 - __main__ - INFO - Loading frames from: C:\Users\Nandini Devi\Downloads\uropds\UCSD_Anomaly_Dataset.v1p2\UCSDped1\Train\Train001
2025-10-31 00:12:08,174 - __main__ - INFO - [OK] Found 200 frames
2025-10-31 00:12:08,175 - __main__ - INFO - Batch size: 100 frames
2025-10-31 00:12:08,175 - __main__ - INFO - 
============================================================
2025-10-31 00:12:08,175 - __main__ - INFO - CLIENT RUNNING - Processing frames in loop
2025-10-31 00:12:08,175 - __main__ - INFO - ============================================================

2025-10-31 00:12:09,700 - __main__ - INFO - 
[Update #1] Collected 100 frames
2025-10-31 00:12:09,708 - __main__ - INFO - Performing local training...
2025-10-31 00:13:33,396 - __main__ - INFO - [OK] Training complete - Loss: 0.019298, Time: 83.69s
2025-10-31 00:13:33,772 - __main__ - INFO - Sending update to Kafka topic: 'model-updates'...
2025-10-31 00:13:36,169 - kafka.conn - INFO - <BrokerConnection node_id=1 host=localhost:9092 <connecting> [IPv6 ('::1', 9092, 0, 0)]>: connecting to localhost:9092 [('::1', 9092, 0, 0) IPv6]
2025-10-31 00:13:36,171 - __main__ - INFO - [OK] Update sent successfully (Send time: 2.40s)
2025-10-31 00:13:36,171 - __main__ - INFO - Total updates sent: 1
2025-10-31 00:13:36,172 - __main__ - INFO - Avg training time: 83.69s
2025-10-31 00:13:36,173 - kafka.conn - INFO - <BrokerConnection node_id=1 host=localhost:9092 <connecting> [IPv6 ('::1', 9092, 0, 0)]>: Connection complete.
2025-10-31 00:13:36,182 - kafka.conn - INFO - <BrokerConnection node_id=bootstrap-0 host=localhost:9092 <connected> [IPv6 ('::1', 9092, 0, 0)]>: Closing connection. 
2025-10-31 00:13:37,783 - __main__ - INFO - 
[Update #2] Collected 100 frames
2025-10-31 00:13:37,799 - __main__ - INFO - Performing local training...
2025-10-31 00:14:45,393 - __main__ - INFO - [OK] Training complete - Loss: 0.010628, Time: 67.59s
2025-10-31 00:14:45,539 - __main__ - INFO - Sending update to Kafka topic: 'model-updates'...
2025-10-31 00:14:48,111 - __main__ - INFO - [OK] Update sent successfully (Send time: 2.57s)
2025-10-31 00:14:48,111 - __main__ - INFO - Total updates sent: 2
2025-10-31 00:14:48,113 - __main__ - INFO - Avg training time: 75.64s
2025-10-31 00:14:49,581 - __main__ - INFO - 
[Update #3] Collected 100 frames
2025-10-31 00:14:49,596 - __main__ - INFO - Performing local training...
2025-10-31 00:16:18,868 - __main__ - INFO - [OK] Training complete - Loss: 0.007226, Time: 89.27s
2025-10-31 00:16:19,045 - __main__ - INFO - Sending update to Kafka topic: 'model-updates'...
2025-10-31 00:16:21,712 - __main__ - INFO - [OK] Update sent successfully (Send time: 2.67s)
2025-10-31 00:16:21,713 - __main__ - INFO - Total updates sent: 3
2025-10-31 00:16:21,714 - __main__ - INFO - Avg training time: 80.18s
2025-10-31 00:16:23,341 - __main__ - INFO - 
[Update #4] Collected 100 frames
2025-10-31 00:16:23,362 - __main__ - INFO - Performing local training...
