2025-12-01 11:53:23,206 - fedguard_client - INFO - ============================================================
2025-12-01 11:53:23,206 - fedguard_client - INFO - FEDERATED CLIENT: Client-03
2025-12-01 11:53:23,207 - fedguard_client - INFO - ============================================================
2025-12-01 11:53:23,207 - fedguard_client - INFO - Loading model from C:\Users\Nandini Devi\FedGuard-Project\results\models\ucsd_baseline.h5...
2025-12-01 11:53:31,629 - fedguard_client - INFO - [OK] Model loaded successfully
2025-12-01 11:53:31,630 - fedguard_client - INFO - Connecting to Kafka at localhost:9092 (topic: model-updates)...
2025-12-01 11:53:31,653 - kafka.conn - INFO - <BrokerConnection node_id=bootstrap-0 host=localhost:9092 <connecting> [IPv6 ('::1', 9092, 0, 0)]>: connecting to localhost:9092 [('::1', 9092, 0, 0) IPv6]
2025-12-01 11:53:31,656 - kafka.conn - INFO - Probing node bootstrap-0 broker version
2025-12-01 11:53:31,658 - kafka.conn - INFO - <BrokerConnection node_id=bootstrap-0 host=localhost:9092 <connecting> [IPv6 ('::1', 9092, 0, 0)]>: Connection complete.
2025-12-01 11:53:31,767 - kafka.conn - INFO - Broker version identified as 2.5.0
2025-12-01 11:53:31,768 - kafka.conn - INFO - Set configuration api_version=(2, 5, 0) to skip auto check_version requests on startup
2025-12-01 11:53:31,770 - fedguard_client - INFO - [OK] Kafka producer initialized
2025-12-01 11:53:31,771 - fedguard_client - INFO - Loading frames from: C:\Users\Nandini Devi\Downloads\uropds\UCSD_Anomaly_Dataset.v1p2\UCSDped1\Train\Train003
2025-12-01 11:53:31,772 - fedguard_client - INFO - [OK] Found 200 frames
2025-12-01 11:53:31,773 - fedguard_client - INFO - Frames per update: 16, Train batch size: 4, Image size: 128
2025-12-01 11:53:32,453 - fedguard_client - INFO - 
[Update #1] Collected 16 frames
2025-12-01 11:53:32,454 - fedguard_client - INFO - Performing local training...
2025-12-01 11:53:38,944 - fedguard_client - INFO - [OK] Training complete - Loss: 0.017439, Time: 6.49s
2025-12-01 11:53:39,662 - fedguard_client - INFO - Sending update to Kafka topic: 'model-updates' (payload size: 6505406 bytes, status: trained)...
2025-12-01 11:53:39,668 - kafka.conn - INFO - <BrokerConnection node_id=1 host=localhost:9092 <connecting> [IPv6 ('::1', 9092, 0, 0)]>: connecting to localhost:9092 [('::1', 9092, 0, 0) IPv6]
2025-12-01 11:53:39,669 - kafka.conn - INFO - <BrokerConnection node_id=1 host=localhost:9092 <connecting> [IPv6 ('::1', 9092, 0, 0)]>: Connection complete.
2025-12-01 11:53:39,670 - kafka.conn - INFO - <BrokerConnection node_id=bootstrap-0 host=localhost:9092 <connected> [IPv6 ('::1', 9092, 0, 0)]>: Closing connection. 
2025-12-01 11:53:41,231 - fedguard_client - INFO - [OK] Update sent successfully (Send time: 1.57s)
2025-12-01 11:53:41,232 - fedguard_client - INFO - Total updates sent: 1
2025-12-01 11:53:41,232 - fedguard_client - INFO - Avg training time: 6.49s
2025-12-01 11:53:41,734 - fedguard_client - INFO - 
[Update #2] Collected 16 frames
2025-12-01 11:53:41,735 - fedguard_client - INFO - Performing local training...
2025-12-01 11:53:44,002 - fedguard_client - INFO - [OK] Training complete - Loss: 0.011346, Time: 2.27s
2025-12-01 11:53:45,103 - fedguard_client - INFO - Sending update to Kafka topic: 'model-updates' (payload size: 6505525 bytes, status: trained)...
2025-12-01 11:53:47,385 - fedguard_client - INFO - [OK] Update sent successfully (Send time: 2.28s)
2025-12-01 11:53:47,385 - fedguard_client - INFO - Total updates sent: 2
2025-12-01 11:53:47,386 - fedguard_client - INFO - Avg training time: 4.38s
2025-12-01 11:53:47,863 - fedguard_client - INFO - 
[Update #3] Collected 16 frames
2025-12-01 11:53:47,864 - fedguard_client - INFO - Performing local training...
2025-12-01 11:53:50,118 - fedguard_client - INFO - [OK] Training complete - Loss: 0.009534, Time: 2.25s
2025-12-01 11:53:51,175 - fedguard_client - INFO - Sending update to Kafka topic: 'model-updates' (payload size: 6505700 bytes, status: trained)...
2025-12-01 11:53:52,966 - fedguard_client - INFO - [OK] Update sent successfully (Send time: 1.79s)
2025-12-01 11:53:52,967 - fedguard_client - INFO - Total updates sent: 3
2025-12-01 11:53:52,967 - fedguard_client - INFO - Avg training time: 3.67s
2025-12-01 11:53:53,450 - fedguard_client - INFO - 
[Update #4] Collected 16 frames
2025-12-01 11:53:53,451 - fedguard_client - INFO - Performing local training...
2025-12-01 11:53:55,692 - fedguard_client - INFO - [OK] Training complete - Loss: 0.007320, Time: 2.24s
2025-12-01 11:53:57,463 - fedguard_client - INFO - Sending update to Kafka topic: 'model-updates' (payload size: 6505604 bytes, status: trained)...
2025-12-01 11:53:59,132 - fedguard_client - INFO - [OK] Update sent successfully (Send time: 1.67s)
2025-12-01 11:53:59,132 - fedguard_client - INFO - Total updates sent: 4
2025-12-01 11:53:59,133 - fedguard_client - INFO - Avg training time: 3.31s
2025-12-01 11:53:59,631 - fedguard_client - INFO - 
[Update #5] Collected 16 frames
2025-12-01 11:53:59,633 - fedguard_client - INFO - Performing local training...
2025-12-01 11:54:02,029 - fedguard_client - INFO - [OK] Training complete - Loss: 0.006817, Time: 2.40s
2025-12-01 11:54:03,787 - fedguard_client - INFO - Sending update to Kafka topic: 'model-updates' (payload size: 6505222 bytes, status: trained)...
2025-12-01 11:54:05,461 - fedguard_client - INFO - [OK] Update sent successfully (Send time: 1.67s)
2025-12-01 11:54:05,462 - fedguard_client - INFO - Total updates sent: 5
2025-12-01 11:54:05,462 - fedguard_client - INFO - Avg training time: 3.13s
2025-12-01 11:54:05,942 - fedguard_client - INFO - 
[Update #6] Collected 16 frames
2025-12-01 11:54:05,943 - fedguard_client - INFO - Performing local training...
2025-12-01 11:54:08,584 - fedguard_client - INFO - [OK] Training complete - Loss: 0.006308, Time: 2.64s
2025-12-01 11:54:10,104 - fedguard_client - INFO - Sending update to Kafka topic: 'model-updates' (payload size: 6505604 bytes, status: trained)...
2025-12-01 11:54:12,264 - fedguard_client - INFO - [OK] Update sent successfully (Send time: 2.16s)
2025-12-01 11:54:12,264 - fedguard_client - INFO - Total updates sent: 6
2025-12-01 11:54:12,265 - fedguard_client - INFO - Avg training time: 3.05s
2025-12-01 11:54:12,739 - fedguard_client - INFO - 
[Update #7] Collected 16 frames
2025-12-01 11:54:12,740 - fedguard_client - INFO - Performing local training...
2025-12-01 11:54:16,497 - fedguard_client - INFO - [OK] Training complete - Loss: 0.005754, Time: 3.76s
2025-12-01 11:54:17,789 - fedguard_client - INFO - Sending update to Kafka topic: 'model-updates' (payload size: 6505701 bytes, status: trained)...
2025-12-01 11:54:20,325 - fedguard_client - INFO - [OK] Update sent successfully (Send time: 2.53s)
2025-12-01 11:54:20,326 - fedguard_client - INFO - Total updates sent: 7
2025-12-01 11:54:20,326 - fedguard_client - INFO - Avg training time: 3.15s
2025-12-01 11:54:20,853 - fedguard_client - INFO - 
[Update #8] Collected 16 frames
2025-12-01 11:54:20,854 - fedguard_client - INFO - Performing local training...
2025-12-01 11:54:24,640 - fedguard_client - INFO - [OK] Training complete - Loss: 0.004924, Time: 3.79s
2025-12-01 11:54:25,816 - fedguard_client - INFO - Sending update to Kafka topic: 'model-updates' (payload size: 6505717 bytes, status: trained)...
2025-12-01 11:54:28,195 - fedguard_client - INFO - [OK] Update sent successfully (Send time: 2.38s)
2025-12-01 11:54:28,195 - fedguard_client - INFO - Total updates sent: 8
2025-12-01 11:54:28,196 - fedguard_client - INFO - Avg training time: 3.23s
2025-12-01 11:54:28,716 - fedguard_client - INFO - 
[Update #9] Collected 16 frames
2025-12-01 11:54:28,721 - fedguard_client - INFO - Performing local training...
2025-12-01 11:54:32,947 - fedguard_client - INFO - [OK] Training complete - Loss: 0.004763, Time: 4.22s
2025-12-01 11:54:34,242 - fedguard_client - INFO - Sending update to Kafka topic: 'model-updates' (payload size: 6505480 bytes, status: trained)...
2025-12-01 11:54:37,093 - fedguard_client - INFO - [OK] Update sent successfully (Send time: 2.85s)
2025-12-01 11:54:37,094 - fedguard_client - INFO - Total updates sent: 9
2025-12-01 11:54:37,094 - fedguard_client - INFO - Avg training time: 3.34s
2025-12-01 11:54:37,633 - fedguard_client - INFO - 
[Update #10] Collected 16 frames
2025-12-01 11:54:37,636 - fedguard_client - INFO - Performing local training...
2025-12-01 11:54:41,858 - fedguard_client - INFO - [OK] Training complete - Loss: 0.004460, Time: 4.22s
2025-12-01 11:54:43,163 - fedguard_client - INFO - Sending update to Kafka topic: 'model-updates' (payload size: 6505510 bytes, status: trained)...
2025-12-01 11:54:47,468 - fedguard_client - INFO - [OK] Update sent successfully (Send time: 4.30s)
2025-12-01 11:54:47,469 - fedguard_client - INFO - Total updates sent: 10
2025-12-01 11:54:47,470 - fedguard_client - INFO - Avg training time: 3.43s
2025-12-01 11:54:47,963 - fedguard_client - INFO - 
[Update #11] Collected 16 frames
2025-12-01 11:54:47,965 - fedguard_client - INFO - Performing local training...
2025-12-01 11:54:51,976 - fedguard_client - INFO - [OK] Training complete - Loss: 0.004161, Time: 4.01s
2025-12-01 11:54:53,177 - fedguard_client - INFO - Sending update to Kafka topic: 'model-updates' (payload size: 6505767 bytes, status: trained)...
2025-12-01 11:54:56,424 - fedguard_client - INFO - [OK] Update sent successfully (Send time: 3.25s)
2025-12-01 11:54:56,424 - fedguard_client - INFO - Total updates sent: 11
2025-12-01 11:54:56,425 - fedguard_client - INFO - Avg training time: 3.48s
2025-12-01 11:54:56,891 - fedguard_client - INFO - 
[Update #12] Collected 16 frames
2025-12-01 11:54:56,892 - fedguard_client - INFO - Performing local training...
2025-12-01 11:55:00,823 - fedguard_client - INFO - [OK] Training complete - Loss: 0.003698, Time: 3.93s
2025-12-01 11:55:02,135 - fedguard_client - INFO - Sending update to Kafka topic: 'model-updates' (payload size: 6505777 bytes, status: trained)...
2025-12-01 11:55:06,250 - fedguard_client - INFO - [OK] Update sent successfully (Send time: 4.11s)
2025-12-01 11:55:06,251 - fedguard_client - INFO - Total updates sent: 12
2025-12-01 11:55:06,252 - fedguard_client - INFO - Avg training time: 3.52s
2025-12-01 11:55:06,628 - fedguard_client - INFO - 
[Update #13] Collected 16 frames
2025-12-01 11:55:06,630 - fedguard_client - INFO - Performing local training...
2025-12-01 11:55:10,582 - fedguard_client - INFO - [OK] Training complete - Loss: 0.004475, Time: 3.95s
2025-12-01 11:55:11,877 - fedguard_client - INFO - Sending update to Kafka topic: 'model-updates' (payload size: 6505628 bytes, status: trained)...
2025-12-01 11:55:14,157 - fedguard_client - INFO - [OK] Update sent successfully (Send time: 2.28s)
2025-12-01 11:55:14,157 - fedguard_client - INFO - Total updates sent: 13
2025-12-01 11:55:14,158 - fedguard_client - INFO - Avg training time: 3.55s
2025-12-01 11:55:14,397 - fedguard_client - INFO - 
[Update #14] Collected 16 frames
2025-12-01 11:55:14,399 - fedguard_client - INFO - Performing local training...
2025-12-01 11:55:17,537 - fedguard_client - INFO - Keyboard interrupt - shutting down client
2025-12-01 11:55:17,538 - fedguard_client - INFO - Cleaning up client...
2025-12-01 11:55:17,608 - kafka.producer.kafka - INFO - Closing the Kafka producer with 4294967.0 secs timeout.
2025-12-01 11:55:17,614 - kafka.conn - INFO - <BrokerConnection node_id=1 host=localhost:9092 <connected> [IPv6 ('::1', 9092, 0, 0)]>: Closing connection. 
2025-12-01 11:55:17,616 - fedguard_client - INFO - Client Client-03 shut down successfully
