2025-12-01 13:34:07,755 - __main__ - INFO - ============================================================
2025-12-01 13:34:07,758 - __main__ - INFO - FEDGUARD BASELINE MODEL TRAINING
2025-12-01 13:34:07,758 - __main__ - INFO - ============================================================
2025-12-01 13:34:07,759 - __main__ - INFO - Dataset: ped1
2025-12-01 13:34:07,759 - __main__ - INFO - Training data: C:\Users\Nandini Devi\Downloads\uropds\UCSD_Anomaly_Dataset.v1p2\UCSDped1\Train
2025-12-01 13:34:07,759 - __main__ - INFO - Image size: 128x128
2025-12-01 13:34:07,759 - __main__ - INFO - Epochs: 1
2025-12-01 13:34:07,759 - __main__ - INFO - Batch size: 4
2025-12-01 13:34:07,759 - __main__ - INFO - 
Creating data generators...
2025-12-01 13:34:07,918 - utils.data_loader - INFO - Found 6800 frames in C:\Users\Nandini Devi\Downloads\uropds\UCSD_Anomaly_Dataset.v1p2\UCSDped1\Train
2025-12-01 13:34:07,929 - __main__ - INFO - Training samples (approx): 6800
2025-12-01 13:34:07,929 - __main__ - INFO - Validation samples (approx): 1200
2025-12-01 13:34:07,930 - __main__ - INFO - 
Creating autoencoder model...
2025-12-01 13:46:32,029 - __main__ - INFO - 
TRAINING COMPLETE
2025-12-01 13:46:32,030 - __main__ - INFO - Training time: 743.81 seconds
2025-12-01 13:46:32,030 - __main__ - INFO - Final training loss: 0.003803
2025-12-01 13:46:32,031 - __main__ - INFO - Final validation loss: 0.001340
2025-12-01 13:46:32,031 - __main__ - INFO - Best validation loss: 0.001340
2025-12-01 13:46:32,031 - __main__ - INFO - Model saved to: C:\Users\Nandini Devi\FedGuard-Project\results\models\ucsd_baseline.h5
2025-12-01 13:46:32,032 - __main__ - INFO - History saved to: C:\Users\Nandini Devi\FedGuard-Project\results\metrics\training_history.json
